{"C:\\Users\\cristian\\Desktop\\RuteAI\\apps\\web\\app\\admin\\actions.ts": {"path":"C:\\Users\\cristian\\Desktop\\RuteAI\\apps\\web\\app\\admin\\actions.ts","statementMap":{"0":{"start":{"line":6,"column":0},"end":{"line":6,"column":7}},"1":{"start":{"line":17,"column":0},"end":{"line":17,"column":7}},"2":{"start":{"line":30,"column":0},"end":{"line":30,"column":7}},"3":{"start":{"line":38,"column":0},"end":{"line":38,"column":7}},"4":{"start":{"line":43,"column":0},"end":{"line":43,"column":7}},"5":{"start":{"line":51,"column":0},"end":{"line":51,"column":7}},"6":{"start":{"line":3,"column":0},"end":{"line":3,"column":38}},"7":{"start":{"line":4,"column":0},"end":{"line":4,"column":44}},"8":{"start":{"line":7,"column":17},"end":{"line":7,"column":49}},"9":{"start":{"line":8,"column":17},"end":{"line":8,"column":49}},"10":{"start":{"line":9,"column":17},"end":{"line":9,"column":49}},"11":{"start":{"line":10,"column":2},"end":{"line":10,"column":74}},"12":{"start":{"line":10,"column":25},"end":{"line":10,"column":74}},"13":{"start":{"line":11,"column":2},"end":{"line":13,"column":5}},"14":{"start":{"line":14,"column":2},"end":{"line":14,"column":27}},"15":{"start":{"line":18,"column":17},"end":{"line":18,"column":49}},"16":{"start":{"line":19,"column":17},"end":{"line":19,"column":49}},"17":{"start":{"line":20,"column":17},"end":{"line":20,"column":49}},"18":{"start":{"line":21,"column":17},"end":{"line":21,"column":49}},"19":{"start":{"line":22,"column":2},"end":{"line":22,"column":43}},"20":{"start":{"line":22,"column":11},"end":{"line":22,"column":43}},"21":{"start":{"line":23,"column":2},"end":{"line":26,"column":5}},"22":{"start":{"line":27,"column":2},"end":{"line":27,"column":27}},"23":{"start":{"line":31,"column":2},"end":{"line":34,"column":5}},"24":{"start":{"line":35,"column":2},"end":{"line":35,"column":27}},"25":{"start":{"line":39,"column":2},"end":{"line":39,"column":49}},"26":{"start":{"line":40,"column":2},"end":{"line":40,"column":27}},"27":{"start":{"line":44,"column":2},"end":{"line":47,"column":5}},"28":{"start":{"line":48,"column":2},"end":{"line":48,"column":36}},"29":{"start":{"line":52,"column":2},"end":{"line":52,"column":49}},"30":{"start":{"line":53,"column":2},"end":{"line":53,"column":36}}},"fnMap":{"0":{"name":"crearEmpresa","decl":{"start":{"line":6,"column":22},"end":{"line":6,"column":34}},"loc":{"start":{"line":6,"column":53},"end":{"line":15,"column":1}}},"1":{"name":"editarEmpresa","decl":{"start":{"line":17,"column":22},"end":{"line":17,"column":35}},"loc":{"start":{"line":17,"column":54},"end":{"line":28,"column":1}}},"2":{"name":"toggleEmpresaEstado","decl":{"start":{"line":30,"column":22},"end":{"line":30,"column":41}},"loc":{"start":{"line":30,"column":69},"end":{"line":36,"column":1}}},"3":{"name":"eliminarEmpresa","decl":{"start":{"line":38,"column":22},"end":{"line":38,"column":37}},"loc":{"start":{"line":38,"column":48},"end":{"line":41,"column":1}}},"4":{"name":"cambiarRolUsuario","decl":{"start":{"line":43,"column":22},"end":{"line":43,"column":39}},"loc":{"start":{"line":43,"column":68},"end":{"line":49,"column":1}}},"5":{"name":"eliminarUsuario","decl":{"start":{"line":51,"column":22},"end":{"line":51,"column":37}},"loc":{"start":{"line":51,"column":48},"end":{"line":54,"column":1}}}},"branchMap":{"0":{"loc":{"start":{"line":10,"column":2},"end":{"line":10,"column":74}},"type":"if","locations":[{"start":{"line":10,"column":2},"end":{"line":10,"column":74}}]},"1":{"loc":{"start":{"line":10,"column":6},"end":{"line":10,"column":23}},"type":"binary-expr","locations":[{"start":{"line":10,"column":6},"end":{"line":10,"column":13}},{"start":{"line":10,"column":17},"end":{"line":10,"column":23}}]},"2":{"loc":{"start":{"line":12,"column":33},"end":{"line":12,"column":50}},"type":"binary-expr","locations":[{"start":{"line":12,"column":33},"end":{"line":12,"column":37}},{"start":{"line":12,"column":41},"end":{"line":12,"column":50}}]},"3":{"loc":{"start":{"line":22,"column":2},"end":{"line":22,"column":43}},"type":"if","locations":[{"start":{"line":22,"column":2},"end":{"line":22,"column":43}}]}},"s":{"0":0,"1":0,"2":0,"3":0,"4":0,"5":0,"6":0,"7":0,"8":0,"9":0,"10":0,"11":0,"12":0,"13":0,"14":0,"15":0,"16":0,"17":0,"18":0,"19":0,"20":0,"21":0,"22":0,"23":0,"24":0,"25":0,"26":0,"27":0,"28":0,"29":0,"30":0},"f":{"0":0,"1":0,"2":0,"3":0,"4":0,"5":0},"b":{"0":[0],"1":[0,0],"2":[0,0],"3":[0]}}
,"C:\\Users\\cristian\\Desktop\\RuteAI\\apps\\web\\app\\admin\\components\\AdminSidebar.tsx": {"path":"C:\\Users\\cristian\\Desktop\\RuteAI\\apps\\web\\app\\admin\\components\\AdminSidebar.tsx","statementMap":{"0":{"start":{"line":9,"column":0},"end":{"line":9,"column":16}},"1":{"start":{"line":3,"column":0},"end":{"line":3,"column":29}},"2":{"start":{"line":4,"column":0},"end":{"line":4,"column":46}},"3":{"start":{"line":5,"column":0},"end":{"line":5,"column":85}},"4":{"start":{"line":6,"column":0},"end":{"line":6,"column":52}},"5":{"start":{"line":7,"column":0},"end":{"line":7,"column":44}},"6":{"start":{"line":10,"column":19},"end":{"line":10,"column":32}},"7":{"start":{"line":11,"column":17},"end":{"line":11,"column":28}},"8":{"start":{"line":13,"column":20},"end":{"line":18,"column":4}},"9":{"start":{"line":21,"column":21},"end":{"line":21,"column":35}},"10":{"start":{"line":22,"column":4},"end":{"line":22,"column":34}},"11":{"start":{"line":23,"column":4},"end":{"line":23,"column":26}},"12":{"start":{"line":26,"column":2},"end":{"line":79,"column":4}},"13":{"start":{"line":44,"column":27},"end":{"line":44,"column":95}},"14":{"start":{"line":45,"column":23},"end":{"line":45,"column":32}},"15":{"start":{"line":46,"column":10},"end":{"line":59,"column":12}}},"fnMap":{"0":{"name":"AdminSidebar","decl":{"start":{"line":9,"column":16},"end":{"line":9,"column":28}},"loc":{"start":{"line":9,"column":65},"end":{"line":80,"column":1}}},"1":{"name":"handleLogout","decl":{"start":{"line":20,"column":17},"end":{"line":20,"column":29}},"loc":{"start":{"line":20,"column":29},"end":{"line":24,"column":3}}},"2":{"name":"(anonymous_3)","decl":{"start":{"line":43,"column":23},"end":{"line":43,"column":24}},"loc":{"start":{"line":43,"column":32},"end":{"line":60,"column":9}}}},"branchMap":{"0":{"loc":{"start":{"line":44,"column":27},"end":{"line":44,"column":95}},"type":"cond-expr","locations":[{"start":{"line":44,"column":40},"end":{"line":44,"column":62}},{"start":{"line":44,"column":65},"end":{"line":44,"column":95}}]},"1":{"loc":{"start":{"line":51,"column":16},"end":{"line":53,"column":null}},"type":"cond-expr","locations":[{"start":{"line":52,"column":20},"end":{"line":52,"column":106}},{"start":{"line":53,"column":20},"end":{"line":53,"column":null}}]},"2":{"loc":{"start":{"line":56,"column":85},"end":{"line":56,"column":118}},"type":"cond-expr","locations":[{"start":{"line":56,"column":96},"end":{"line":56,"column":113}},{"start":{"line":56,"column":116},"end":{"line":56,"column":118}}]}},"s":{"0":0,"1":0,"2":0,"3":0,"4":0,"5":0,"6":0,"7":0,"8":0,"9":0,"10":0,"11":0,"12":0,"13":0,"14":0,"15":0},"f":{"0":0,"1":0,"2":0},"b":{"0":[0,0],"1":[0,0],"2":[0,0]}}
,"C:\\Users\\cristian\\Desktop\\RuteAI\\apps\\web\\app\\admin\\components\\AdminTopbar.tsx": {"path":"C:\\Users\\cristian\\Desktop\\RuteAI\\apps\\web\\app\\admin\\components\\AdminTopbar.tsx","statementMap":{"0":{"start":{"line":14,"column":0},"end":{"line":14,"column":16}},"1":{"start":{"line":3,"column":0},"end":{"line":3,"column":46}},"2":{"start":{"line":4,"column":0},"end":{"line":4,"column":29}},"3":{"start":{"line":5,"column":0},"end":{"line":5,"column":44}},"4":{"start":{"line":7,"column":45},"end":{"line":12,"column":2}},"5":{"start":{"line":15,"column":19},"end":{"line":15,"column":32}},"6":{"start":{"line":16,"column":16},"end":{"line":16,"column":49}},"7":{"start":{"line":18,"column":2},"end":{"line":39,"column":4}}},"fnMap":{"0":{"name":"AdminTopbar","decl":{"start":{"line":14,"column":16},"end":{"line":14,"column":27}},"loc":{"start":{"line":14,"column":27},"end":{"line":40,"column":1}}}},"branchMap":{"0":{"loc":{"start":{"line":16,"column":16},"end":{"line":16,"column":49}},"type":"cond-expr","locations":[{"start":{"line":16,"column":38},"end":{"line":16,"column":42}},{"start":{"line":16,"column":42},"end":{"line":16,"column":49}}]},"1":{"loc":{"start":{"line":16,"column":16},"end":{"line":16,"column":42}},"type":"binary-expr","locations":[{"start":{"line":16,"column":16},"end":{"line":16,"column":42}},{"start":{"line":16,"column":38},"end":{"line":16,"column":42}}]},"2":{"loc":{"start":{"line":25,"column":9},"end":{"line":29,"column":null}},"type":"binary-expr","locations":[{"start":{"line":25,"column":9},"end":{"line":25,"column":30}},{"start":{"line":26,"column":10},"end":{"line":28,"column":null}}]}},"s":{"0":0,"1":0,"2":0,"3":0,"4":0,"5":0,"6":0,"7":0},"f":{"0":0},"b":{"0":[0,0],"1":[0,0],"2":[0,0]}}
,"C:\\Users\\cristian\\Desktop\\RuteAI\\apps\\web\\app\\admin\\components\\CambiarRolButton.tsx": {"path":"C:\\Users\\cristian\\Desktop\\RuteAI\\apps\\web\\app\\admin\\components\\CambiarRolButton.tsx","statementMap":{"0":{"start":{"line":16,"column":0},"end":{"line":16,"column":16}},"1":{"start":{"line":3,"column":0},"end":{"line":3,"column":47}},"2":{"start":{"line":4,"column":0},"end":{"line":4,"column":41}},"3":{"start":{"line":5,"column":0},"end":{"line":5,"column":33}},"4":{"start":{"line":6,"column":0},"end":{"line":6,"column":31}},"5":{"start":{"line":8,"column":14},"end":{"line":8,"column":50}},"6":{"start":{"line":11,"column":40},"end":{"line":14,"column":2}},"7":{"start":{"line":17,"column":26},"end":{"line":17,"column":41}},"8":{"start":{"line":18,"column":32},"end":{"line":18,"column":47}},"9":{"start":{"line":21,"column":4},"end":{"line":21,"column":59}},"10":{"start":{"line":21,"column":34},"end":{"line":21,"column":49}},"11":{"start":{"line":21,"column":50},"end":{"line":21,"column":57}},"12":{"start":{"line":22,"column":4},"end":{"line":22,"column":21}},"13":{"start":{"line":23,"column":20},"end":{"line":23,"column":66}},"14":{"start":{"line":24,"column":4},"end":{"line":32,"column":5}},"15":{"start":{"line":25,"column":6},"end":{"line":25,"column":44}},"16":{"start":{"line":26,"column":6},"end":{"line":26,"column":83}},"17":{"start":{"line":27,"column":6},"end":{"line":27,"column":21}},"18":{"start":{"line":29,"column":6},"end":{"line":29,"column":62}},"19":{"start":{"line":31,"column":6},"end":{"line":31,"column":24}},"20":{"start":{"line":35,"column":2},"end":{"line":75,"column":4}},"21":{"start":{"line":38,"column":23},"end":{"line":38,"column":37}},"22":{"start":{"line":49,"column":61},"end":{"line":49,"column":75}},"23":{"start":{"line":57,"column":14},"end":{"line":58,"column":null}},"24":{"start":{"line":59,"column":31},"end":{"line":59,"column":49}}},"fnMap":{"0":{"name":"CambiarRolButton","decl":{"start":{"line":16,"column":16},"end":{"line":16,"column":32}},"loc":{"start":{"line":16,"column":109},"end":{"line":76,"column":1}}},"1":{"name":"handleCambiar","decl":{"start":{"line":20,"column":17},"end":{"line":20,"column":30}},"loc":{"start":{"line":20,"column":44},"end":{"line":33,"column":3}}},"2":{"name":"(anonymous_2)","decl":{"start":{"line":38,"column":17},"end":{"line":38,"column":20}},"loc":{"start":{"line":38,"column":23},"end":{"line":38,"column":37}}},"3":{"name":"(anonymous_3)","decl":{"start":{"line":49,"column":55},"end":{"line":49,"column":58}},"loc":{"start":{"line":49,"column":61},"end":{"line":49,"column":75}}},"4":{"name":"(anonymous_4)","decl":{"start":{"line":56,"column":23},"end":{"line":56,"column":24}},"loc":{"start":{"line":57,"column":14},"end":{"line":58,"column":null}}},"5":{"name":"(anonymous_5)","decl":{"start":{"line":59,"column":25},"end":{"line":59,"column":28}},"loc":{"start":{"line":59,"column":31},"end":{"line":59,"column":49}}}},"branchMap":{"0":{"loc":{"start":{"line":21,"column":4},"end":{"line":21,"column":59}},"type":"if","locations":[{"start":{"line":21,"column":4},"end":{"line":21,"column":59}}]},"1":{"loc":{"start":{"line":43,"column":45},"end":{"line":43,"column":74}},"type":"cond-expr","locations":[{"start":{"line":43,"column":55},"end":{"line":43,"column":69}},{"start":{"line":43,"column":72},"end":{"line":43,"column":74}}]},"2":{"loc":{"start":{"line":46,"column":7},"end":{"line":72,"column":null}},"type":"binary-expr","locations":[{"start":{"line":46,"column":7},"end":{"line":46,"column":11}},{"start":{"line":47,"column":8},"end":{"line":71,"column":null}}]},"3":{"loc":{"start":{"line":61,"column":18},"end":{"line":63,"column":null}},"type":"cond-expr","locations":[{"start":{"line":62,"column":22},"end":{"line":62,"column":70}},{"start":{"line":63,"column":22},"end":{"line":63,"column":null}}]},"4":{"loc":{"start":{"line":66,"column":61},"end":{"line":66,"column":113}},"type":"cond-expr","locations":[{"start":{"line":66,"column":83},"end":{"line":66,"column":96}},{"start":{"line":66,"column":99},"end":{"line":66,"column":113}}]},"5":{"loc":{"start":{"line":68,"column":17},"end":{"line":68,"column":105}},"type":"binary-expr","locations":[{"start":{"line":68,"column":17},"end":{"line":68,"column":34}},{"start":{"line":68,"column":38},"end":{"line":68,"column":105}}]}},"s":{"0":0,"1":0,"2":0,"3":0,"4":0,"5":0,"6":0,"7":0,"8":0,"9":0,"10":0,"11":0,"12":0,"13":0,"14":0,"15":0,"16":0,"17":0,"18":0,"19":0,"20":0,"21":0,"22":0,"23":0,"24":0},"f":{"0":0,"1":0,"2":0,"3":0,"4":0,"5":0},"b":{"0":[0],"1":[0,0],"2":[0,0],"3":[0,0],"4":[0,0],"5":[0,0]}}
,"C:\\Users\\cristian\\Desktop\\RuteAI\\apps\\web\\app\\admin\\components\\CrearEmpresaModal.tsx": {"path":"C:\\Users\\cristian\\Desktop\\RuteAI\\apps\\web\\app\\admin\\components\\CrearEmpresaModal.tsx","statementMap":{"0":{"start":{"line":8,"column":0},"end":{"line":8,"column":16}},"1":{"start":{"line":3,"column":0},"end":{"line":3,"column":33}},"2":{"start":{"line":4,"column":0},"end":{"line":4,"column":42}},"3":{"start":{"line":5,"column":0},"end":{"line":5,"column":62}},"4":{"start":{"line":6,"column":0},"end":{"line":6,"column":31}},"5":{"start":{"line":9,"column":26},"end":{"line":9,"column":41}},"6":{"start":{"line":10,"column":32},"end":{"line":10,"column":47}},"7":{"start":{"line":13,"column":4},"end":{"line":13,"column":21}},"8":{"start":{"line":14,"column":15},"end":{"line":14,"column":50}},"9":{"start":{"line":15,"column":4},"end":{"line":23,"column":5}},"10":{"start":{"line":16,"column":6},"end":{"line":16,"column":35}},"11":{"start":{"line":17,"column":6},"end":{"line":17,"column":59}},"12":{"start":{"line":18,"column":6},"end":{"line":18,"column":21}},"13":{"start":{"line":20,"column":6},"end":{"line":20,"column":85}},"14":{"start":{"line":22,"column":6},"end":{"line":22,"column":24}},"15":{"start":{"line":26,"column":2},"end":{"line":85,"column":4}},"16":{"start":{"line":29,"column":23},"end":{"line":29,"column":36}},"17":{"start":{"line":38,"column":35},"end":{"line":38,"column":49}}},"fnMap":{"0":{"name":"CrearEmpresaModal","decl":{"start":{"line":8,"column":16},"end":{"line":8,"column":33}},"loc":{"start":{"line":8,"column":33},"end":{"line":86,"column":1}}},"1":{"name":"handleSubmit","decl":{"start":{"line":12,"column":17},"end":{"line":12,"column":29}},"loc":{"start":{"line":12,"column":48},"end":{"line":24,"column":3}}},"2":{"name":"(anonymous_2)","decl":{"start":{"line":29,"column":17},"end":{"line":29,"column":20}},"loc":{"start":{"line":29,"column":23},"end":{"line":29,"column":36}}},"3":{"name":"(anonymous_3)","decl":{"start":{"line":38,"column":29},"end":{"line":38,"column":32}},"loc":{"start":{"line":38,"column":35},"end":{"line":38,"column":49}}}},"branchMap":{"0":{"loc":{"start":{"line":20,"column":18},"end":{"line":20,"column":75}},"type":"cond-expr","locations":[{"start":{"line":20,"column":39},"end":{"line":20,"column":48}},{"start":{"line":20,"column":51},"end":{"line":20,"column":75}}]},"1":{"loc":{"start":{"line":35,"column":7},"end":{"line":82,"column":null}},"type":"binary-expr","locations":[{"start":{"line":35,"column":7},"end":{"line":35,"column":11}},{"start":{"line":36,"column":8},"end":{"line":81,"column":null}}]},"2":{"loc":{"start":{"line":78,"column":17},"end":{"line":78,"column":139}},"type":"cond-expr","locations":[{"start":{"line":78,"column":27},"end":{"line":78,"column":121}},{"start":{"line":78,"column":124},"end":{"line":78,"column":139}}]}},"s":{"0":0,"1":0,"2":0,"3":0,"4":0,"5":0,"6":0,"7":0,"8":0,"9":0,"10":0,"11":0,"12":0,"13":0,"14":0,"15":0,"16":0,"17":0},"f":{"0":0,"1":0,"2":0,"3":0},"b":{"0":[0,0],"1":[0,0],"2":[0,0]}}
,"C:\\Users\\cristian\\Desktop\\RuteAI\\apps\\web\\app\\admin\\components\\EditarEmpresaModal.tsx": {"path":"C:\\Users\\cristian\\Desktop\\RuteAI\\apps\\web\\app\\admin\\components\\EditarEmpresaModal.tsx","statementMap":{"0":{"start":{"line":15,"column":0},"end":{"line":15,"column":16}},"1":{"start":{"line":3,"column":0},"end":{"line":3,"column":33}},"2":{"start":{"line":4,"column":0},"end":{"line":4,"column":43}},"3":{"start":{"line":5,"column":0},"end":{"line":5,"column":68}},"4":{"start":{"line":6,"column":0},"end":{"line":6,"column":31}},"5":{"start":{"line":16,"column":26},"end":{"line":16,"column":41}},"6":{"start":{"line":17,"column":32},"end":{"line":17,"column":47}},"7":{"start":{"line":20,"column":4},"end":{"line":20,"column":21}},"8":{"start":{"line":21,"column":15},"end":{"line":21,"column":52}},"9":{"start":{"line":22,"column":4},"end":{"line":30,"column":5}},"10":{"start":{"line":23,"column":6},"end":{"line":23,"column":36}},"11":{"start":{"line":24,"column":6},"end":{"line":24,"column":65}},"12":{"start":{"line":25,"column":6},"end":{"line":25,"column":21}},"13":{"start":{"line":27,"column":6},"end":{"line":27,"column":82}},"14":{"start":{"line":29,"column":6},"end":{"line":29,"column":24}},"15":{"start":{"line":33,"column":2},"end":{"line":97,"column":4}},"16":{"start":{"line":35,"column":29},"end":{"line":35,"column":42}},"17":{"start":{"line":43,"column":35},"end":{"line":43,"column":49}},"18":{"start":{"line":83,"column":53},"end":{"line":83,"column":67}}},"fnMap":{"0":{"name":"EditarEmpresaModal","decl":{"start":{"line":15,"column":16},"end":{"line":15,"column":34}},"loc":{"start":{"line":15,"column":68},"end":{"line":98,"column":1}}},"1":{"name":"handleSubmit","decl":{"start":{"line":19,"column":17},"end":{"line":19,"column":29}},"loc":{"start":{"line":19,"column":48},"end":{"line":31,"column":3}}},"2":{"name":"(anonymous_2)","decl":{"start":{"line":35,"column":23},"end":{"line":35,"column":26}},"loc":{"start":{"line":35,"column":29},"end":{"line":35,"column":42}}},"3":{"name":"(anonymous_3)","decl":{"start":{"line":43,"column":29},"end":{"line":43,"column":32}},"loc":{"start":{"line":43,"column":35},"end":{"line":43,"column":49}}},"4":{"name":"(anonymous_4)","decl":{"start":{"line":83,"column":47},"end":{"line":83,"column":50}},"loc":{"start":{"line":83,"column":53},"end":{"line":83,"column":67}}}},"branchMap":{"0":{"loc":{"start":{"line":27,"column":18},"end":{"line":27,"column":72}},"type":"cond-expr","locations":[{"start":{"line":27,"column":39},"end":{"line":27,"column":48}},{"start":{"line":27,"column":51},"end":{"line":27,"column":72}}]},"1":{"loc":{"start":{"line":40,"column":7},"end":{"line":94,"column":null}},"type":"binary-expr","locations":[{"start":{"line":40,"column":7},"end":{"line":40,"column":11}},{"start":{"line":41,"column":8},"end":{"line":93,"column":null}}]},"2":{"loc":{"start":{"line":89,"column":19},"end":{"line":89,"column":143}},"type":"cond-expr","locations":[{"start":{"line":89,"column":29},"end":{"line":89,"column":123}},{"start":{"line":89,"column":126},"end":{"line":89,"column":143}}]}},"s":{"0":0,"1":0,"2":0,"3":0,"4":0,"5":0,"6":0,"7":0,"8":0,"9":0,"10":0,"11":0,"12":0,"13":0,"14":0,"15":0,"16":0,"17":0,"18":0},"f":{"0":0,"1":0,"2":0,"3":0,"4":0},"b":{"0":[0,0],"1":[0,0],"2":[0,0]}}
,"C:\\Users\\cristian\\Desktop\\RuteAI\\apps\\web\\app\\admin\\components\\EliminarEmpresaButton.tsx": {"path":"C:\\Users\\cristian\\Desktop\\RuteAI\\apps\\web\\app\\admin\\components\\EliminarEmpresaButton.tsx","statementMap":{"0":{"start":{"line":8,"column":0},"end":{"line":8,"column":16}},"1":{"start":{"line":3,"column":0},"end":{"line":3,"column":45}},"2":{"start":{"line":4,"column":0},"end":{"line":4,"column":38}},"3":{"start":{"line":5,"column":0},"end":{"line":5,"column":33}},"4":{"start":{"line":6,"column":0},"end":{"line":6,"column":31}},"5":{"start":{"line":9,"column":32},"end":{"line":9,"column":47}},"6":{"start":{"line":10,"column":32},"end":{"line":10,"column":47}},"7":{"start":{"line":13,"column":4},"end":{"line":13,"column":21}},"8":{"start":{"line":14,"column":20},"end":{"line":14,"column":60}},"9":{"start":{"line":15,"column":4},"end":{"line":23,"column":5}},"10":{"start":{"line":16,"column":6},"end":{"line":16,"column":32}},"11":{"start":{"line":17,"column":6},"end":{"line":17,"column":76}},"12":{"start":{"line":19,"column":6},"end":{"line":19,"column":67}},"13":{"start":{"line":21,"column":6},"end":{"line":21,"column":24}},"14":{"start":{"line":22,"column":6},"end":{"line":22,"column":24}},"15":{"start":{"line":26,"column":2},"end":{"line":54,"column":3}},"16":{"start":{"line":27,"column":4},"end":{"line":53,"column":6}},"17":{"start":{"line":40,"column":35},"end":{"line":40,"column":52}},"18":{"start":{"line":56,"column":2},"end":{"line":61,"column":4}},"19":{"start":{"line":57,"column":27},"end":{"line":57,"column":43}}},"fnMap":{"0":{"name":"EliminarEmpresaButton","decl":{"start":{"line":8,"column":16},"end":{"line":8,"column":37}},"loc":{"start":{"line":8,"column":84},"end":{"line":62,"column":1}}},"1":{"name":"handleDelete","decl":{"start":{"line":12,"column":17},"end":{"line":12,"column":29}},"loc":{"start":{"line":12,"column":29},"end":{"line":24,"column":3}}},"2":{"name":"(anonymous_2)","decl":{"start":{"line":40,"column":29},"end":{"line":40,"column":32}},"loc":{"start":{"line":40,"column":35},"end":{"line":40,"column":52}}},"3":{"name":"(anonymous_3)","decl":{"start":{"line":57,"column":21},"end":{"line":57,"column":24}},"loc":{"start":{"line":57,"column":27},"end":{"line":57,"column":43}}}},"branchMap":{"0":{"loc":{"start":{"line":26,"column":2},"end":{"line":54,"column":3}},"type":"if","locations":[{"start":{"line":26,"column":2},"end":{"line":54,"column":3}}]},"1":{"loc":{"start":{"line":46,"column":15},"end":{"line":48,"column":32}},"type":"cond-expr","locations":[{"start":{"line":47,"column":18},"end":{"line":47,"column":112}},{"start":{"line":48,"column":18},"end":{"line":48,"column":32}}]}},"s":{"0":0,"1":0,"2":0,"3":0,"4":0,"5":0,"6":0,"7":0,"8":0,"9":0,"10":0,"11":0,"12":0,"13":0,"14":0,"15":0,"16":0,"17":0,"18":0,"19":0},"f":{"0":0,"1":0,"2":0,"3":0},"b":{"0":[0],"1":[0,0]}}
,"C:\\Users\\cristian\\Desktop\\RuteAI\\apps\\web\\app\\admin\\components\\EliminarUsuarioButton.tsx": {"path":"C:\\Users\\cristian\\Desktop\\RuteAI\\apps\\web\\app\\admin\\components\\EliminarUsuarioButton.tsx","statementMap":{"0":{"start":{"line":8,"column":0},"end":{"line":8,"column":16}},"1":{"start":{"line":3,"column":0},"end":{"line":3,"column":45}},"2":{"start":{"line":4,"column":0},"end":{"line":4,"column":38}},"3":{"start":{"line":5,"column":0},"end":{"line":5,"column":33}},"4":{"start":{"line":6,"column":0},"end":{"line":6,"column":31}},"5":{"start":{"line":9,"column":32},"end":{"line":9,"column":47}},"6":{"start":{"line":10,"column":32},"end":{"line":10,"column":47}},"7":{"start":{"line":13,"column":4},"end":{"line":13,"column":21}},"8":{"start":{"line":14,"column":20},"end":{"line":14,"column":62}},"9":{"start":{"line":15,"column":4},"end":{"line":23,"column":5}},"10":{"start":{"line":16,"column":6},"end":{"line":16,"column":32}},"11":{"start":{"line":17,"column":6},"end":{"line":17,"column":72}},"12":{"start":{"line":19,"column":6},"end":{"line":19,"column":67}},"13":{"start":{"line":21,"column":6},"end":{"line":21,"column":24}},"14":{"start":{"line":22,"column":6},"end":{"line":22,"column":24}},"15":{"start":{"line":26,"column":2},"end":{"line":54,"column":3}},"16":{"start":{"line":27,"column":4},"end":{"line":53,"column":6}},"17":{"start":{"line":40,"column":35},"end":{"line":40,"column":52}},"18":{"start":{"line":56,"column":2},"end":{"line":61,"column":4}},"19":{"start":{"line":57,"column":27},"end":{"line":57,"column":43}}},"fnMap":{"0":{"name":"EliminarUsuarioButton","decl":{"start":{"line":8,"column":16},"end":{"line":8,"column":37}},"loc":{"start":{"line":8,"column":84},"end":{"line":62,"column":1}}},"1":{"name":"handleDelete","decl":{"start":{"line":12,"column":17},"end":{"line":12,"column":29}},"loc":{"start":{"line":12,"column":29},"end":{"line":24,"column":3}}},"2":{"name":"(anonymous_2)","decl":{"start":{"line":40,"column":29},"end":{"line":40,"column":32}},"loc":{"start":{"line":40,"column":35},"end":{"line":40,"column":52}}},"3":{"name":"(anonymous_3)","decl":{"start":{"line":57,"column":21},"end":{"line":57,"column":24}},"loc":{"start":{"line":57,"column":27},"end":{"line":57,"column":43}}}},"branchMap":{"0":{"loc":{"start":{"line":26,"column":2},"end":{"line":54,"column":3}},"type":"if","locations":[{"start":{"line":26,"column":2},"end":{"line":54,"column":3}}]},"1":{"loc":{"start":{"line":46,"column":15},"end":{"line":48,"column":32}},"type":"cond-expr","locations":[{"start":{"line":47,"column":18},"end":{"line":47,"column":112}},{"start":{"line":48,"column":18},"end":{"line":48,"column":32}}]}},"s":{"0":0,"1":0,"2":0,"3":0,"4":0,"5":0,"6":0,"7":0,"8":0,"9":0,"10":0,"11":0,"12":0,"13":0,"14":0,"15":0,"16":0,"17":0,"18":0,"19":0},"f":{"0":0,"1":0,"2":0,"3":0},"b":{"0":[0],"1":[0,0]}}
,"C:\\Users\\cristian\\Desktop\\RuteAI\\apps\\web\\app\\admin\\components\\EmpresasTable.tsx": {"path":"C:\\Users\\cristian\\Desktop\\RuteAI\\apps\\web\\app\\admin\\components\\EmpresasTable.tsx","statementMap":{"0":{"start":{"line":24,"column":0},"end":{"line":24,"column":16}},"1":{"start":{"line":3,"column":0},"end":{"line":3,"column":42}},"2":{"start":{"line":4,"column":0},"end":{"line":4,"column":56}},"3":{"start":{"line":5,"column":0},"end":{"line":5,"column":58}},"4":{"start":{"line":6,"column":0},"end":{"line":6,"column":60}},"5":{"start":{"line":7,"column":0},"end":{"line":7,"column":64}},"6":{"start":{"line":9,"column":43},"end":{"line":13,"column":2}},"7":{"start":{"line":25,"column":28},"end":{"line":25,"column":40}},"8":{"start":{"line":26,"column":38},"end":{"line":26,"column":63}},"9":{"start":{"line":28,"column":19},"end":{"line":37,"column":35}},"10":{"start":{"line":29,"column":4},"end":{"line":36,"column":7}},"11":{"start":{"line":31,"column":8},"end":{"line":33,"column":59}},"12":{"start":{"line":34,"column":24},"end":{"line":34,"column":71}},"13":{"start":{"line":35,"column":6},"end":{"line":35,"column":37}},"14":{"start":{"line":39,"column":2},"end":{"line":145,"column":4}},"15":{"start":{"line":55,"column":31},"end":{"line":55,"column":55}},"16":{"start":{"line":64,"column":29},"end":{"line":64,"column":58}},"17":{"start":{"line":83,"column":14},"end":{"line":83,"column":26}},"18":{"start":{"line":99,"column":38},"end":{"line":140,"column":14}}},"fnMap":{"0":{"name":"EmpresasTable","decl":{"start":{"line":24,"column":16},"end":{"line":24,"column":29}},"loc":{"start":{"line":24,"column":67},"end":{"line":146,"column":1}}},"1":{"name":"(anonymous_1)","decl":{"start":{"line":28,"column":27},"end":{"line":28,"column":30}},"loc":{"start":{"line":28,"column":32},"end":{"line":37,"column":3}}},"2":{"name":"(anonymous_2)","decl":{"start":{"line":29,"column":27},"end":{"line":29,"column":28}},"loc":{"start":{"line":29,"column":33},"end":{"line":36,"column":5}}},"3":{"name":"(anonymous_3)","decl":{"start":{"line":55,"column":24},"end":{"line":55,"column":25}},"loc":{"start":{"line":55,"column":31},"end":{"line":55,"column":55}}},"4":{"name":"(anonymous_4)","decl":{"start":{"line":64,"column":22},"end":{"line":64,"column":23}},"loc":{"start":{"line":64,"column":29},"end":{"line":64,"column":58}}},"5":{"name":"(anonymous_5)","decl":{"start":{"line":82,"column":82},"end":{"line":82,"column":83}},"loc":{"start":{"line":83,"column":14},"end":{"line":83,"column":26}}},"6":{"name":"(anonymous_6)","decl":{"start":{"line":99,"column":25},"end":{"line":99,"column":26}},"loc":{"start":{"line":99,"column":37},"end":{"line":140,"column":14}}}},"branchMap":{"0":{"loc":{"start":{"line":31,"column":8},"end":{"line":33,"column":59}},"type":"binary-expr","locations":[{"start":{"line":31,"column":8},"end":{"line":31,"column":20}},{"start":{"line":32,"column":8},"end":{"line":32,"column":60}},{"start":{"line":33,"column":8},"end":{"line":33,"column":59}}]},"1":{"loc":{"start":{"line":34,"column":24},"end":{"line":34,"column":71}},"type":"binary-expr","locations":[{"start":{"line":34,"column":24},"end":{"line":34,"column":46}},{"start":{"line":34,"column":50},"end":{"line":34,"column":71}}]},"2":{"loc":{"start":{"line":35,"column":13},"end":{"line":35,"column":36}},"type":"binary-expr","locations":[{"start":{"line":35,"column":13},"end":{"line":35,"column":23}},{"start":{"line":35,"column":27},"end":{"line":35,"column":36}}]},"3":{"loc":{"start":{"line":90,"column":11},"end":{"line":140,"column":null}},"type":"cond-expr","locations":[{"start":{"line":91,"column":12},"end":{"line":96,"column":null}},{"start":{"line":99,"column":12},"end":{"line":140,"column":14}}]},"4":{"loc":{"start":{"line":93,"column":17},"end":{"line":95,"column":50}},"type":"cond-expr","locations":[{"start":{"line":94,"column":20},"end":{"line":94,"column":66}},{"start":{"line":95,"column":20},"end":{"line":95,"column":50}}]},"5":{"loc":{"start":{"line":93,"column":17},"end":{"line":93,"column":48}},"type":"binary-expr","locations":[{"start":{"line":93,"column":17},"end":{"line":93,"column":22}},{"start":{"line":93,"column":26},"end":{"line":93,"column":48}}]},"6":{"loc":{"start":{"line":94,"column":44},"end":{"line":94,"column":63}},"type":"binary-expr","locations":[{"start":{"line":94,"column":44},"end":{"line":94,"column":49}},{"start":{"line":94,"column":53},"end":{"line":94,"column":63}}]},"7":{"loc":{"start":{"line":113,"column":145},"end":{"line":113,"column":191}},"type":"cond-expr","locations":[{"start":{"line":113,"column":169},"end":{"line":113,"column":173}},{"start":{"line":113,"column":173},"end":{"line":113,"column":191}}]},"8":{"loc":{"start":{"line":113,"column":145},"end":{"line":113,"column":173}},"type":"binary-expr","locations":[{"start":{"line":113,"column":145},"end":{"line":113,"column":173}},{"start":{"line":113,"column":169},"end":{"line":113,"column":173}}]},"9":{"loc":{"start":{"line":127,"column":119},"end":{"line":127,"column":172}},"type":"cond-expr","locations":[{"start":{"line":127,"column":136},"end":{"line":127,"column":154}},{"start":{"line":127,"column":157},"end":{"line":127,"column":172}}]},"10":{"loc":{"start":{"line":128,"column":65},"end":{"line":128,"column":128}},"type":"cond-expr","locations":[{"start":{"line":128,"column":82},"end":{"line":128,"column":112}},{"start":{"line":128,"column":115},"end":{"line":128,"column":128}}]},"11":{"loc":{"start":{"line":129,"column":21},"end":{"line":129,"column":59}},"type":"cond-expr","locations":[{"start":{"line":129,"column":38},"end":{"line":129,"column":46}},{"start":{"line":129,"column":49},"end":{"line":129,"column":59}}]}},"s":{"0":0,"1":0,"2":0,"3":0,"4":0,"5":0,"6":0,"7":0,"8":0,"9":0,"10":0,"11":0,"12":0,"13":0,"14":0,"15":0,"16":0,"17":0,"18":0},"f":{"0":0,"1":0,"2":0,"3":0,"4":0,"5":0,"6":0},"b":{"0":[0,0,0],"1":[0,0],"2":[0,0],"3":[0,0],"4":[0,0],"5":[0,0],"6":[0,0],"7":[0,0],"8":[0,0],"9":[0,0],"10":[0,0],"11":[0,0]}}
,"C:\\Users\\cristian\\Desktop\\RuteAI\\apps\\web\\app\\admin\\components\\ToggleEmpresaButton.tsx": {"path":"C:\\Users\\cristian\\Desktop\\RuteAI\\apps\\web\\app\\admin\\components\\ToggleEmpresaButton.tsx","statementMap":{"0":{"start":{"line":8,"column":0},"end":{"line":8,"column":16}},"1":{"start":{"line":3,"column":0},"end":{"line":3,"column":49}},"2":{"start":{"line":4,"column":0},"end":{"line":4,"column":37}},"3":{"start":{"line":5,"column":0},"end":{"line":5,"column":33}},"4":{"start":{"line":6,"column":0},"end":{"line":6,"column":31}},"5":{"start":{"line":9,"column":32},"end":{"line":9,"column":47}},"6":{"start":{"line":12,"column":4},"end":{"line":12,"column":21}},"7":{"start":{"line":13,"column":20},"end":{"line":13,"column":98}},"8":{"start":{"line":14,"column":4},"end":{"line":21,"column":5}},"9":{"start":{"line":15,"column":6},"end":{"line":15,"column":44}},"10":{"start":{"line":16,"column":6},"end":{"line":16,"column":94}},"11":{"start":{"line":18,"column":6},"end":{"line":18,"column":65}},"12":{"start":{"line":20,"column":6},"end":{"line":20,"column":24}},"13":{"start":{"line":24,"column":2},"end":{"line":40,"column":4}}},"fnMap":{"0":{"name":"ToggleEmpresaButton","decl":{"start":{"line":8,"column":16},"end":{"line":8,"column":35}},"loc":{"start":{"line":8,"column":107},"end":{"line":41,"column":1}}},"1":{"name":"handleToggle","decl":{"start":{"line":11,"column":17},"end":{"line":11,"column":29}},"loc":{"start":{"line":11,"column":29},"end":{"line":22,"column":3}}}},"branchMap":{"0":{"loc":{"start":{"line":13,"column":34},"end":{"line":13,"column":97}},"type":"cond-expr","locations":[{"start":{"line":13,"column":43},"end":{"line":13,"column":70}},{"start":{"line":13,"column":73},"end":{"line":13,"column":97}}]},"1":{"loc":{"start":{"line":16,"column":20},"end":{"line":16,"column":75}},"type":"cond-expr","locations":[{"start":{"line":16,"column":29},"end":{"line":16,"column":52}},{"start":{"line":16,"column":55},"end":{"line":16,"column":75}}]},"2":{"loc":{"start":{"line":28,"column":13},"end":{"line":28,"column":56}},"type":"cond-expr","locations":[{"start":{"line":28,"column":22},"end":{"line":28,"column":39}},{"start":{"line":28,"column":42},"end":{"line":28,"column":56}}]},"3":{"loc":{"start":{"line":30,"column":8},"end":{"line":32,"column":null}},"type":"cond-expr","locations":[{"start":{"line":31,"column":12},"end":{"line":31,"column":78}},{"start":{"line":32,"column":12},"end":{"line":32,"column":null}}]},"4":{"loc":{"start":{"line":35,"column":7},"end":{"line":37,"column":43}},"type":"cond-expr","locations":[{"start":{"line":36,"column":10},"end":{"line":36,"column":118}},{"start":{"line":37,"column":10},"end":{"line":37,"column":43}}]}},"s":{"0":0,"1":0,"2":0,"3":0,"4":0,"5":0,"6":0,"7":0,"8":0,"9":0,"10":0,"11":0,"12":0,"13":0},"f":{"0":0,"1":0},"b":{"0":[0,0],"1":[0,0],"2":[0,0],"3":[0,0],"4":[0,0]}}
,"C:\\Users\\cristian\\Desktop\\RuteAI\\apps\\web\\app\\api\\ai\\score\\route.ts": {"path":"C:\\Users\\cristian\\Desktop\\RuteAI\\apps\\web\\app\\api\\ai\\score\\route.ts","statementMap":{"0":{"start":{"line":15,"column":0},"end":{"line":15,"column":7}},"1":{"start":{"line":1,"column":0},"end":{"line":1,"column":56}},"2":{"start":{"line":2,"column":0},"end":{"line":2,"column":24}},"3":{"start":{"line":4,"column":20},"end":{"line":12,"column":2}},"4":{"start":{"line":16,"column":2},"end":{"line":48,"column":3}},"5":{"start":{"line":17,"column":17},"end":{"line":17,"column":33}},"6":{"start":{"line":18,"column":19},"end":{"line":18,"column":46}},"7":{"start":{"line":20,"column":4},"end":{"line":25,"column":5}},"8":{"start":{"line":21,"column":6},"end":{"line":24,"column":8}},"9":{"start":{"line":27,"column":25},"end":{"line":27,"column":93}},"10":{"start":{"line":29,"column":21},"end":{"line":33,"column":6}},"11":{"start":{"line":35,"column":4},"end":{"line":37,"column":5}},"12":{"start":{"line":36,"column":6},"end":{"line":36,"column":76}},"13":{"start":{"line":39,"column":17},"end":{"line":39,"column":38}},"14":{"start":{"line":40,"column":4},"end":{"line":40,"column":35}},"15":{"start":{"line":43,"column":4},"end":{"line":43,"column":55}},"16":{"start":{"line":44,"column":4},"end":{"line":47,"column":6}}},"fnMap":{"0":{"name":"POST","decl":{"start":{"line":15,"column":22},"end":{"line":15,"column":26}},"loc":{"start":{"line":15,"column":43},"end":{"line":49,"column":1}}}},"branchMap":{"0":{"loc":{"start":{"line":20,"column":4},"end":{"line":25,"column":5}},"type":"if","locations":[{"start":{"line":20,"column":4},"end":{"line":25,"column":5}}]},"1":{"loc":{"start":{"line":27,"column":25},"end":{"line":27,"column":93}},"type":"cond-expr","locations":[{"start":{"line":27,"column":51},"end":{"line":27,"column":55}},{"start":{"line":27,"column":55},"end":{"line":27,"column":93}}]},"2":{"loc":{"start":{"line":27,"column":25},"end":{"line":27,"column":55}},"type":"binary-expr","locations":[{"start":{"line":27,"column":25},"end":{"line":27,"column":55}},{"start":{"line":27,"column":51},"end":{"line":27,"column":55}}]},"3":{"loc":{"start":{"line":35,"column":4},"end":{"line":37,"column":5}},"type":"if","locations":[{"start":{"line":35,"column":4},"end":{"line":37,"column":5}}]}},"s":{"0":0,"1":0,"2":0,"3":0,"4":0,"5":0,"6":0,"7":0,"8":0,"9":0,"10":0,"11":0,"12":0,"13":0,"14":0,"15":0,"16":0},"f":{"0":0},"b":{"0":[0],"1":[0,0],"2":[0,0],"3":[0]}}
,"C:\\Users\\cristian\\Desktop\\RuteAI\\apps\\web\\app\\api\\alertas\\route.ts": {"path":"C:\\Users\\cristian\\Desktop\\RuteAI\\apps\\web\\app\\api\\alertas\\route.ts","statementMap":{"0":{"start":{"line":19,"column":0},"end":{"line":19,"column":7}},"1":{"start":{"line":59,"column":0},"end":{"line":59,"column":7}},"2":{"start":{"line":98,"column":0},"end":{"line":98,"column":7}},"3":{"start":{"line":2,"column":0},"end":{"line":2,"column":56}},"4":{"start":{"line":3,"column":0},"end":{"line":3,"column":24}},"5":{"start":{"line":4,"column":0},"end":{"line":4,"column":38}},"6":{"start":{"line":5,"column":0},"end":{"line":5,"column":52}},"7":{"start":{"line":7,"column":26},"end":{"line":9,"column":2}},"8":{"start":{"line":11,"column":26},"end":{"line":16,"column":2}},"9":{"start":{"line":20,"column":2},"end":{"line":55,"column":3}},"10":{"start":{"line":21,"column":21},"end":{"line":21,"column":41}},"11":{"start":{"line":22,"column":49},"end":{"line":22,"column":78}},"12":{"start":{"line":24,"column":4},"end":{"line":26,"column":5}},"13":{"start":{"line":25,"column":6},"end":{"line":25,"column":88}},"14":{"start":{"line":28,"column":22},"end":{"line":30,"column":6}},"15":{"start":{"line":32,"column":4},"end":{"line":34,"column":5}},"16":{"start":{"line":33,"column":6},"end":{"line":33,"column":96}},"17":{"start":{"line":36,"column":29},"end":{"line":36,"column":45}},"18":{"start":{"line":37,"column":25},"end":{"line":37,"column":64}},"19":{"start":{"line":39,"column":20},"end":{"line":49,"column":6}},"20":{"start":{"line":51,"column":4},"end":{"line":51,"column":78}},"21":{"start":{"line":53,"column":4},"end":{"line":53,"column":45}},"22":{"start":{"line":54,"column":4},"end":{"line":54,"column":99}},"23":{"start":{"line":60,"column":2},"end":{"line":94,"column":3}},"24":{"start":{"line":61,"column":21},"end":{"line":61,"column":41}},"25":{"start":{"line":62,"column":49},"end":{"line":62,"column":78}},"26":{"start":{"line":64,"column":4},"end":{"line":66,"column":5}},"27":{"start":{"line":65,"column":6},"end":{"line":65,"column":88}},"28":{"start":{"line":68,"column":22},"end":{"line":68,"column":81}},"29":{"start":{"line":69,"column":4},"end":{"line":71,"column":5}},"30":{"start":{"line":70,"column":6},"end":{"line":70,"column":96}},"31":{"start":{"line":73,"column":17},"end":{"line":73,"column":33}},"32":{"start":{"line":74,"column":19},"end":{"line":74,"column":52}},"33":{"start":{"line":76,"column":4},"end":{"line":81,"column":5}},"34":{"start":{"line":77,"column":6},"end":{"line":80,"column":8}},"35":{"start":{"line":83,"column":19},"end":{"line":88,"column":6}},"36":{"start":{"line":90,"column":4},"end":{"line":90,"column":77}},"37":{"start":{"line":92,"column":4},"end":{"line":92,"column":46}},"38":{"start":{"line":93,"column":4},"end":{"line":93,"column":99}},"39":{"start":{"line":99,"column":2},"end":{"line":140,"column":3}},"40":{"start":{"line":100,"column":21},"end":{"line":100,"column":41}},"41":{"start":{"line":101,"column":49},"end":{"line":101,"column":78}},"42":{"start":{"line":103,"column":4},"end":{"line":105,"column":5}},"43":{"start":{"line":104,"column":6},"end":{"line":104,"column":88}},"44":{"start":{"line":107,"column":17},"end":{"line":107,"column":33}},"45":{"start":{"line":108,"column":19},"end":{"line":108,"column":52}},"46":{"start":{"line":110,"column":4},"end":{"line":115,"column":5}},"47":{"start":{"line":111,"column":6},"end":{"line":114,"column":8}},"48":{"start":{"line":117,"column":22},"end":{"line":117,"column":81}},"49":{"start":{"line":118,"column":4},"end":{"line":120,"column":5}},"50":{"start":{"line":119,"column":6},"end":{"line":119,"column":96}},"51":{"start":{"line":123,"column":19},"end":{"line":125,"column":6}},"52":{"start":{"line":127,"column":4},"end":{"line":129,"column":5}},"53":{"start":{"line":128,"column":6},"end":{"line":128,"column":95}},"54":{"start":{"line":131,"column":24},"end":{"line":134,"column":6}},"55":{"start":{"line":136,"column":4},"end":{"line":136,"column":82}},"56":{"start":{"line":138,"column":4},"end":{"line":138,"column":47}},"57":{"start":{"line":139,"column":4},"end":{"line":139,"column":99}}},"fnMap":{"0":{"name":"GET","decl":{"start":{"line":19,"column":22},"end":{"line":19,"column":25}},"loc":{"start":{"line":19,"column":42},"end":{"line":56,"column":1}}},"1":{"name":"POST","decl":{"start":{"line":59,"column":22},"end":{"line":59,"column":26}},"loc":{"start":{"line":59,"column":43},"end":{"line":95,"column":1}}},"2":{"name":"PATCH","decl":{"start":{"line":98,"column":22},"end":{"line":98,"column":27}},"loc":{"start":{"line":98,"column":44},"end":{"line":141,"column":1}}}},"branchMap":{"0":{"loc":{"start":{"line":24,"column":4},"end":{"line":26,"column":5}},"type":"if","locations":[{"start":{"line":24,"column":4},"end":{"line":26,"column":5}}]},"1":{"loc":{"start":{"line":24,"column":8},"end":{"line":24,"column":26}},"type":"binary-expr","locations":[{"start":{"line":24,"column":8},"end":{"line":24,"column":17}},{"start":{"line":24,"column":21},"end":{"line":24,"column":26}}]},"2":{"loc":{"start":{"line":32,"column":4},"end":{"line":34,"column":5}},"type":"if","locations":[{"start":{"line":32,"column":4},"end":{"line":34,"column":5}}]},"3":{"loc":{"start":{"line":42,"column":12},"end":{"line":42,"column":44}},"type":"binary-expr","locations":[{"start":{"line":42,"column":12},"end":{"line":42,"column":24}},{"start":{"line":42,"column":28},"end":{"line":42,"column":44}}]},"4":{"loc":{"start":{"line":64,"column":4},"end":{"line":66,"column":5}},"type":"if","locations":[{"start":{"line":64,"column":4},"end":{"line":66,"column":5}}]},"5":{"loc":{"start":{"line":64,"column":8},"end":{"line":64,"column":26}},"type":"binary-expr","locations":[{"start":{"line":64,"column":8},"end":{"line":64,"column":17}},{"start":{"line":64,"column":21},"end":{"line":64,"column":26}}]},"6":{"loc":{"start":{"line":69,"column":4},"end":{"line":71,"column":5}},"type":"if","locations":[{"start":{"line":69,"column":4},"end":{"line":71,"column":5}}]},"7":{"loc":{"start":{"line":76,"column":4},"end":{"line":81,"column":5}},"type":"if","locations":[{"start":{"line":76,"column":4},"end":{"line":81,"column":5}}]},"8":{"loc":{"start":{"line":103,"column":4},"end":{"line":105,"column":5}},"type":"if","locations":[{"start":{"line":103,"column":4},"end":{"line":105,"column":5}}]},"9":{"loc":{"start":{"line":103,"column":8},"end":{"line":103,"column":26}},"type":"binary-expr","locations":[{"start":{"line":103,"column":8},"end":{"line":103,"column":17}},{"start":{"line":103,"column":21},"end":{"line":103,"column":26}}]},"10":{"loc":{"start":{"line":110,"column":4},"end":{"line":115,"column":5}},"type":"if","locations":[{"start":{"line":110,"column":4},"end":{"line":115,"column":5}}]},"11":{"loc":{"start":{"line":118,"column":4},"end":{"line":120,"column":5}},"type":"if","locations":[{"start":{"line":118,"column":4},"end":{"line":120,"column":5}}]},"12":{"loc":{"start":{"line":127,"column":4},"end":{"line":129,"column":5}},"type":"if","locations":[{"start":{"line":127,"column":4},"end":{"line":129,"column":5}}]}},"s":{"0":0,"1":0,"2":0,"3":0,"4":0,"5":0,"6":0,"7":0,"8":0,"9":0,"10":0,"11":0,"12":0,"13":0,"14":0,"15":0,"16":0,"17":0,"18":0,"19":0,"20":0,"21":0,"22":0,"23":0,"24":0,"25":0,"26":0,"27":0,"28":0,"29":0,"30":0,"31":0,"32":0,"33":0,"34":0,"35":0,"36":0,"37":0,"38":0,"39":0,"40":0,"41":0,"42":0,"43":0,"44":0,"45":0,"46":0,"47":0,"48":0,"49":0,"50":0,"51":0,"52":0,"53":0,"54":0,"55":0,"56":0,"57":0},"f":{"0":0,"1":0,"2":0},"b":{"0":[0],"1":[0,0],"2":[0],"3":[0,0],"4":[0],"5":[0,0],"6":[0],"7":[0],"8":[0],"9":[0,0],"10":[0],"11":[0],"12":[0]}}
,"C:\\Users\\cristian\\Desktop\\RuteAI\\apps\\web\\app\\api\\auth\\callback\\route.ts": {"path":"C:\\Users\\cristian\\Desktop\\RuteAI\\apps\\web\\app\\api\\auth\\callback\\route.ts","statementMap":{"0":{"start":{"line":5,"column":0},"end":{"line":5,"column":7}},"1":{"start":{"line":1,"column":0},"end":{"line":1,"column":43}},"2":{"start":{"line":2,"column":0},"end":{"line":2,"column":52}},"3":{"start":{"line":3,"column":0},"end":{"line":3,"column":48}},"4":{"start":{"line":6,"column":35},"end":{"line":6,"column":55}},"5":{"start":{"line":7,"column":15},"end":{"line":7,"column":39}},"6":{"start":{"line":8,"column":15},"end":{"line":8,"column":55}},"7":{"start":{"line":10,"column":21},"end":{"line":10,"column":59}},"8":{"start":{"line":11,"column":17},"end":{"line":11,"column":58}},"9":{"start":{"line":13,"column":4},"end":{"line":15,"column":14}},"10":{"start":{"line":17,"column":2},"end":{"line":24,"column":4}},"11":{"start":{"line":26,"column":2},"end":{"line":35,"column":3}},"12":{"start":{"line":27,"column":4},"end":{"line":33,"column":7}},"13":{"start":{"line":34,"column":4},"end":{"line":34,"column":70}},"14":{"start":{"line":37,"column":19},"end":{"line":37,"column":39}},"15":{"start":{"line":38,"column":26},"end":{"line":38,"column":74}},"16":{"start":{"line":40,"column":2},"end":{"line":92,"column":3}},"17":{"start":{"line":41,"column":17},"end":{"line":41,"column":26}},"18":{"start":{"line":43,"column":4},"end":{"line":48,"column":7}},"19":{"start":{"line":51,"column":22},"end":{"line":51,"column":26}},"20":{"start":{"line":52,"column":4},"end":{"line":78,"column":5}},"21":{"start":{"line":53,"column":36},"end":{"line":53,"column":71}},"22":{"start":{"line":54,"column":20},"end":{"line":54,"column":39}},"23":{"start":{"line":55,"column":34},"end":{"line":59,"column":17}},"24":{"start":{"line":61,"column":6},"end":{"line":68,"column":7}},"25":{"start":{"line":62,"column":8},"end":{"line":67,"column":27}},"26":{"start":{"line":70,"column":6},"end":{"line":77,"column":8}},"27":{"start":{"line":80,"column":4},"end":{"line":87,"column":6}},"28":{"start":{"line":89,"column":4},"end":{"line":91,"column":63}},"29":{"start":{"line":95,"column":2},"end":{"line":101,"column":5}},"30":{"start":{"line":103,"column":2},"end":{"line":103,"column":68}}},"fnMap":{"0":{"name":"GET","decl":{"start":{"line":5,"column":22},"end":{"line":5,"column":25}},"loc":{"start":{"line":5,"column":42},"end":{"line":104,"column":1}}},"1":{"name":"(anonymous_10)","decl":{"start":{"line":53,"column":36},"end":{"line":53,"column":49}},"loc":{"start":{"line":53,"column":36},"end":{"line":53,"column":71}}}},"branchMap":{"0":{"loc":{"start":{"line":8,"column":15},"end":{"line":8,"column":55}},"type":"cond-expr","locations":[{"start":{"line":8,"column":39},"end":{"line":8,"column":43}},{"start":{"line":8,"column":43},"end":{"line":8,"column":55}}]},"1":{"loc":{"start":{"line":8,"column":15},"end":{"line":8,"column":43}},"type":"binary-expr","locations":[{"start":{"line":8,"column":15},"end":{"line":8,"column":43}},{"start":{"line":8,"column":39},"end":{"line":8,"column":43}}]},"2":{"loc":{"start":{"line":11,"column":17},"end":{"line":11,"column":58}},"type":"binary-expr","locations":[{"start":{"line":11,"column":17},"end":{"line":11,"column":48}},{"start":{"line":11,"column":52},"end":{"line":11,"column":58}}]},"3":{"loc":{"start":{"line":13,"column":4},"end":{"line":15,"column":14}},"type":"cond-expr","locations":[{"start":{"line":14,"column":8},"end":{"line":14,"column":45}},{"start":{"line":15,"column":8},"end":{"line":15,"column":14}}]},"4":{"loc":{"start":{"line":13,"column":4},"end":{"line":13,"column":47}},"type":"binary-expr","locations":[{"start":{"line":13,"column":4},"end":{"line":13,"column":15}},{"start":{"line":13,"column":19},"end":{"line":13,"column":47}}]},"5":{"loc":{"start":{"line":26,"column":2},"end":{"line":35,"column":3}},"type":"if","locations":[{"start":{"line":26,"column":2},"end":{"line":35,"column":3}}]},"6":{"loc":{"start":{"line":40,"column":2},"end":{"line":92,"column":3}},"type":"if","locations":[{"start":{"line":40,"column":2},"end":{"line":92,"column":3}}]},"7":{"loc":{"start":{"line":40,"column":6},"end":{"line":40,"column":28}},"type":"binary-expr","locations":[{"start":{"line":40,"column":6},"end":{"line":40,"column":12}},{"start":{"line":40,"column":16},"end":{"line":40,"column":26}}]},"8":{"loc":{"start":{"line":40,"column":16},"end":{"line":40,"column":26}},"type":"cond-expr","locations":[{"start":{"line":40,"column":20},"end":{"line":40,"column":22}},{"start":{"line":40,"column":16},"end":{"line":40,"column":26}}]},"9":{"loc":{"start":{"line":40,"column":16},"end":{"line":40,"column":22}},"type":"binary-expr","locations":[{"start":{"line":40,"column":16},"end":{"line":40,"column":22}},{"start":{"line":40,"column":16},"end":{"line":40,"column":22}}]},"10":{"loc":{"start":{"line":45,"column":13},"end":{"line":45,"column":39}},"type":"binary-expr","locations":[{"start":{"line":45,"column":13},"end":{"line":45,"column":23}},{"start":{"line":45,"column":27},"end":{"line":45,"column":39}}]},"11":{"loc":{"start":{"line":61,"column":6},"end":{"line":68,"column":7}},"type":"if","locations":[{"start":{"line":61,"column":6},"end":{"line":68,"column":7}}]},"12":{"loc":{"start":{"line":61,"column":10},"end":{"line":61,"column":24}},"type":"cond-expr","locations":[{"start":{"line":61,"column":19},"end":{"line":61,"column":21}},{"start":{"line":61,"column":10},"end":{"line":61,"column":24}}]},"13":{"loc":{"start":{"line":61,"column":10},"end":{"line":61,"column":21}},"type":"binary-expr","locations":[{"start":{"line":61,"column":10},"end":{"line":61,"column":21}},{"start":{"line":61,"column":10},"end":{"line":61,"column":21}}]},"14":{"loc":{"start":{"line":63,"column":10},"end":{"line":67,"column":26}},"type":"cond-expr","locations":[{"start":{"line":64,"column":14},"end":{"line":64,"column":22}},{"start":{"line":65,"column":14},"end":{"line":67,"column":26}}]},"15":{"loc":{"start":{"line":65,"column":14},"end":{"line":67,"column":26}},"type":"cond-expr","locations":[{"start":{"line":66,"column":14},"end":{"line":66,"column":34}},{"start":{"line":67,"column":14},"end":{"line":67,"column":26}}]},"16":{"loc":{"start":{"line":73,"column":17},"end":{"line":73,"column":80}},"type":"cond-expr","locations":[{"start":{"line":73,"column":45},"end":{"line":73,"column":61}},{"start":{"line":73,"column":64},"end":{"line":73,"column":80}}]},"17":{"loc":{"start":{"line":89,"column":11},"end":{"line":91,"column":62}},"type":"cond-expr","locations":[{"start":{"line":90,"column":8},"end":{"line":90,"column":56}},{"start":{"line":91,"column":8},"end":{"line":91,"column":62}}]},"18":{"loc":{"start":{"line":100,"column":11},"end":{"line":100,"column":81}},"type":"cond-expr","locations":[{"start":{"line":100,"column":25},"end":{"line":100,"column":29}},{"start":{"line":100,"column":29},"end":{"line":100,"column":81}}]},"19":{"loc":{"start":{"line":100,"column":11},"end":{"line":100,"column":29}},"type":"binary-expr","locations":[{"start":{"line":100,"column":11},"end":{"line":100,"column":29}},{"start":{"line":100,"column":25},"end":{"line":100,"column":29}}]},"20":{"loc":{"start":{"line":100,"column":11},"end":{"line":100,"column":25}},"type":"cond-expr","locations":[{"start":{"line":100,"column":16},"end":{"line":100,"column":18}},{"start":{"line":100,"column":11},"end":{"line":100,"column":25}}]},"21":{"loc":{"start":{"line":100,"column":11},"end":{"line":100,"column":18}},"type":"binary-expr","locations":[{"start":{"line":100,"column":11},"end":{"line":100,"column":18}},{"start":{"line":100,"column":11},"end":{"line":100,"column":18}}]}},"s":{"0":0,"1":0,"2":0,"3":0,"4":0,"5":0,"6":0,"7":0,"8":0,"9":0,"10":0,"11":0,"12":0,"13":0,"14":0,"15":0,"16":0,"17":0,"18":0,"19":0,"20":0,"21":0,"22":0,"23":0,"24":0,"25":0,"26":0,"27":0,"28":0,"29":0,"30":0},"f":{"0":0,"1":0},"b":{"0":[0,0],"1":[0,0],"2":[0,0],"3":[0,0],"4":[0,0],"5":[0],"6":[0],"7":[0,0],"8":[0,0],"9":[0,0],"10":[0,0],"11":[0],"12":[0,0],"13":[0,0],"14":[0,0],"15":[0,0],"16":[0,0],"17":[0,0],"18":[0,0],"19":[0,0],"20":[0,0],"21":[0,0]}}
,"C:\\Users\\cristian\\Desktop\\RuteAI\\apps\\web\\app\\api\\auth\\login\\route.ts": {"path":"C:\\Users\\cristian\\Desktop\\RuteAI\\apps\\web\\app\\api\\auth\\login\\route.ts","statementMap":{"0":{"start":{"line":15,"column":0},"end":{"line":15,"column":7}},"1":{"start":{"line":1,"column":0},"end":{"line":1,"column":56}},"2":{"start":{"line":2,"column":0},"end":{"line":2,"column":52}},"3":{"start":{"line":3,"column":0},"end":{"line":3,"column":48}},"4":{"start":{"line":16,"column":14},"end":{"line":16,"column":16}},"5":{"start":{"line":18,"column":2},"end":{"line":195,"column":3}},"6":{"start":{"line":19,"column":17},"end":{"line":19,"column":74}},"7":{"start":{"line":20,"column":4},"end":{"line":20,"column":29}},"8":{"start":{"line":21,"column":21},"end":{"line":21,"column":40}},"9":{"start":{"line":23,"column":4},"end":{"line":28,"column":5}},"10":{"start":{"line":24,"column":6},"end":{"line":27,"column":8}},"11":{"start":{"line":31,"column":27},"end":{"line":34,"column":34}},"12":{"start":{"line":36,"column":22},"end":{"line":36,"column":26}},"13":{"start":{"line":37,"column":24},"end":{"line":37,"column":69}},"14":{"start":{"line":38,"column":22},"end":{"line":38,"column":25}},"15":{"start":{"line":40,"column":4},"end":{"line":105,"column":5}},"16":{"start":{"line":41,"column":6},"end":{"line":104,"column":7}},"17":{"start":{"line":42,"column":8},"end":{"line":42,"column":101}},"18":{"start":{"line":43,"column":25},"end":{"line":48,"column":10}},"19":{"start":{"line":50,"column":8},"end":{"line":100,"column":9}},"20":{"start":{"line":51,"column":27},"end":{"line":51,"column":48}},"21":{"start":{"line":68,"column":10},"end":{"line":93,"column":11}},"22":{"start":{"line":69,"column":40},"end":{"line":69,"column":52}},"23":{"start":{"line":70,"column":29},"end":{"line":70,"column":49}},"24":{"start":{"line":73,"column":44},"end":{"line":76,"column":14}},"25":{"start":{"line":78,"column":12},"end":{"line":92,"column":13}},"26":{"start":{"line":79,"column":14},"end":{"line":79,"column":112}},"27":{"start":{"line":81,"column":14},"end":{"line":81,"column":34}},"28":{"start":{"line":82,"column":42},"end":{"line":90,"column":16}},"29":{"start":{"line":91,"column":14},"end":{"line":91,"column":69}},"30":{"start":{"line":96,"column":27},"end":{"line":96,"column":66}},"31":{"start":{"line":96,"column":62},"end":{"line":96,"column":64}},"32":{"start":{"line":97,"column":10},"end":{"line":97,"column":89}},"33":{"start":{"line":98,"column":10},"end":{"line":98,"column":40}},"34":{"start":{"line":99,"column":10},"end":{"line":99,"column":30}},"35":{"start":{"line":102,"column":25},"end":{"line":102,"column":77}},"36":{"start":{"line":103,"column":8},"end":{"line":103,"column":110}},"37":{"start":{"line":108,"column":4},"end":{"line":172,"column":5}},"38":{"start":{"line":109,"column":6},"end":{"line":109,"column":90}},"39":{"start":{"line":110,"column":23},"end":{"line":110,"column":43}},"40":{"start":{"line":111,"column":51},"end":{"line":114,"column":8}},"41":{"start":{"line":116,"column":6},"end":{"line":132,"column":7}},"42":{"start":{"line":117,"column":20},"end":{"line":117,"column":67}},"43":{"start":{"line":120,"column":8},"end":{"line":126,"column":11}},"44":{"start":{"line":128,"column":8},"end":{"line":131,"column":10}},"45":{"start":{"line":134,"column":39},"end":{"line":134,"column":47}},"46":{"start":{"line":135,"column":6},"end":{"line":147,"column":7}},"47":{"start":{"line":136,"column":43},"end":{"line":139,"column":10}},"48":{"start":{"line":141,"column":8},"end":{"line":146,"column":9}},"49":{"start":{"line":142,"column":10},"end":{"line":145,"column":12}},"50":{"start":{"line":149,"column":19},"end":{"line":149,"column":32}},"51":{"start":{"line":150,"column":19},"end":{"line":150,"column":43}},"52":{"start":{"line":151,"column":26},"end":{"line":151,"column":80}},"53":{"start":{"line":153,"column":8},"end":{"line":155,"column":52}},"54":{"start":{"line":157,"column":8},"end":{"line":157,"column":66}},"55":{"start":{"line":160,"column":6},"end":{"line":165,"column":9}},"56":{"start":{"line":167,"column":34},"end":{"line":169,"column":8}},"57":{"start":{"line":171,"column":6},"end":{"line":171,"column":61}},"58":{"start":{"line":174,"column":4},"end":{"line":177,"column":6}},"59":{"start":{"line":179,"column":16},"end":{"line":179,"column":85}},"60":{"start":{"line":180,"column":4},"end":{"line":180,"column":63}},"61":{"start":{"line":183,"column":4},"end":{"line":189,"column":23}},"62":{"start":{"line":191,"column":4},"end":{"line":194,"column":6}}},"fnMap":{"0":{"name":"POST","decl":{"start":{"line":15,"column":22},"end":{"line":15,"column":26}},"loc":{"start":{"line":15,"column":43},"end":{"line":196,"column":1}}},"1":{"name":"(anonymous_1)","decl":{"start":{"line":96,"column":55},"end":{"line":96,"column":58}},"loc":{"start":{"line":96,"column":62},"end":{"line":96,"column":64}}},"2":{"name":"(anonymous_2)","decl":{"start":{"line":189,"column":13},"end":{"line":189,"column":16}},"loc":{"start":{"line":189,"column":18},"end":{"line":189,"column":21}}}},"branchMap":{"0":{"loc":{"start":{"line":20,"column":12},"end":{"line":20,"column":28}},"type":"cond-expr","locations":[{"start":{"line":20,"column":22},"end":{"line":20,"column":26}},{"start":{"line":20,"column":26},"end":{"line":20,"column":28}}]},"1":{"loc":{"start":{"line":20,"column":12},"end":{"line":20,"column":26}},"type":"binary-expr","locations":[{"start":{"line":20,"column":12},"end":{"line":20,"column":26}},{"start":{"line":20,"column":22},"end":{"line":20,"column":26}}]},"2":{"loc":{"start":{"line":21,"column":21},"end":{"line":21,"column":40}},"type":"cond-expr","locations":[{"start":{"line":21,"column":34},"end":{"line":21,"column":38}},{"start":{"line":21,"column":38},"end":{"line":21,"column":40}}]},"3":{"loc":{"start":{"line":21,"column":21},"end":{"line":21,"column":38}},"type":"binary-expr","locations":[{"start":{"line":21,"column":21},"end":{"line":21,"column":38}},{"start":{"line":21,"column":34},"end":{"line":21,"column":38}}]},"4":{"loc":{"start":{"line":23,"column":4},"end":{"line":28,"column":5}},"type":"if","locations":[{"start":{"line":23,"column":4},"end":{"line":28,"column":5}}]},"5":{"loc":{"start":{"line":23,"column":8},"end":{"line":23,"column":27}},"type":"binary-expr","locations":[{"start":{"line":23,"column":8},"end":{"line":23,"column":14}},{"start":{"line":23,"column":18},"end":{"line":23,"column":27}}]},"6":{"loc":{"start":{"line":31,"column":27},"end":{"line":34,"column":34}},"type":"binary-expr","locations":[{"start":{"line":31,"column":27},"end":{"line":31,"column":55}},{"start":{"line":32,"column":7},"end":{"line":34,"column":33}}]},"7":{"loc":{"start":{"line":32,"column":7},"end":{"line":34,"column":33}},"type":"cond-expr","locations":[{"start":{"line":33,"column":10},"end":{"line":33,"column":42}},{"start":{"line":34,"column":10},"end":{"line":34,"column":33}}]},"8":{"loc":{"start":{"line":40,"column":4},"end":{"line":105,"column":5}},"type":"if","locations":[{"start":{"line":40,"column":4},"end":{"line":105,"column":5}}]},"9":{"loc":{"start":{"line":50,"column":8},"end":{"line":100,"column":9}},"type":"if","locations":[{"start":{"line":50,"column":8},"end":{"line":100,"column":9}},{"start":{"line":94,"column":15},"end":{"line":100,"column":9}}]},"10":{"loc":{"start":{"line":68,"column":10},"end":{"line":93,"column":11}},"type":"if","locations":[{"start":{"line":68,"column":10},"end":{"line":93,"column":11}}]},"11":{"loc":{"start":{"line":68,"column":14},"end":{"line":68,"column":55}},"type":"binary-expr","locations":[{"start":{"line":68,"column":14},"end":{"line":68,"column":29}},{"start":{"line":68,"column":33},"end":{"line":68,"column":53}}]},"12":{"loc":{"start":{"line":68,"column":33},"end":{"line":68,"column":53}},"type":"cond-expr","locations":[{"start":{"line":68,"column":45},"end":{"line":68,"column":47}},{"start":{"line":68,"column":45},"end":{"line":68,"column":53}}]},"13":{"loc":{"start":{"line":68,"column":33},"end":{"line":68,"column":47}},"type":"binary-expr","locations":[{"start":{"line":68,"column":33},"end":{"line":68,"column":47}},{"start":{"line":68,"column":45},"end":{"line":68,"column":47}}]},"14":{"loc":{"start":{"line":78,"column":12},"end":{"line":92,"column":13}},"type":"if","locations":[{"start":{"line":78,"column":12},"end":{"line":92,"column":13}},{"start":{"line":80,"column":19},"end":{"line":92,"column":13}}]},"15":{"loc":{"start":{"line":85,"column":25},"end":{"line":85,"column":47}},"type":"binary-expr","locations":[{"start":{"line":85,"column":25},"end":{"line":85,"column":38}},{"start":{"line":85,"column":42},"end":{"line":85,"column":47}}]},"16":{"loc":{"start":{"line":88,"column":29},"end":{"line":88,"column":54}},"type":"binary-expr","locations":[{"start":{"line":88,"column":29},"end":{"line":88,"column":46}},{"start":{"line":88,"column":50},"end":{"line":88,"column":54}}]},"17":{"loc":{"start":{"line":97,"column":26},"end":{"line":97,"column":88}},"type":"binary-expr","locations":[{"start":{"line":97,"column":26},"end":{"line":97,"column":39}},{"start":{"line":97,"column":43},"end":{"line":97,"column":88}}]},"18":{"loc":{"start":{"line":102,"column":25},"end":{"line":102,"column":77}},"type":"cond-expr","locations":[{"start":{"line":102,"column":46},"end":{"line":102,"column":55}},{"start":{"line":102,"column":58},"end":{"line":102,"column":77}}]},"19":{"loc":{"start":{"line":108,"column":4},"end":{"line":172,"column":5}},"type":"if","locations":[{"start":{"line":108,"column":4},"end":{"line":172,"column":5}}]},"20":{"loc":{"start":{"line":116,"column":6},"end":{"line":132,"column":7}},"type":"if","locations":[{"start":{"line":116,"column":6},"end":{"line":132,"column":7}}]},"21":{"loc":{"start":{"line":116,"column":10},"end":{"line":116,"column":62}},"type":"binary-expr","locations":[{"start":{"line":116,"column":10},"end":{"line":116,"column":19}},{"start":{"line":116,"column":23},"end":{"line":116,"column":42}},{"start":{"line":116,"column":42},"end":{"line":116,"column":62}}]},"22":{"loc":{"start":{"line":116,"column":24},"end":{"line":116,"column":38}},"type":"cond-expr","locations":[{"start":{"line":116,"column":32},"end":{"line":116,"column":34}},{"start":{"line":116,"column":24},"end":{"line":116,"column":38}}]},"23":{"loc":{"start":{"line":116,"column":24},"end":{"line":116,"column":34}},"type":"binary-expr","locations":[{"start":{"line":116,"column":24},"end":{"line":116,"column":34}},{"start":{"line":116,"column":24},"end":{"line":116,"column":34}}]},"24":{"loc":{"start":{"line":116,"column":43},"end":{"line":116,"column":60}},"type":"cond-expr","locations":[{"start":{"line":116,"column":51},"end":{"line":116,"column":53}},{"start":{"line":116,"column":43},"end":{"line":116,"column":60}}]},"25":{"loc":{"start":{"line":116,"column":43},"end":{"line":116,"column":53}},"type":"binary-expr","locations":[{"start":{"line":116,"column":43},"end":{"line":116,"column":53}},{"start":{"line":116,"column":43},"end":{"line":116,"column":53}}]},"26":{"loc":{"start":{"line":117,"column":20},"end":{"line":117,"column":67}},"type":"cond-expr","locations":[{"start":{"line":117,"column":38},"end":{"line":117,"column":42}},{"start":{"line":117,"column":42},"end":{"line":117,"column":67}}]},"27":{"loc":{"start":{"line":117,"column":20},"end":{"line":117,"column":42}},"type":"binary-expr","locations":[{"start":{"line":117,"column":20},"end":{"line":117,"column":42}},{"start":{"line":117,"column":38},"end":{"line":117,"column":42}}]},"28":{"loc":{"start":{"line":117,"column":20},"end":{"line":117,"column":38}},"type":"cond-expr","locations":[{"start":{"line":117,"column":29},"end":{"line":117,"column":31}},{"start":{"line":117,"column":20},"end":{"line":117,"column":38}}]},"29":{"loc":{"start":{"line":117,"column":20},"end":{"line":117,"column":31}},"type":"binary-expr","locations":[{"start":{"line":117,"column":20},"end":{"line":117,"column":31}},{"start":{"line":117,"column":20},"end":{"line":117,"column":31}}]},"30":{"loc":{"start":{"line":135,"column":6},"end":{"line":147,"column":7}},"type":"if","locations":[{"start":{"line":135,"column":6},"end":{"line":147,"column":7}}]},"31":{"loc":{"start":{"line":141,"column":8},"end":{"line":146,"column":9}},"type":"if","locations":[{"start":{"line":141,"column":8},"end":{"line":146,"column":9}}]},"32":{"loc":{"start":{"line":150,"column":19},"end":{"line":150,"column":43}},"type":"cond-expr","locations":[{"start":{"line":150,"column":37},"end":{"line":150,"column":41}},{"start":{"line":150,"column":41},"end":{"line":150,"column":43}}]},"33":{"loc":{"start":{"line":150,"column":19},"end":{"line":150,"column":41}},"type":"binary-expr","locations":[{"start":{"line":150,"column":19},"end":{"line":150,"column":41}},{"start":{"line":150,"column":37},"end":{"line":150,"column":41}}]},"34":{"loc":{"start":{"line":151,"column":26},"end":{"line":151,"column":80}},"type":"cond-expr","locations":[{"start":{"line":151,"column":57},"end":{"line":151,"column":65}},{"start":{"line":151,"column":68},"end":{"line":151,"column":80}}]},"35":{"loc":{"start":{"line":153,"column":8},"end":{"line":155,"column":52}},"type":"cond-expr","locations":[{"start":{"line":154,"column":12},"end":{"line":154,"column":23}},{"start":{"line":155,"column":13},"end":{"line":155,"column":51}}]},"36":{"loc":{"start":{"line":155,"column":13},"end":{"line":155,"column":51}},"type":"cond-expr","locations":[{"start":{"line":155,"column":38},"end":{"line":155,"column":42}},{"start":{"line":155,"column":42},"end":{"line":155,"column":51}}]},"37":{"loc":{"start":{"line":155,"column":13},"end":{"line":155,"column":42}},"type":"binary-expr","locations":[{"start":{"line":155,"column":13},"end":{"line":155,"column":42}},{"start":{"line":155,"column":38},"end":{"line":155,"column":42}}]},"38":{"loc":{"start":{"line":155,"column":13},"end":{"line":155,"column":38}},"type":"cond-expr","locations":[{"start":{"line":155,"column":23},"end":{"line":155,"column":25}},{"start":{"line":155,"column":23},"end":{"line":155,"column":38}}]},"39":{"loc":{"start":{"line":155,"column":13},"end":{"line":155,"column":25}},"type":"binary-expr","locations":[{"start":{"line":155,"column":13},"end":{"line":155,"column":25}},{"start":{"line":155,"column":23},"end":{"line":155,"column":25}}]},"40":{"loc":{"start":{"line":157,"column":8},"end":{"line":157,"column":66}},"type":"cond-expr","locations":[{"start":{"line":157,"column":45},"end":{"line":157,"column":59}},{"start":{"line":157,"column":62},"end":{"line":157,"column":66}}]},"41":{"loc":{"start":{"line":168,"column":39},"end":{"line":168,"column":58}},"type":"cond-expr","locations":[{"start":{"line":168,"column":49},"end":{"line":168,"column":53}},{"start":{"line":168,"column":53},"end":{"line":168,"column":58}}]},"42":{"loc":{"start":{"line":168,"column":39},"end":{"line":168,"column":53}},"type":"binary-expr","locations":[{"start":{"line":168,"column":39},"end":{"line":168,"column":53}},{"start":{"line":168,"column":49},"end":{"line":168,"column":53}}]},"43":{"loc":{"start":{"line":179,"column":16},"end":{"line":179,"column":85}},"type":"cond-expr","locations":[{"start":{"line":179,"column":41},"end":{"line":179,"column":54}},{"start":{"line":179,"column":57},"end":{"line":179,"column":85}}]}},"s":{"0":0,"1":0,"2":0,"3":0,"4":0,"5":0,"6":0,"7":0,"8":0,"9":0,"10":0,"11":0,"12":0,"13":0,"14":0,"15":0,"16":0,"17":0,"18":0,"19":0,"20":0,"21":0,"22":0,"23":0,"24":0,"25":0,"26":0,"27":0,"28":0,"29":0,"30":0,"31":0,"32":0,"33":0,"34":0,"35":0,"36":0,"37":0,"38":0,"39":0,"40":0,"41":0,"42":0,"43":0,"44":0,"45":0,"46":0,"47":0,"48":0,"49":0,"50":0,"51":0,"52":0,"53":0,"54":0,"55":0,"56":0,"57":0,"58":0,"59":0,"60":0,"61":0,"62":0},"f":{"0":0,"1":0,"2":0},"b":{"0":[0,0],"1":[0,0],"2":[0,0],"3":[0,0],"4":[0],"5":[0,0],"6":[0,0],"7":[0,0],"8":[0],"9":[0,0],"10":[0],"11":[0,0],"12":[0,0],"13":[0,0],"14":[0,0],"15":[0,0],"16":[0,0],"17":[0,0],"18":[0,0],"19":[0],"20":[0],"21":[0,0,0],"22":[0,0],"23":[0,0],"24":[0,0],"25":[0,0],"26":[0,0],"27":[0,0],"28":[0,0],"29":[0,0],"30":[0],"31":[0],"32":[0,0],"33":[0,0],"34":[0,0],"35":[0,0],"36":[0,0],"37":[0,0],"38":[0,0],"39":[0,0],"40":[0,0],"41":[0,0],"42":[0,0],"43":[0,0]}}
,"C:\\Users\\cristian\\Desktop\\RuteAI\\apps\\web\\app\\api\\diagnostico\\route.ts": {"path":"C:\\Users\\cristian\\Desktop\\RuteAI\\apps\\web\\app\\api\\diagnostico\\route.ts","statementMap":{"0":{"start":{"line":3,"column":0},"end":{"line":3,"column":7}},"1":{"start":{"line":1,"column":0},"end":{"line":1,"column":43}},"2":{"start":{"line":4,"column":16},"end":{"line":4,"column":40}},"3":{"start":{"line":5,"column":25},"end":{"line":5,"column":53}},"4":{"start":{"line":6,"column":22},"end":{"line":6,"column":58}},"5":{"start":{"line":7,"column":25},"end":{"line":7,"column":62}},"6":{"start":{"line":10,"column":20},"end":{"line":15,"column":4}},"7":{"start":{"line":18,"column":2},"end":{"line":27,"column":3}},"8":{"start":{"line":19,"column":4},"end":{"line":26,"column":6}},"9":{"start":{"line":30,"column":2},"end":{"line":54,"column":3}},"10":{"start":{"line":31,"column":32},"end":{"line":31,"column":64}},"11":{"start":{"line":32,"column":18},"end":{"line":32,"column":28}},"12":{"start":{"line":33,"column":18},"end":{"line":33,"column":46}},"13":{"start":{"line":34,"column":21},"end":{"line":34,"column":39}},"14":{"start":{"line":36,"column":4},"end":{"line":41,"column":7}},"15":{"start":{"line":43,"column":16},"end":{"line":43,"column":30}},"16":{"start":{"line":44,"column":4},"end":{"line":44,"column":45}},"17":{"start":{"line":45,"column":4},"end":{"line":53,"column":6}}},"fnMap":{"0":{"name":"GET","decl":{"start":{"line":3,"column":22},"end":{"line":3,"column":25}},"loc":{"start":{"line":3,"column":25},"end":{"line":55,"column":1}}},"1":{"name":"(anonymous_10)","decl":{"start":{"line":31,"column":32},"end":{"line":31,"column":45}},"loc":{"start":{"line":31,"column":32},"end":{"line":31,"column":64}}}},"branchMap":{"0":{"loc":{"start":{"line":11,"column":18},"end":{"line":11,"column":76}},"type":"cond-expr","locations":[{"start":{"line":11,"column":26},"end":{"line":11,"column":58}},{"start":{"line":11,"column":61},"end":{"line":11,"column":76}}]},"1":{"loc":{"start":{"line":12,"column":30},"end":{"line":12,"column":66}},"type":"cond-expr","locations":[{"start":{"line":12,"column":44},"end":{"line":12,"column":48}},{"start":{"line":12,"column":51},"end":{"line":12,"column":66}}]},"2":{"loc":{"start":{"line":13,"column":31},"end":{"line":13,"column":70}},"type":"cond-expr","locations":[{"start":{"line":13,"column":48},"end":{"line":13,"column":52}},{"start":{"line":13,"column":55},"end":{"line":13,"column":70}}]},"3":{"loc":{"start":{"line":14,"column":22},"end":{"line":14,"column":80}},"type":"binary-expr","locations":[{"start":{"line":14,"column":22},"end":{"line":14,"column":36}},{"start":{"line":14,"column":40},"end":{"line":14,"column":80}}]},"4":{"loc":{"start":{"line":18,"column":2},"end":{"line":27,"column":3}},"type":"if","locations":[{"start":{"line":18,"column":2},"end":{"line":27,"column":3}}]}},"s":{"0":0,"1":0,"2":0,"3":0,"4":0,"5":0,"6":0,"7":0,"8":0,"9":0,"10":0,"11":0,"12":0,"13":0,"14":0,"15":0,"16":0,"17":0},"f":{"0":0,"1":0},"b":{"0":[0,0],"1":[0,0],"2":[0,0],"3":[0,0],"4":[0]}}
,"C:\\Users\\cristian\\Desktop\\RuteAI\\apps\\web\\app\\api\\evidencia\\route.ts": {"path":"C:\\Users\\cristian\\Desktop\\RuteAI\\apps\\web\\app\\api\\evidencia\\route.ts","statementMap":{"0":{"start":{"line":7,"column":0},"end":{"line":7,"column":7}},"1":{"start":{"line":81,"column":0},"end":{"line":81,"column":7}},"2":{"start":{"line":1,"column":0},"end":{"line":1,"column":56}},"3":{"start":{"line":2,"column":0},"end":{"line":2,"column":52}},"4":{"start":{"line":3,"column":0},"end":{"line":3,"column":38}},"5":{"start":{"line":8,"column":2},"end":{"line":76,"column":3}},"6":{"start":{"line":9,"column":21},"end":{"line":9,"column":41}},"7":{"start":{"line":10,"column":31},"end":{"line":10,"column":60}},"8":{"start":{"line":12,"column":4},"end":{"line":14,"column":5}},"9":{"start":{"line":13,"column":6},"end":{"line":13,"column":93}},"10":{"start":{"line":16,"column":17},"end":{"line":16,"column":73}},"11":{"start":{"line":17,"column":21},"end":{"line":17,"column":77}},"12":{"start":{"line":18,"column":17},"end":{"line":18,"column":81}},"13":{"start":{"line":20,"column":4},"end":{"line":25,"column":5}},"14":{"start":{"line":21,"column":6},"end":{"line":24,"column":8}},"15":{"start":{"line":28,"column":22},"end":{"line":31,"column":6}},"16":{"start":{"line":33,"column":4},"end":{"line":35,"column":5}},"17":{"start":{"line":34,"column":6},"end":{"line":34,"column":100}},"18":{"start":{"line":37,"column":19},"end":{"line":39,"column":6}},"19":{"start":{"line":41,"column":4},"end":{"line":43,"column":5}},"20":{"start":{"line":42,"column":6},"end":{"line":42,"column":99}},"21":{"start":{"line":46,"column":22},"end":{"line":46,"column":32}},"22":{"start":{"line":47,"column":21},"end":{"line":47,"column":82}},"23":{"start":{"line":48,"column":23},"end":{"line":48,"column":35}},"24":{"start":{"line":51,"column":28},"end":{"line":53,"column":38}},"25":{"start":{"line":55,"column":4},"end":{"line":61,"column":5}},"26":{"start":{"line":56,"column":6},"end":{"line":56,"column":74}},"27":{"start":{"line":57,"column":6},"end":{"line":60,"column":8}},"28":{"start":{"line":63,"column":4},"end":{"line":72,"column":7}},"29":{"start":{"line":74,"column":4},"end":{"line":74,"column":51}},"30":{"start":{"line":75,"column":4},"end":{"line":75,"column":90}},"31":{"start":{"line":82,"column":2},"end":{"line":124,"column":3}},"32":{"start":{"line":83,"column":21},"end":{"line":83,"column":41}},"33":{"start":{"line":84,"column":31},"end":{"line":84,"column":60}},"34":{"start":{"line":85,"column":4},"end":{"line":87,"column":5}},"35":{"start":{"line":86,"column":6},"end":{"line":86,"column":93}},"36":{"start":{"line":89,"column":17},"end":{"line":89,"column":93}},"37":{"start":{"line":90,"column":21},"end":{"line":90,"column":77}},"38":{"start":{"line":91,"column":17},"end":{"line":91,"column":81}},"39":{"start":{"line":92,"column":22},"end":{"line":92,"column":80}},"40":{"start":{"line":94,"column":4},"end":{"line":96,"column":5}},"41":{"start":{"line":95,"column":6},"end":{"line":95,"column":96}},"42":{"start":{"line":98,"column":22},"end":{"line":101,"column":6}},"43":{"start":{"line":102,"column":4},"end":{"line":104,"column":5}},"44":{"start":{"line":103,"column":6},"end":{"line":103,"column":100}},"45":{"start":{"line":107,"column":28},"end":{"line":109,"column":38}},"46":{"start":{"line":111,"column":30},"end":{"line":114,"column":6}},"47":{"start":{"line":116,"column":4},"end":{"line":118,"column":5}},"48":{"start":{"line":117,"column":6},"end":{"line":117,"column":99}},"49":{"start":{"line":120,"column":4},"end":{"line":120,"column":48}},"50":{"start":{"line":122,"column":4},"end":{"line":122,"column":57}},"51":{"start":{"line":123,"column":4},"end":{"line":123,"column":90}}},"fnMap":{"0":{"name":"POST","decl":{"start":{"line":7,"column":22},"end":{"line":7,"column":26}},"loc":{"start":{"line":7,"column":43},"end":{"line":77,"column":1}}},"1":{"name":"PATCH","decl":{"start":{"line":81,"column":22},"end":{"line":81,"column":27}},"loc":{"start":{"line":81,"column":44},"end":{"line":125,"column":1}}}},"branchMap":{"0":{"loc":{"start":{"line":12,"column":4},"end":{"line":14,"column":5}},"type":"if","locations":[{"start":{"line":12,"column":4},"end":{"line":14,"column":5}}]},"1":{"loc":{"start":{"line":17,"column":21},"end":{"line":17,"column":77}},"type":"cond-expr","locations":[{"start":{"line":17,"column":57},"end":{"line":17,"column":70}},{"start":{"line":17,"column":73},"end":{"line":17,"column":77}}]},"2":{"loc":{"start":{"line":18,"column":17},"end":{"line":18,"column":81}},"type":"cond-expr","locations":[{"start":{"line":18,"column":65},"end":{"line":18,"column":74}},{"start":{"line":18,"column":77},"end":{"line":18,"column":81}}]},"3":{"loc":{"start":{"line":18,"column":17},"end":{"line":18,"column":62}},"type":"binary-expr","locations":[{"start":{"line":18,"column":17},"end":{"line":18,"column":37}},{"start":{"line":18,"column":41},"end":{"line":18,"column":62}}]},"4":{"loc":{"start":{"line":20,"column":4},"end":{"line":25,"column":5}},"type":"if","locations":[{"start":{"line":20,"column":4},"end":{"line":25,"column":5}}]},"5":{"loc":{"start":{"line":20,"column":8},"end":{"line":20,"column":26}},"type":"binary-expr","locations":[{"start":{"line":20,"column":8},"end":{"line":20,"column":17}},{"start":{"line":20,"column":21},"end":{"line":20,"column":26}}]},"6":{"loc":{"start":{"line":33,"column":4},"end":{"line":35,"column":5}},"type":"if","locations":[{"start":{"line":33,"column":4},"end":{"line":35,"column":5}}]},"7":{"loc":{"start":{"line":41,"column":4},"end":{"line":43,"column":5}},"type":"if","locations":[{"start":{"line":41,"column":4},"end":{"line":43,"column":5}}]},"8":{"loc":{"start":{"line":55,"column":4},"end":{"line":61,"column":5}},"type":"if","locations":[{"start":{"line":55,"column":4},"end":{"line":61,"column":5}}]},"9":{"loc":{"start":{"line":55,"column":8},"end":{"line":55,"column":22}},"type":"binary-expr","locations":[{"start":{"line":55,"column":8},"end":{"line":55,"column":13}},{"start":{"line":55,"column":17},"end":{"line":55,"column":22}}]},"10":{"loc":{"start":{"line":85,"column":4},"end":{"line":87,"column":5}},"type":"if","locations":[{"start":{"line":85,"column":4},"end":{"line":87,"column":5}}]},"11":{"loc":{"start":{"line":90,"column":21},"end":{"line":90,"column":77}},"type":"cond-expr","locations":[{"start":{"line":90,"column":57},"end":{"line":90,"column":70}},{"start":{"line":90,"column":73},"end":{"line":90,"column":77}}]},"12":{"loc":{"start":{"line":91,"column":17},"end":{"line":91,"column":81}},"type":"cond-expr","locations":[{"start":{"line":91,"column":65},"end":{"line":91,"column":74}},{"start":{"line":91,"column":77},"end":{"line":91,"column":81}}]},"13":{"loc":{"start":{"line":91,"column":17},"end":{"line":91,"column":62}},"type":"binary-expr","locations":[{"start":{"line":91,"column":17},"end":{"line":91,"column":37}},{"start":{"line":91,"column":41},"end":{"line":91,"column":62}}]},"14":{"loc":{"start":{"line":92,"column":22},"end":{"line":92,"column":80}},"type":"cond-expr","locations":[{"start":{"line":92,"column":59},"end":{"line":92,"column":73}},{"start":{"line":92,"column":76},"end":{"line":92,"column":80}}]},"15":{"loc":{"start":{"line":94,"column":4},"end":{"line":96,"column":5}},"type":"if","locations":[{"start":{"line":94,"column":4},"end":{"line":96,"column":5}}]},"16":{"loc":{"start":{"line":94,"column":8},"end":{"line":94,"column":40}},"type":"binary-expr","locations":[{"start":{"line":94,"column":8},"end":{"line":94,"column":17}},{"start":{"line":94,"column":21},"end":{"line":94,"column":26}},{"start":{"line":94,"column":30},"end":{"line":94,"column":40}}]},"17":{"loc":{"start":{"line":102,"column":4},"end":{"line":104,"column":5}},"type":"if","locations":[{"start":{"line":102,"column":4},"end":{"line":104,"column":5}}]},"18":{"loc":{"start":{"line":107,"column":28},"end":{"line":109,"column":38}},"type":"cond-expr","locations":[{"start":{"line":108,"column":8},"end":{"line":108,"column":67}},{"start":{"line":109,"column":8},"end":{"line":109,"column":38}}]},"19":{"loc":{"start":{"line":116,"column":4},"end":{"line":118,"column":5}},"type":"if","location
[...]
e":15,"column":57}},"9":{"start":{"line":16,"column":24},"end":{"line":16,"column":56}},"10":{"start":{"line":18,"column":2},"end":{"line":20,"column":3}},"11":{"start":{"line":19,"column":4},"end":{"line":19,"column":36}},"12":{"start":{"line":23,"column":23},"end":{"line":25,"column":4}},"13":{"start":{"line":27,"column":2},"end":{"line":29,"column":3}},"14":{"start":{"line":28,"column":4},"end":{"line":28,"column":27}},"15":{"start":{"line":32,"column":2},"end":{"line":51,"column":5}},"16":{"start":{"line":33,"column":25},"end":{"line":40,"column":6}},"17":{"start":{"line":42,"column":4},"end":{"line":50,"column":7}},"18":{"start":{"line":53,"column":2},"end":{"line":53,"column":25}}},"fnMap":{"0":{"name":"createCompany","decl":{"start":{"line":7,"column":22},"end":{"line":7,"column":35}},"loc":{"start":{"line":7,"column":54},"end":{"line":54,"column":1}}},"1":{"name":"(anonymous_2)","decl":{"start":{"line":32,"column":28},"end":{"line":32,"column":33}},"loc":{"start":{"line":32,"column":41},"end":{"line":51,"column":3}}}},"branchMap":{"0":{"loc":{"start":{"line":11,"column":2},"end":{"line":13,"column":3}},"type":"if","locations":[{"start":{"line":11,"column":2},"end":{"line":13,"column":3}}]},"1":{"loc":{"start":{"line":18,"column":2},"end":{"line":20,"column":3}},"type":"if","locations":[{"start":{"line":18,"column":2},"end":{"line":20,"column":3}}]},"2":{"loc":{"start":{"line":18,"column":6},"end":{"line":18,"column":38}},"type":"binary-expr","locations":[{"start":{"line":18,"column":6},"end":{"line":18,"column":20}},{"start":{"line":18,"column":24},"end":{"line":18,"column":38}}]},"3":{"loc":{"start":{"line":27,"column":2},"end":{"line":29,"column":3}},"type":"if","locations":[{"start":{"line":27,"column":2},"end":{"line":29,"column":3}}]},"4":{"loc":{"start":{"line":36,"column":15},"end":{"line":36,"column":60}},"type":"binary-expr","locations":[{"start":{"line":36,"column":15},"end":{"line":36,"column":25}},{"start":{"line":36,"column":29},"end":{"line":36,"column":60}}]},"5":{"loc":{"start":{"line":46,"column":15},"end":{"line":46,"column":57}},"type":"binary-expr","locations":[{"start":{"line":46,"column":15},"end":{"line":46,"column":25}},{"start":{"line":46,"column":29},"end":{"line":46,"column":57}}]}},"s":{"0":0,"1":0,"2":0,"3":0,"4":0,"5":0,"6":0,"7":0,"8":0,"9":0,"10":0,"11":0,"12":0,"13":0,"14":0,"15":0,"16":0,"17":0,"18":0},"f":{"0":0,"1":0},"b":{"0":[0],"1":[0],"2":[0,0],"3":[0],"4":[0,0],"5":[0,0]}}
,"C:\\Users\\cristian\\Desktop\\RuteAI\\apps\\web\\app\\super-admin\\components\\SuperAdminHeader.tsx": {"path":"C:\\Users\\cristian\\Desktop\\RuteAI\\apps\\web\\app\\super-admin\\components\\SuperAdminHeader.tsx","statementMap":{"0":{"start":{"line":3,"column":0},"end":{"line":3,"column":16}},"1":{"start":{"line":1,"column":0},"end":{"line":1,"column":44}},"2":{"start":{"line":4,"column":2},"end":{"line":26,"column":4}}},"fnMap":{"0":{"name":"SuperAdminHeader","decl":{"start":{"line":3,"column":16},"end":{"line":3,"column":32}},"loc":{"start":{"line":3,"column":32},"end":{"line":27,"column":1}}}},"branchMap":{},"s":{"0":0,"1":0,"2":0},"f":{"0":0},"b":{}}
,"C:\\Users\\cristian\\Desktop\\RuteAI\\apps\\web\\app\\super-admin\\components\\SuperAdminSidebar.tsx": {"path":"C:\\Users\\cristian\\Desktop\\RuteAI\\apps\\web\\app\\super-admin\\components\\SuperAdminSidebar.tsx","statementMap":{"0":{"start":{"line":7,"column":0},"end":{"line":7,"column":16}},"1":{"start":{"line":3,"column":0},"end":{"line":3,"column":29}},"2":{"start":{"line":4,"column":0},"end":{"line":4,"column":46}},"3":{"start":{"line":5,"column":0},"end":{"line":5,"column":123}},"4":{"start":{"line":8,"column":19},"end":{"line":8,"column":32}},"5":{"start":{"line":10,"column":19},"end":{"line":10,"column":91}},"6":{"start":{"line":10,"column":37},"end":{"line":10,"column":91}},"7":{"start":{"line":12,"column":2},"end":{"line":120,"column":4}}},"fnMap":{"0":{"name":"SuperAdminSidebar","decl":{"start":{"line":7,"column":16},"end":{"line":7,"column":33}},"loc":{"start":{"line":7,"column":33},"end":{"line":121,"column":1}}},"1":{"name":"(anonymous_2)","decl":{"start":{"line":10,"column":19},"end":{"line":10,"column":20}},"loc":{"start":{"line":10,"column":37},"end":{"line":10,"column":91}}}},"branchMap":{"0":{"loc":{"start":{"line":10,"column":37},"end":{"line":10,"column":91}},"type":"binary-expr","locations":[{"start":{"line":10,"column":37},"end":{"line":10,"column":54}},{"start":{"line":10,"column":58},"end":{"line":10,"column":90}}]},"1":{"loc":{"start":{"line":10,"column":58},"end":{"line":10,"column":90}},"type":"cond-expr","locations":[{"start":{"line":10,"column":66},"end":{"line":10,"column":68}},{"start":{"line":10,"column":58},"end":{"line":10,"column":90}}]},"2":{"loc":{"start":{"line":10,"column":58},"end":{"line":10,"column":68}},"type":"binary-expr","locations":[{"start":{"line":10,"column":58},"end":{"line":10,"column":68}},{"start":{"line":10,"column":58},"end":{"line":10,"column":68}}]},"3":{"loc":{"start":{"line":47,"column":115},"end":{"line":47,"column":262}},"type":"cond-expr","locations":[{"start":{"line":47,"column":145},"end":{"line":47,"column":205}},{"start":{"line":47,"column":208},"end":{"line":47,"column":262}}]},"4":{"loc":{"start":{"line":50,"column":51},"end":{"line":50,"column":102}},"type":"cond-expr","locations":[{"start":{"line":50,"column":81},"end":{"line":50,"column":97}},{"start":{"line":50,"column":100},"end":{"line":50,"column":102}}]},"5":{"loc":{"start":{"line":57,"column":115},"end":{"line":57,"column":268}},"type":"cond-expr","locations":[{"start":{"line":57,"column":151},"end":{"line":57,"column":211}},{"start":{"line":57,"column":214},"end":{"line":57,"column":268}}]},"6":{"loc":{"start":{"line":60,"column":45},"end":{"line":60,"column":102}},"type":"cond-expr","locations":[{"start":{"line":60,"column":81},"end":{"line":60,"column":97}},{"start":{"line":60,"column":100},"end":{"line":60,"column":102}}]},"7":{"loc":{"start":{"line":68,"column":115},"end":{"line":68,"column":268}},"type":"cond-expr","locations":[{"start":{"line":68,"column":151},"end":{"line":68,"column":211}},{"start":{"line":68,"column":214},"end":{"line":68,"column":268}}]},"8":{"loc":{"start":{"line":71,"column":47},"end":{"line":71,"column":104}},"type":"cond-expr","locations":[{"start":{"line":71,"column":83},"end":{"line":71,"column":99}},{"start":{"line":71,"column":102},"end":{"line":71,"column":104}}]},"9":{"loc":{"start":{"line":78,"column":115},"end":{"line":78,"column":269}},"type":"cond-expr","locations":[{"start":{"line":78,"column":152},"end":{"line":78,"column":212}},{"start":{"line":78,"column":215},"end":{"line":78,"column":269}}]},"10":{"loc":{"start":{"line":81,"column":47},"end":{"line":81,"column":105}},"type":"cond-expr","locations":[{"start":{"line":81,"column":84},"end":{"line":81,"column":100}},{"start":{"line":81,"column":103},"end":{"line":81,"column":105}}]},"11":{"loc":{"start":{"line":88,"column":115},"end":{"line":88,"column":273}},"type":"cond-expr","locations":[{"start":{"line":88,"column":156},"end":{"line":88,"column":216}},{"start":{"line":88,"column":219},"end":{"line":88,"column":273}}]},"12":{"loc":{"start":{"line":91,"column":43},"end":{"line":91,"column":105}},"type":"cond-expr","locations":[{"start":{"line":91,"column":84},"end":{"line":91,"column":100}},{"start":{"line":91,"column":103},"end":{"line":91,"column":105}}]},"13":{"loc":{"start":{"line":98,"column":115},"end":{"line":98,"column":267}},"type":"cond-expr","locations":[{"start":{"line":98,"column":150},"end":{"line":98,"column":210}},{"start":{"line":98,"column":213},"end":{"line":98,"column":267}}]},"14":{"loc":{"start":{"line":101,"column":44},"end":{"line":101,"column":100}},"type":"cond-expr","locations":[{"start":{"line":101,"column":79},"end":{"line":101,"column":95}},{"start":{"line":101,"column":98},"end":{"line":101,"column":100}}]}},"s":{"0":0,"1":0,"2":0,"3":0,"4":0,"5":0,"6":0,"7":0},"f":{"0":0,"1":0},"b":{"0":[0,0],"1":[0,0],"2":[0,0],"3":[0,0],"4":[0,0],"5":[0,0],"6":[0,0],"7":[0,0],"8":[0,0],"9":[0,0],"10":[0,0],"11":[0,0],"12":[0,0],"13":[0,0],"14":[0,0]}}
,"C:\\Users\\cristian\\Desktop\\RuteAI\\apps\\web\\app\\tracking\\[id]\\TrackingClient.tsx": {"path":"C:\\Users\\cristian\\Desktop\\RuteAI\\apps\\web\\app\\tracking\\[id]\\TrackingClient.tsx","statementMap":{"0":{"start":{"line":51,"column":0},"end":{"line":51,"column":24}},"1":{"start":{"line":3,"column":0},"end":{"line":3,"column":53}},"2":{"start":{"line":4,"column":0},"end":{"line":4,"column":81}},"3":{"start":{"line":5,"column":0},"end":{"line":5,"column":76}},"4":{"start":{"line":6,"column":0},"end":{"line":6,"column":123}},"5":{"start":{"line":7,"column":0},"end":{"line":7,"column":31}},"6":{"start":{"line":10,"column":23},"end":{"line":27,"column":2}},"7":{"start":{"line":52,"column":30},"end":{"line":52,"column":61}},"8":{"start":{"line":53,"column":46},"end":{"line":53,"column":97}},"9":{"start":{"line":54,"column":48},"end":{"line":54,"column":71}},"10":{"start":{"line":55,"column":46},"end":{"line":55,"column":69}},"11":{"start":{"line":58,"column":2},"end":{"line":81,"column":33}},"12":{"start":{"line":59,"column":4},"end":{"line":62,"column":5}},"13":{"start":{"line":60,"column":6},"end":{"line":60,"column":32}},"14":{"start":{"line":61,"column":6},"end":{"line":61,"column":13}},"15":{"start":{"line":64,"column":26},"end":{"line":75,"column":5}},"16":{"start":{"line":65,"column":6},"end":{"line":74,"column":7}},"17":{"start":{"line":66,"column":20},"end":{"line":66,"column":70}},"18":{"start":{"line":67,"column":8},"end":{"line":69,"column":9}},"19":{"start":{"line":68,"column":10},"end":{"line":68,"column":60}},"20":{"start":{"line":71,"column":8},"end":{"line":71,"column":73}},"21":{"start":{"line":73,"column":8},"end":{"line":73,"column":34}},"22":{"start":{"line":77,"column":4},"end":{"line":77,"column":20}},"23":{"start":{"line":78,"column":21},"end":{"line":78,"column":54}},"24":{"start":{"line":80,"column":4},"end":{"line":80,"column":41}},"25":{"start":{"line":80,"column":17},"end":{"line":80,"column":40}},"26":{"start":{"line":84,"column":20},"end":{"line":88,"column":46}},"27":{"start":{"line":85,"column":4},"end":{"line":85,"column":46}},"28":{"start":{"line":85,"column":24},"end":{"line":85,"column":46}},"29":{"start":{"line":86,"column":4},"end":{"line":86,"column":78}},"30":{"start":{"line":86,"column":34},"end":{"line":86,"column":78}},"31":{"start":{"line":87,"column":4},"end":{"line":87,"column":44}},"32":{"start":{"line":90,"column":16},"end":{"line":94,"column":4}},"33":{"start":{"line":96,"column":22},"end":{"line":98,"column":9}},"34":{"start":{"line":96,"column":43},"end":{"line":96,"column":66}},"35":{"start":{"line":97,"column":29},"end":{"line":97,"column":52}},"36":{"start":{"line":100,"column":2},"end":{"line":363,"column":4}},"37":{"start":{"line":157,"column":35},"end":{"line":157,"column":69}},"38":{"start":{"line":174,"column":40},"end":{"line":174,"column":64}},"39":{"start":{"line":261,"column":34},"end":{"line":261,"column":49}},"40":{"start":{"line":262,"column":32},"end":{"line":262,"column":49}},"41":{"start":{"line":263,"column":27},"end":{"line":263,"column":36}},"42":{"start":{"line":265,"column":14},"end":{"line":291,"column":16}}},"fnMap":{"0":{"name":"TrackingClient","decl":{"start":{"line":51,"column":24},"end":{"line":51,"column":38}},"loc":{"start":{"line":51,"column":93},"end":{"line":364,"column":1}}},"1":{"name":"(anonymous_2)","decl":{"start":{"line":58,"column":12},"end":{"line":58,"column":15}},"loc":{"start":{"line":58,"column":17},"end":{"line":81,"column":3}}},"2":{"name":"(anonymous_3)","decl":{"start":{"line":64,"column":26},"end":{"line":64,"column":31}},"loc":{"start":{"line":64,"column":37},"end":{"line":75,"column":5}}},"3":{"name":"(anonymous_4)","decl":{"start":{"line":80,"column":11},"end":{"line":80,"column":14}},"loc":{"start":{"line":80,"column":17},"end":{"line":80,"column":40}}},"4":{"name":"(anonymous_5)","decl":{"start":{"line":84,"column":28},"end":{"line":84,"column":31}},"loc":{"start":{"line":84,"column":33},"end":{"line":88,"column":3}}},"5":{"name":"(anonymous_6)","decl":{"start":{"line":96,"column":38},"end":{"line":96,"column":39}},"loc":{"start":{"line":96,"column":43},"end":{"line":96,"column":66}}},"6":{"name":"(anonymous_7)","decl":{"start":{"line":97,"column":24},"end":{"line":97,"column":25}},"loc":{"start":{"line":97,"column":29},"end":{"line":97,"column":52}}},"7":{"name":"(anonymous_8)","decl":{"start":{"line":157,"column":29},"end":{"line":157,"column":32}},"loc":{"start":{"line":157,"column":35},"end":{"line":157,"column":69}}},"8":{"name":"(anonymous_9)","decl":{"start":{"line":174,"column":34},"end":{"line":174,"column":37}},"loc":{"start":{"line":174,"column":40},"end":{"line":174,"column":64}}},"9":{"name":"(anonymous_10)","decl":{"start":{"line":260,"column":23},"end":{"line":260,"column":24}},"loc":{"start":{"line":260,"column":35},"end":{"line":292,"column":13}}}},"branchMap":{"0":{"loc":{"start":{"line":59,"column":4},"end":{"line":62,"column":5}},"type":"if","locations":[{"start":{"line":59,"column":4},"end":{"line":62,"column":5}}]},"1":{"loc":{"start":{"line":67,"column":8},"end":{"line":69,"column":9}},"type":"if","locations":[{"start":{"line":67,"column":8},"end":{"line":69,"column":9}}]},"2":{"loc":{"start":{"line":67,"column":12},"end":{"line":67,"column":63}},"type":"binary-expr","locations":[{"start":{"line":67,"column":12},"end":{"line":67,"column":23}},{"start":{"line":67,"column":27},"end":{"line":67,"column":43}},{"start":{"line":67,"column":47},"end":{"line":67,"column":63}}]},"3":{"loc":{"start":{"line":85,"column":4},"end":{"line":85,"column":46}},"type":"if","locations":[{"start":{"line":85,"column":4},"end":{"line":85,"column":46}}]},"4":{"loc":{"start":{"line":86,"column":4},"end":{"line":86,"column":78}},"type":"if","locations":[{"start":{"line":86,"column":4},"end":{"line":86,"column":78}}]},"5":{"loc":{"start":{"line":86,"column":8},"end":{"line":86,"column":32}},"type":"binary-expr","locations":[{"start":{"line":86,"column":8},"end":{"line":86,"column":18}},{"start":{"line":86,"column":22},"end":{"line":86,"column":32}}]},"6":{"loc":{"start":{"line":96,"column":22},"end":{"line":98,"column":9}},"type":"cond-expr","locations":[{"start":{"line":97,"column":8},"end":{"line":97,"column":53}},{"start":{"line":98,"column":8},"end":{"line":98,"column":9}}]},"7":{"loc":{"start":{"line":112,"column":11},"end":{"line":116,"column":null}},"type":"binary-expr","locations":[{"start":{"line":112,"column":11},"end":{"line":112,"column":38}},{"start":{"line":113,"column":12},"end":{"line":115,"column":null}}]},"8":{"loc":{"start":{"line":122,"column":7},"end":{"line":204,"column":null}},"type":"binary-expr","locations":[{"start":{"line":122,"column":7},"end":{"line":122,"column":34}},{"start":{"line":123,"column":8},"end":{"line":203,"column":null}}]},"9":{"loc":{"start":{"line":124,"column":11},"end":{"line":196,"column":null}},"type":"cond-expr","locations":[{"start":{"line":125,"column":12},"end":{"line":187,"column":null}},{"start":{"line":190,"column":12},"end":{"line":195,"column":null}}]},"10":{"loc":{"start":{"line":135,"column":17},"end":{"line":149,"column":null}},"type":"binary-expr","locations":[{"start":{"line":135,"column":17},"end":{"line":135,"column":27}},{"start":{"line":135,"column":31},"end":{"line":135,"column":41}},{"start":{"line":136,"column":18},"end":{"line":148,"column":null}}]},"11":{"loc":{"start":{"line":153,"column":17},"end":{"line":168,"column":null}},"type":"binary-expr","locations":[{"start":{"line":153,"column":17},"end":{"line":153,"column":31}},{"start":{"line":154,"column":18},"end":{"line":167,"column":null}}]},"12":{"loc":{"start":{"line":171,"column":17},"end":{"line":185,"column":null}},"type":"binary-expr","locations":[{"start":{"line":171,"column":17},"end":{"line":171,"column":31}},{"start":{"line":171,"column":35},"end":{"line":171,"column":49}},{"start":{"line":172,"column":18},"end":{"line":184,"column":null}}]},"13":{"loc":{"start":{"line":215,"column":13},"end":{"line":217,"column":80}},"type":"cond-expr","locations":[{"start":{"line":216,"column":16},"end":{"line":216,"column":77}},{"start":{"line":217,"column":16},"end":{"line":217,"column":80}}]},"14":{"loc":{"start":{"line":237,"column":63},"end":{"line":237,"column":106}},"type":"binary-expr","locations":[{"start":{"line":237,"column":63},"end":{"line":237,"column":86}},{"start":{"line":237,"column":90},"end":{"line":237,"column":106}}]},"15":{"loc":{"start":{"line":268,"column":20},"end":{"line":272,"column":null}},"type":"cond-expr","locations":[{"start":{"line":269,"column":24},"end":{"line":269,"column":121}},{"start":{"line":270,"column":24},"end":{"line":272,"column":null}}]},"16":{"loc":{"start":{"line":270,"column":24},"end":{"line":272,"column":null}},"type":"cond-expr","locations":[{"start":{"line":271,"column":26},"end":{"line":271,"column":128}},{"start":{"line":272,"column":26},"end":{"line":272,"column":null}}]},"17":{"loc":{"start":{"line":277,"column":69},"end":{"line":277,"column":149}},"type":"cond-expr","locations":[{"start":{"line":277,"column":81},"end":{"line":277,"column":96}},{"start":{"line":277,"column":99},"end":{"line":277,"column":149}}]},"18":{"loc":{"start":{"line":277,"column":99},"end":{"line":277,"column":149}},"type":"cond-expr","locations":[{"start":{"line":277,"column":113},"end":{"line":277,"column":131}},{"start":{"line":277,"column":134},"end":{"line":277,"column":149}}]},"19":{"loc":{"start":{"line":280,"column":21},"end":{"line":281,"column":null}},"type":"binary-expr","locations":[{"start":{"line":280,"column":21},"end":{"line":280,"column":30}},{"start":{"line":280,"column":34},"end":{"line":280,"column":56}},{"start":{"line":281,"column":22},"end":{"line":281,"column":121}}]},"20":{"loc":{"start":{"line":283,"column":21},"end":{"line":284,"column":null}},"type":"binary-expr","locations":[{"start":{"line":283,"column":21},"end":{"line":283,"column":30}},{"start":{"line":283,"column":34},"end":{"line":283,"column":58}},{"start":{"line":284,"column":22},"end":{"line":284,"column":105}}]},"21":{"loc":{"start":{"line":286,"column":21},"end":{"line":287,"column":null}},"type":"binary-expr","locations":[{"start":{"line":286,"column":21},"end":{"line":286,"column":30}},{"start":{"line":286,"column":34},"end":{"line":286,"column":58}},{"start":{"line":287,"column":22},"end":{"line":287,"column":113}}]},"22":{"loc":{"start":{"line":297,"column":9},"end":{"line":358,"column":null}},"type":"binary-expr","locations":[{"start":{"line":297,"column":9},"end":{"line":297,"column":38}},{"start":{"line":297,"column":43},"end":{"line":297,"column":64}},{"start":{"line":297,"column":68},"end":{"line":297,"column":90}},{"start":{"line":298,"column":10},"end":{"line":357,"column":null}}]},"23":{"loc":{"start":{"line":308,"column":15},"end":{"line":326,"column":null}},"type":"cond-expr","locations":[{"start":{"line":309,"column":16},"end":{"line":318,"column":null}},{"start":{"line":321,"column":16},"end":{"line":325,"column":null}}]},"24":{"loc":{"start":{"line":330,"column":15},"end":{"line":348,"column":null}},"type":"cond-expr","locations":[{"start":{"line":331,"column":16},"end":{"line":340,"column":null}},{"start":{"line":343,"column":16},"end":{"line":347,"column":null}}]}},"s":{"0":0,"1":0,"2":0,"3":0,"4":0,"5":0,"6":0,"7":0,"8":0,"9":0,"10":0,"11":0,"12":0,"13":0,"14":0,"15":0,"16":0,"17":0,"18":0,"19":0,"20":0,"21":0,"22":0,"23":0,"24":0,"25":0,"26":0,"27":0,"28":0,"29":0,"30":0,"31":0,"32":0,"33":0,"34":0,"35":0,"36":0,"37":0,"38":0,"39":0,"40":0,"41":0,"42":0},"f":{"0":0,"1":0,"2":0,"3":0,"4":0,"5":0,"6":0,"7":0,"8":0,"9":0},"b":{"0":[0],"1":[0],"2":[0,0,0],"3":[0],"4":[0],"5":[0,0],"6":[0,0],"7":[0,0],"8":[0,0],"9":[0,0],"10":[0,0,0],"11":[0,0],"12":[0,0,0],"13":[0,0],"14":[0,0],"15":[0,0],"16":[0,0],"17":[0,0],"18":[0,0],"19":[0,0,0],"20":[0,0,0],"21":[0,0,0],"22":[0,0,0,0],"23":[0,0],"24":[0,0]}}
}
