TN:
SF:app\admin\actions.ts
FN:6,crearEmpresa
FN:17,editarEmpresa
FN:30,toggleEmpresaEstado
FN:38,eliminarEmpresa
FN:43,cambiarRolUsuario
FN:51,eliminarUsuario
FNF:6
FNH:0
FNDA:0,crearEmpresa
FNDA:0,editarEmpresa
FNDA:0,toggleEmpresaEstado
FNDA:0,eliminarEmpresa
FNDA:0,cambiarRolUsuario
FNDA:0,eliminarUsuario
DA:3,0
DA:4,0
DA:6,0
DA:7,0
DA:8,0
DA:9,0
DA:10,0
DA:11,0
DA:14,0
DA:17,0
DA:18,0
DA:19,0
DA:20,0
DA:21,0
DA:22,0
DA:23,0
DA:27,0
DA:30,0
DA:31,0
DA:35,0
DA:38,0
DA:39,0
DA:40,0
DA:43,0
DA:44,0
DA:48,0
DA:51,0
DA:52,0
DA:53,0
LF:29
LH:0
BRDA:10,0,0,0
BRDA:10,1,0,0
BRDA:10,1,1,0
BRDA:12,2,0,0
BRDA:12,2,1,0
BRDA:22,3,0,0
BRF:6
BRH:0
end_of_record
TN:
SF:app\admin\components\AdminSidebar.tsx
FN:9,AdminSidebar
FN:20,handleLogout
FN:43,(anonymous_3)
FNF:3
FNH:0
FNDA:0,AdminSidebar
FNDA:0,handleLogout
FNDA:0,(anonymous_3)
DA:3,0
DA:4,0
DA:5,0
DA:6,0
DA:7,0
DA:9,0
DA:10,0
DA:11,0
DA:13,0
DA:21,0
DA:22,0
DA:23,0
DA:26,0
DA:44,0
DA:45,0
DA:46,0
LF:16
LH:0
BRDA:44,0,0,0
BRDA:44,0,1,0
BRDA:51,1,0,0
BRDA:51,1,1,0
BRDA:56,2,0,0
BRDA:56,2,1,0
BRF:6
BRH:0
end_of_record
TN:
SF:app\admin\components\AdminTopbar.tsx
FN:14,AdminTopbar
FNF:1
FNH:0
FNDA:0,AdminTopbar
DA:3,0
DA:4,0
DA:5,0
DA:7,0
DA:14,0
DA:15,0
DA:16,0
DA:18,0
LF:8
LH:0
BRDA:16,0,0,0
BRDA:16,0,1,0
BRDA:16,1,0,0
BRDA:16,1,1,0
BRDA:25,2,0,0
BRDA:25,2,1,0
BRF:6
BRH:0
end_of_record
TN:
SF:app\admin\components\CambiarRolButton.tsx
FN:16,CambiarRolButton
FN:20,handleCambiar
FN:38,(anonymous_2)
FN:49,(anonymous_3)
FN:56,(anonymous_4)
FN:59,(anonymous_5)
FNF:6
FNH:0
FNDA:0,CambiarRolButton
FNDA:0,handleCambiar
FNDA:0,(anonymous_2)
FNDA:0,(anonymous_3)
FNDA:0,(anonymous_4)
FNDA:0,(anonymous_5)
DA:3,0
DA:4,0
DA:5,0
DA:6,0
DA:8,0
DA:11,0
DA:16,0
DA:17,0
DA:18,0
DA:21,0
DA:22,0
DA:23,0
DA:24,0
DA:25,0
DA:26,0
DA:27,0
DA:29,0
DA:31,0
DA:35,0
DA:38,0
DA:49,0
DA:57,0
DA:59,0
LF:23
LH:0
BRDA:21,0,0,0
BRDA:43,1,0,0
BRDA:43,1,1,0
BRDA:46,2,0,0
BRDA:46,2,1,0
BRDA:61,3,0,0
BRDA:61,3,1,0
BRDA:66,4,0,0
BRDA:66,4,1,0
BRDA:68,5,0,0
BRDA:68,5,1,0
BRF:11
BRH:0
end_of_record
TN:
SF:app\admin\components\CrearEmpresaModal.tsx
FN:8,CrearEmpresaModal
FN:12,handleSubmit
FN:29,(anonymous_2)
FN:38,(anonymous_3)
FNF:4
FNH:0
FNDA:0,CrearEmpresaModal
FNDA:0,handleSubmit
FNDA:0,(anonymous_2)
FNDA:0,(anonymous_3)
DA:3,0
DA:4,0
DA:5,0
DA:6,0
DA:8,0
DA:9,0
DA:10,0
DA:13,0
DA:14,0
DA:15,0
DA:16,0
DA:17,0
DA:18,0
DA:20,0
DA:22,0
DA:26,0
DA:29,0
DA:38,0
LF:18
LH:0
BRDA:20,0,0,0
BRDA:20,0,1,0
BRDA:35,1,0,0
BRDA:35,1,1,0
BRDA:78,2,0,0
BRDA:78,2,1,0
BRF:6
BRH:0
end_of_record
TN:
SF:app\admin\components\EditarEmpresaModal.tsx
FN:15,EditarEmpresaModal
FN:19,handleSubmit
FN:35,(anonymous_2)
FN:43,(anonymous_3)
FN:83,(anonymous_4)
FNF:5
FNH:0
FNDA:0,EditarEmpresaModal
FNDA:0,handleSubmit
FNDA:0,(anonymous_2)
FNDA:0,(anonymous_3)
FNDA:0,(anonymous_4)
DA:3,0
DA:4,0
DA:5,0
DA:6,0
DA:15,0
DA:16,0
DA:17,0
DA:20,0
DA:21,0
DA:22,0
DA:23,0
DA:24,0
DA:25,0
DA:27,0
DA:29,0
DA:33,0
DA:35,0
DA:43,0
DA:83,0
LF:19
LH:0
BRDA:27,0,0,0
BRDA:27,0,1,0
BRDA:40,1,0,0
BRDA:40,1,1,0
BRDA:89,2,0,0
BRDA:89,2,1,0
BRF:6
BRH:0
end_of_record
TN:
SF:app\admin\components\EliminarEmpresaButton.tsx
FN:8,EliminarEmpresaButton
FN:12,handleDelete
FN:40,(anonymous_2)
FN:57,(anonymous_3)
FNF:4
FNH:0
FNDA:0,EliminarEmpresaButton
FNDA:0,handleDelete
FNDA:0,(anonymous_2)
FNDA:0,(anonymous_3)
DA:3,0
DA:4,0
DA:5,0
DA:6,0
DA:8,0
DA:9,0
DA:10,0
DA:13,0
DA:14,0
DA:15,0
DA:16,0
DA:17,0
DA:19,0
DA:21,0
DA:22,0
DA:26,0
DA:27,0
DA:40,0
DA:56,0
DA:57,0
LF:20
LH:0
BRDA:26,0,0,0
BRDA:46,1,0,0
BRDA:46,1,1,0
BRF:3
BRH:0
end_of_record
TN:
SF:app\admin\components\EliminarUsuarioButton.tsx
FN:8,EliminarUsuarioButton
FN:12,handleDelete
FN:40,(anonymous_2)
FN:57,(anonymous_3)
FNF:4
FNH:0
FNDA:0,EliminarUsuarioButton
FNDA:0,handleDelete
FNDA:0,(anonymous_2)
FNDA:0,(anonymous_3)
DA:3,0
DA:4,0
DA:5,0
DA:6,0
DA:8,0
DA:9,0
DA:10,0
DA:13,0
DA:14,0
DA:15,0
DA:16,0
DA:17,0
DA:19,0
DA:21,0
DA:22,0
DA:26,0
DA:27,0
DA:40,0
DA:56,0
DA:57,0
LF:20
LH:0
BRDA:26,0,0,0
BRDA:46,1,0,0
BRDA:46,1,1,0
BRF:3
BRH:0
end_of_record
TN:
SF:app\admin\components\EmpresasTable.tsx
FN:24,EmpresasTable
FN:28,(anonymous_1)
FN:29,(anonymous_2)
FN:55,(anonymous_3)
FN:64,(anonymous_4)
FN:82,(anonymous_5)
FN:99,(anonymous_6)
FNF:7
FNH:0
FNDA:0,EmpresasTable
FNDA:0,(anonymous_1)
FNDA:0,(anonymous_2)
FNDA:0,(anonymous_3)
FNDA:0,(anonymous_4)
FNDA:0,(anonymous_5)
FNDA:0,(anonymous_6)
DA:3,0
DA:4,0
DA:5,0
DA:6,0
DA:7,0
DA:9,0
DA:24,0
DA:25,0
DA:26,0
DA:28,0
DA:29,0
DA:31,0
DA:34,0
DA:35,0
DA:39,0
DA:55,0
DA:64,0
DA:83,0
DA:99,0
LF:19
LH:0
BRDA:31,0,0,0
BRDA:31,0,1,0
BRDA:31,0,2,0
BRDA:34,1,0,0
BRDA:34,1,1,0
BRDA:35,2,0,0
BRDA:35,2,1,0
BRDA:90,3,0,0
BRDA:90,3,1,0
BRDA:93,4,0,0
BRDA:93,4,1,0
BRDA:93,5,0,0
BRDA:93,5,1,0
BRDA:94,6,0,0
BRDA:94,6,1,0
BRDA:113,7,0,0
BRDA:113,7,1,0
BRDA:113,8,0,0
BRDA:113,8,1,0
BRDA:127,9,0,0
BRDA:127,9,1,0
BRDA:128,10,0,0
BRDA:128,10,1,0
BRDA:129,11,0,0
BRDA:129,11,1,0
BRF:25
BRH:0
end_of_record
TN:
SF:app\admin\components\ToggleEmpresaButton.tsx
FN:8,ToggleEmpresaButton
FN:11,handleToggle
FNF:2
FNH:0
FNDA:0,ToggleEmpresaButton
FNDA:0,handleToggle
DA:3,0
DA:4,0
DA:5,0
DA:6,0
DA:8,0
DA:9,0
DA:12,0
DA:13,0
DA:14,0
DA:15,0
DA:16,0
DA:18,0
DA:20,0
DA:24,0
LF:14
LH:0
BRDA:13,0,0,0
BRDA:13,0,1,0
BRDA:16,1,0,0
BRDA:16,1,1,0
BRDA:28,2,0,0
BRDA:28,2,1,0
BRDA:30,3,0,0
BRDA:30,3,1,0
BRDA:35,4,0,0
BRDA:35,4,1,0
BRF:10
BRH:0
end_of_record
TN:
SF:app\api\ai\score\route.ts
FN:15,POST
FNF:1
FNH:0
FNDA:0,POST
DA:1,0
DA:2,0
DA:4,0
DA:15,0
DA:16,0
DA:17,0
DA:18,0
DA:20,0
DA:21,0
DA:27,0
DA:29,0
DA:35,0
DA:36,0
DA:39,0
DA:40,0
DA:43,0
DA:44,0
LF:17
LH:0
BRDA:20,0,0,0
BRDA:27,1,0,0
BRDA:27,1,1,0
BRDA:27,2,0,0
BRDA:27,2,1,0
BRDA:35,3,0,0
BRF:6
BRH:0
end_of_record
TN:
SF:app\api\alertas\route.ts
FN:19,GET
FN:59,POST
FN:98,PATCH
FNF:3
FNH:0
FNDA:0,GET
FNDA:0,POST
FNDA:0,PATCH
DA:2,0
DA:3,0
DA:4,0
DA:5,0
DA:7,0
DA:11,0
DA:19,0
DA:20,0
DA:21,0
DA:22,0
DA:24,0
DA:25,0
DA:28,0
DA:32,0
DA:33,0
DA:36,0
DA:37,0
DA:39,0
DA:51,0
DA:53,0
DA:54,0
DA:59,0
DA:60,0
DA:61,0
DA:62,0
DA:64,0
DA:65,0
DA:68,0
DA:69,0
DA:70,0
DA:73,0
DA:74,0
DA:76,0
DA:77,0
DA:83,0
DA:90,0
DA:92,0
DA:93,0
DA:98,0
DA:99,0
DA:100,0
DA:101,0
DA:103,0
DA:104,0
DA:107,0
DA:108,0
DA:110,0
DA:111,0
DA:117,0
DA:118,0
DA:119,0
DA:123,0
DA:127,0
DA:128,0
DA:131,0
DA:136,0
DA:138,0
DA:139,0
LF:58
LH:0
BRDA:24,0,0,0
BRDA:24,1,0,0
BRDA:24,1,1,0
BRDA:32,2,0,0
BRDA:42,3,0,0
BRDA:42,3,1,0
BRDA:64,4,0,0
BRDA:64,5,0,0
BRDA:64,5,1,0
BRDA:69,6,0,0
BRDA:76,7,0,0
BRDA:103,8,0,0
BRDA:103,9,0,0
BRDA:103,9,1,0
BRDA:110,10,0,0
BRDA:118,11,0,0
BRDA:127,12,0,0
BRF:17
BRH:0
end_of_record
TN:
SF:app\api\auth\callback\route.ts
FN:5,GET
FN:53,(anonymous_10)
FNF:2
FNH:0
FNDA:0,GET
FNDA:0,(anonymous_10)
DA:1,0
DA:2,0
DA:3,0
DA:5,0
DA:6,0
DA:7,0
DA:8,0
DA:10,0
DA:11,0
DA:13,0
DA:17,0
DA:26,0
DA:27,0
DA:34,0
DA:37,0
DA:38,0
DA:40,0
DA:41,0
DA:43,0
DA:51,0
DA:52,0
DA:53,0
DA:54,0
DA:55,0
DA:61,0
DA:62,0
DA:70,0
DA:80,0
DA:89,0
DA:95,0
DA:103,0
LF:31
LH:0
BRDA:8,0,0,0
BRDA:8,0,1,0
BRDA:8,1,0,0
BRDA:8,1,1,0
BRDA:11,2,0,0
BRDA:11,2,1,0
BRDA:13,3,0,0
BRDA:13,3,1,0
BRDA:13,4,0,0
BRDA:13,4,1,0
BRDA:26,5,0,0
BRDA:40,6,0,0
BRDA:40,7,0,0
BRDA:40,7,1,0
BRDA:40,8,0,0
BRDA:40,8,1,0
BRDA:40,9,0,0
BRDA:40,9,1,0
BRDA:45,10,0,0
BRDA:45,10,1,0
BRDA:61,11,0,0
BRDA:61,12,0,0
BRDA:61,12,1,0
BRDA:61,13,0,0
BRDA:61,13,1,0
BRDA:63,14,0,0
BRDA:63,14,1,0
BRDA:65,15,0,0
BRDA:65,15,1,0
BRDA:73,16,0,0
BRDA:73,16,1,0
BRDA:89,17,0,0
BRDA:89,17,1,0
BRDA:100,18,0,0
BRDA:100,18,1,0
BRDA:100,19,0,0
BRDA:100,19,1,0
BRDA:100,20,0,0
BRDA:100,20,1,0
BRDA:100,21,0,0
BRDA:100,21,1,0
BRF:41
BRH:0
end_of_record
TN:
SF:app\api\auth\login\route.ts
FN:15,POST
FN:96,(anonymous_1)
FN:189,(anonymous_2)
FNF:3
FNH:0
FNDA:0,POST
FNDA:0,(anonymous_1)
FNDA:0,(anonymous_2)
DA:1,0
DA:2,0
DA:3,0
DA:15,0
DA:16,0
DA:18,0
DA:19,0
DA:20,0
DA:21,0
DA:23,0
DA:24,0
DA:31,0
DA:36,0
DA:37,0
DA:38,0
DA:40,0
DA:41,0
DA:42,0
DA:43,0
DA:50,0
DA:51,0
DA:68,0
DA:69,0
DA:70,0
DA:73,0
DA:78,0
DA:79,0
DA:81,0
DA:82,0
DA:91,0
DA:96,0
DA:97,0
DA:98,0
DA:99,0
DA:102,0
DA:103,0
DA:108,0
DA:109,0
DA:110,0
DA:111,0
DA:116,0
DA:117,0
DA:120,0
DA:128,0
DA:134,0
DA:135,0
DA:136,0
DA:141,0
DA:142,0
DA:149,0
DA:150,0
DA:151,0
DA:153,0
DA:157,0
DA:160,0
DA:167,0
DA:171,0
DA:174,0
DA:179,0
DA:180,0
DA:183,0
DA:191,0
LF:62
LH:0
BRDA:20,0,0,0
BRDA:20,0,1,0
BRDA:20,1,0,0
BRDA:20,1,1,0
BRDA:21,2,0,0
BRDA:21,2,1,0
BRDA:21,3,0,0
BRDA:21,3,1,0
BRDA:23,4,0,0
BRDA:23,5,0,0
BRDA:23,5,1,0
BRDA:31,6,0,0
BRDA:31,6,1,0
BRDA:32,7,0,0
BRDA:32,7,1,0
BRDA:40,8,0,0
BRDA:50,9,0,0
BRDA:50,9,1,0
BRDA:68,10,0,0
BRDA:68,11,0,0
BRDA:68,11,1,0
BRDA:68,12,0,0
BRDA:68,12,1,0
BRDA:68,13,0,0
BRDA:68,13,1,0
BRDA:78,14,0,0
BRDA:78,14,1,0
BRDA:85,15,0,0
BRDA:85,15,1,0
BRDA:88,16,0,0
BRDA:88,16,1,0
BRDA:97,17,0,0
BRDA:97,17,1,0
BRDA:102,18,0,0
BRDA:102,18,1,0
BRDA:108,19,0,0
BRDA:116,20,0,0
BRDA:116,21,0,0
BRDA:116,21,1,0
BRDA:116,21,2,0
BRDA:116,22,0,0
BRDA:116,22,1,0
BRDA:116,23,0,0
BRDA:116,23,1,0
BRDA:116,24,0,0
BRDA:116,24,1,0
BRDA:116,25,0,0
BRDA:116,25,1,0
BRDA:117,26,0,0
BRDA:117,26,1,0
BRDA:117,27,0,0
BRDA:117,27,1,0
BRDA:117,28,0,0
BRDA:117,28,1,0
BRDA:117,29,0,0
BRDA:117,29,1,0
BRDA:135,30,0,0
BRDA:141,31,0,0
BRDA:150,32,0,0
BRDA:150,32,1,0
BRDA:150,33,0,0
BRDA:150,33,1,0
BRDA:151,34,0,0
BRDA:151,34,1,0
BRDA:153,35,0,0
BRDA:153,35,1,0
BRDA:155,36,0,0
BRDA:155,36,1,0
BRDA:155,37,0,0
BRDA:155,37,1,0
BRDA:155,38,0,0
BRDA:155,38,1,0
BRDA:155,39,0,0
BRDA:155,39,1,0
BRDA:157,40,0,0
BRDA:157,40,1,0
BRDA:168,41,0,0
BRDA:168,41,1,0
BRDA:168,42,0,0
BRDA:168,42,1,0
BRDA:179,43,0,0
BRDA:179,43,1,0
BRF:82
BRH:0
end_of_record
TN:
SF:app\api\diagnostico\route.ts
FN:3,GET
FN:31,(anonymous_10)
FNF:2
FNH:0
FNDA:0,GET
FNDA:0,(anonymous_10)
DA:1,0
DA:3,0
DA:4,0
DA:5,0
DA:6,0
DA:7,0
DA:10,0
DA:18,0
DA:19,0
DA:30,0
DA:31,0
DA:32,0
DA:33,0
DA:34,0
DA:36,0
DA:43,0
DA:44,0
DA:45,0
LF:18
LH:0
BRDA:11,0,0,0
BRDA:11,0,1,0
BRDA:12,1,0,0
BRDA:12,1,1,0
BRDA:13,2,0,0
BRDA:13,2,1,0
BRDA:14,3,0,0
BRDA:14,3,1,0
BRDA:18,4,0,0
BRF:9
BRH:0
end_of_record
TN:
SF:app\api\evidencia\route.ts
FN:7,POST
FN:81,PATCH
FNF:2
FNH:0
FNDA:0,POST
FNDA:0,PATCH
DA:1,0
DA:2,0
DA:3,0
DA:7,0
DA:8,0
DA:9,0
DA:10,0
DA:12,0
DA:13,0
DA:16,0
DA:17,0
DA:18,0
DA:20,0
DA:21,0
DA:28,0
DA:33,0
DA:34,0
DA:37,0
DA:41,0
DA:42,0
DA:46,0
DA:47,0
DA:48,0
DA:51,0
DA:55,0
DA:56,0
DA:57,0
DA:63,0
DA:74,0
DA:75,0
DA:81,0
DA:82,0
DA:83,0
DA:84,0
DA:85,0
DA:86,0
DA:89,0
DA:90,0
DA:91,0
DA:92,0
DA:94,0
DA:95,0
DA:98,0
DA:102,0
DA:103,0
DA:107,0
DA:111,0
DA:116,0
DA:117,0
DA:120,0
DA:122,0
DA:123,0
LF:52
LH:0
BRDA:12,0,0,0
BRDA:17,1,0,0
BRDA:17,1,1,0
BRDA:18,2,0,0
BRDA:18,2,1,0
BRDA:18,3,0,0
BRDA:18,3,1,0
BRDA:20,4,0,0
BRDA:20,5,0,0
BRDA:20,5,1,0
BRDA:33,6,0,0
BRDA:41,7,0,0
BRDA:55,8,0,0
BRDA:55,9,0,0
BRDA:55,9,1,0
BRDA:85,10,0,0
BRDA:90,11,0,0
BRDA:90,11,1,0
BRDA:91,12,0,0
BRDA:91,12,1,0
BRDA:91,13,0,0
BRDA:91,13,1,0
BRDA:92,14,0,0
BRDA:92,14,1,0
BRDA:94,15,0,0
BRDA:94,16,0,0
BRDA:94,16,1,0
BRDA:94,16,2,0
BRDA:102,17,0,0
BRDA:107,18,0,0
BRDA:107,18,1,0
BRDA:116,19,0,0
BRF:32
BRH:0
end_of_record
TN:
SF:app\api\pedidos\route.ts
FN:18,GET
FN:60,POST
FNF:2
FNH:0
FNDA:0,GET
FNDA:0,POST
DA:2,0
DA:3,0
DA:4,0
DA:5,0
DA:8,0
DA:18,0
DA:19,0
DA:20,0
DA:21,0
DA:23,0
DA:24,0
DA:27,0
DA:31,0
DA:32,0
DA:36,0
DA:37,0
DA:38,0
DA:40,0
DA:52,0
DA:54,0
DA:55,0
DA:60,0
DA:61,0
DA:62,0
DA:63,0
DA:65,0
DA:66,0
DA:69,0
DA:73,0
DA:74,0
DA:81,0
DA:82,0
DA:84,0
DA:85,0
DA:92,0
DA:95,0
DA:96,0
DA:98,0
DA:99,0
DA:100,0
DA:104,0
DA:105,0
DA:106,0
DA:107,0
DA:113,0
DA:127,0
DA:129,0
DA:130,0
LF:48
LH:0
BRDA:23,0,0,0
BRDA:23,1,0,0
BRDA:23,1,1,0
BRDA:31,2,0,0
BRDA:43,3,0,0
BRDA:43,3,1,0
BRDA:44,4,0,0
BRDA:44,4,1,0
BRDA:65,5,0,0
BRDA:65,6,0,0
BRDA:65,6,1,0
BRDA:73,7,0,0
BRDA:73,8,0,0
BRDA:73,8,1,0
BRDA:84,9,0,0
BRDA:105,10,0,0
BRDA:123,11,0,0
BRDA:123,11,1,0
BRF:18
BRH:0
end_of_record
TN:
SF:app\api\repartidor\ruta-activa\route.ts
FN:5,GET
FNF:1
FNH:0
FNDA:0,GET
DA:1,0
DA:2,0
DA:3,0
DA:5,0
DA:6,0
DA:7,0
DA:8,0
DA:10,0
DA:11,0
DA:14,0
DA:18,0
DA:19,0
DA:23,0
DA:38,0
DA:40,0
DA:41,0
LF:16
LH:0
BRDA:10,0,0,0
BRDA:10,1,0,0
BRDA:10,1,1,0
BRDA:18,2,0,0
BRF:4
BRH:0
end_of_record
TN:
SF:app\api\rutas\aplicar\route.ts
FN:17,POST
FN:72,(anonymous_2)
FN:103,(anonymous_3)
FN:110,(anonymous_4)
FNF:4
FNH:0
FNDA:0,POST
FNDA:0,(anonymous_2)
FNDA:0,(anonymous_3)
FNDA:0,(anonymous_4)
DA:1,0
DA:2,0
DA:3,0
DA:4,0
DA:6,0
DA:17,0
DA:18,0
DA:19,0
DA:22,0
DA:23,0
DA:25,0
DA:29,0
DA:30,0
DA:33,0
DA:34,0
DA:40,0
DA:41,0
DA:42,0
DA:43,0
DA:46,0
DA:47,0
DA:50,0
DA:56,0
DA:57,0
DA:61,0
DA:69,0
DA:72,0
DA:81,0
DA:82,0
DA:91,0
DA:103,0
DA:104,0
DA:110,0
DA:113,0
DA:115,0
DA:122,0
DA:123,0
LF:37
LH:0
BRDA:23,0,0,0
BRDA:29,1,0,0
BRDA:29,2,0,0
BRDA:29,2,1,0
BRDA:29,3,0,0
BRDA:29,3,1,0
BRDA:33,4,0,0
BRDA:42,5,0,0
BRDA:71,6,0,0
BRDA:71,6,1,0
BRDA:71,7,0,0
BRDA:71,7,1,0
BRDA:81,8,0,0
BRDA:81,8,1,0
BRDA:96,9,0,0
BRDA:96,9,1,0
BRDA:96,10,0,0
BRDA:96,10,1,0
BRDA:96,11,0,0
BRDA:96,11,1,0
BRDA:96,12,0,0
BRDA:96,12,1,0
BRDA:119,13,0,0
BRDA:119,13,1,0
BRDA:119,14,0,0
BRDA:119,14,1,0
BRF:26
BRH:0
end_of_record
TN:
SF:app\api\rutas\optimizar\route.ts
FN:6,scorePedido
FN:43,POST
FN:85,(anonymous_3)
FN:99,(anonymous_4)
FN:103,(anonymous_5)
FN:118,(anonymous_6)
FNF:6
FNH:0
FNDA:0,scorePedido
FNDA:0,POST
FNDA:0,(anonymous_3)
FNDA:0,(anonymous_4)
FNDA:0,(anonymous_5)
FNDA:0,(anonymous_6)
DA:1,0
DA:2,0
DA:3,0
DA:12,0
DA:14,0
DA:15,0
DA:29,0
DA:30,0
DA:32,0
DA:39,0
DA:43,0
DA:44,0
DA:45,0
DA:46,0
DA:47,0
DA:49,0
DA:53,0
DA:56,0
DA:74,0
DA:75,0
DA:84,0
DA:85,0
DA:95,0
DA:96,0
DA:99,0
DA:102,0
DA:104,0
DA:105,0
DA:118,0
DA:120,0
DA:122,0
DA:129,0
DA:130,0
LF:33
LH:0
BRDA:12,0,0,0
BRDA:12,0,1,0
BRDA:12,1,0,0
BRDA:12,1,1,0
BRDA:20,2,0,0
BRDA:20,2,1,0
BRDA:20,3,0,0
BRDA:20,3,1,0
BRDA:21,4,0,0
BRDA:21,4,1,0
BRDA:21,5,0,0
BRDA:21,5,1,0
BRDA:23,6,0,0
BRDA:23,6,1,0
BRDA:23,7,0,0
BRDA:23,7,1,0
BRDA:29,8,0,0
BRDA:34,9,0,0
BRDA:34,9,1,0
BRDA:34,10,0,0
BRDA:34,10,1,0
BRDA:34,11,0,0
BRDA:34,11,1,0
BRDA:34,12,0,0
BRDA:34,12,1,0
BRDA:35,13,0,0
BRDA:35,13,1,0
BRDA:35,14,0,0
BRDA:35,14,1,0
BRDA:35,15,0,0
BRDA:35,15,1,0
BRDA:35,16,0,0
BRDA:35,16,1,0
BRDA:47,17,0,0
BRDA:53,18,0,0
BRDA:53,19,0,0
BRDA:53,19,1,0
BRDA:53,20,0,0
BRDA:53,20,1,0
BRDA:74,21,0,0
BRDA:87,22,0,0
BRDA:87,22,1,0
BRDA:88,23,0,0
BRDA:88,23,1,0
BRDA:104,24,0,0
BRDA:104,24,1,0
BRDA:104,25,0,0
BRDA:104,25,1,0
BRF:48
BRH:0
end_of_record
TN:
SF:app\api\ubicacion\route.ts
FN:7,POST
FN:51,GET
FNF:2
FNH:0
FNDA:0,POST
FNDA:0,GET
DA:1,0
DA:2,0
DA:3,0
DA:7,0
DA:8,0
DA:9,0
DA:10,0
DA:12,0
DA:13,0
DA:16,0
DA:17,0
DA:18,0
DA:20,0
DA:21,0
DA:24,0
DA:29,0
DA:30,0
DA:34,0
DA:43,0
DA:45,0
DA:46,0
DA:51,0
DA:52,0
DA:53,0
DA:54,0
DA:55,0
DA:56,0
DA:59,0
DA:61,0
DA:66,0
DA:68,0
DA:69,0
LF:32
LH:0
BRDA:12,0,0,0
BRDA:17,1,0,0
BRDA:17,1,1,0
BRDA:18,2,0,0
BRDA:18,2,1,0
BRDA:20,3,0,0
BRDA:20,4,0,0
BRDA:20,4,1,0
BRDA:29,5,0,0
BRDA:55,6,0,0
BRDA:59,7,0,0
BRDA:59,7,1,0
BRDA:59,8,0,0
BRDA:59,8,1,0
BRF:14
BRH:0
end_of_record
TN:
SF:app\api\ubicaciones\route.ts
FN:15,POST
FN:75,GET
FN:114,(anonymous_3)
FNF:3
FNH:0
FNDA:0,POST
FNDA:0,GET
FNDA:0,(anonymous_3)
DA:2,0
DA:3,0
DA:4,0
DA:5,0
DA:7,0
DA:15,0
DA:16,0
DA:17,0
DA:18,0
DA:20,0
DA:21,0
DA:24,0
DA:25,0
DA:27,0
DA:28,0
DA:34,0
DA:38,0
DA:39,0
DA:45,0
DA:50,0
DA:51,0
DA:55,0
DA:67,0
DA:69,0
DA:70,0
DA:75,0
DA:76,0
DA:77,0
DA:78,0
DA:80,0
DA:81,0
DA:84,0
DA:85,0
DA:86,0
DA:89,0
DA:90,0
DA:93,0
DA:98,0
DA:100,0
DA:104,0
DA:108,0
DA:113,0
DA:115,0
DA:122,0
DA:127,0
DA:128,0
LF:46
LH:0
BRDA:20,0,0,0
BRDA:20,1,0,0
BRDA:20,1,1,0
BRDA:27,2,0,0
BRDA:38,3,0,0
BRDA:50,4,0,0
BRDA:80,5,0,0
BRDA:80,6,0,0
BRDA:80,6,1,0
BRDA:85,7,0,0
BRDA:95,8,0,0
BRDA:95,8,1,0
BRDA:98,9,0,0
BRF:13
BRH:0
end_of_record
TN:
SF:app\auth\callback\route.ts
FN:5,GET
FN:104,(anonymous_10)
FNF:2
FNH:0
FNDA:0,GET
FNDA:0,(anonymous_10)
DA:1,0
DA:2,0
DA:3,0
DA:5,0
DA:6,0
DA:7,0
DA:8,0
DA:11,0
DA:12,0
DA:13,0
DA:14,0
DA:16,0
DA:18,0
DA:30,0
DA:31,0
DA:32,0
DA:35,0
DA:36,0
DA:37,0
DA:38,0
DA:41,0
DA:45,0
DA:47,0
DA:48,0
DA:56,0
DA:64,0
DA:68,0
DA:77,0
DA:87,0
DA:89,0
DA:90,0
DA:91,0
DA:93,0
DA:95,0
DA:104,0
DA:105,0
DA:106,0
DA:112,0
DA:114,0
DA:123,0
DA:124,0
DA:128,0
DA:139,0
DA:141,0
DA:150,0
DA:155,0
DA:161,0
DA:171,0
DA:173,0
DA:182,0
LF:50
LH:0
BRDA:13,0,0,0
BRDA:13,1,0,0
BRDA:13,1,1,0
BRDA:16,2,0,0
BRDA:16,2,1,0
BRDA:30,3,0,0
BRDA:36,4,0,0
BRDA:47,5,0,0
BRDA:47,6,0,0
BRDA:47,6,1,0
BRDA:51,7,0,0
BRDA:51,7,1,0
BRDA:51,8,0,0
BRDA:51,8,1,0
BRDA:51,9,0,0
BRDA:51,9,1,0
BRDA:51,10,0,0
BRDA:51,10,1,0
BRDA:61,11,0,0
BRDA:61,11,1,0
BRDA:61,12,0,0
BRDA:61,12,1,0
BRDA:61,13,0,0
BRDA:61,13,1,0
BRDA:61,14,0,0
BRDA:61,14,1,0
BRDA:79,15,0,0
BRDA:79,15,1,0
BRDA:79,16,0,0
BRDA:79,16,1,0
BRDA:93,17,0,0
BRDA:93,17,1,0
BRDA:93,18,0,0
BRDA:93,18,1,0
BRDA:98,19,0,0
BRDA:98,19,1,0
BRDA:112,20,0,0
BRDA:112,20,1,0
BRDA:112,21,0,0
BRDA:112,21,1,0
BRDA:123,22,0,0
BRDA:131,23,0,0
BRDA:131,23,1,0
BRDA:139,24,0,0
BRDA:155,25,0,0
BRDA:155,25,1,0
BRDA:157,26,0,0
BRDA:157,26,1,0
BRDA:176,27,0,0
BRDA:176,27,1,0
BRF:50
BRH:0
end_of_record
TN:
SF:app\dashboard\actions.ts
FN:10,agregarPedidoNuevo
FN:67,marcarEnRuta
FN:95,marcarComoEntregado
FN:122,eliminarPedido
FN:131,editarPedido
FN:160,crearEmpresaYUsuario
FN:188,obtenerUbicacionRepartidorPublico
FN:234,actualizarEmpresa
FN:254,actualizarPerfil
FN:271,actualizarConfiguracionEmpresa
FN:314,actualizarConfiguracionNotificaciones
FN:350,actualizarConfiguracionIA
FNF:12
FNH:0
FNDA:0,agregarPedidoNuevo
FNDA:0,marcarEnRuta
FNDA:0,marcarComoEntregado
FNDA:0,eliminarPedido
FNDA:0,editarPedido
FNDA:0,crearEmpresaYUsuario
FNDA:0,obtenerUbicacionRepartidorPublico
FNDA:0,actualizarEmpresa
FNDA:0,actualizarPerfil
FNDA:0,actualizarConfiguracionEmpresa
FNDA:0,actualizarConfiguracionNotificaciones
FNDA:0,actualizarConfiguracionIA
DA:3,0
DA:4,0
DA:5,0
DA:6,0
DA:7,0
DA:8,0
DA:10,0
DA:11,0
DA:12,0
DA:13,0
DA:14,0
DA:16,0
DA:18,0
DA:19,0
DA:20,0
DA:22,0
DA:26,0
DA:29,0
DA:30,0
DA:34,0
DA:35,0
DA:37,0
DA:47,0
DA:49,0
DA:63,0
DA:64,0
DA:67,0
DA:68,0
DA:71,0
DA:76,0
DA:82,0
DA:83,0
DA:91,0
DA:92,0
DA:95,0
DA:96,0
DA:98,0
DA:103,0
DA:109,0
DA:110,0
DA:118,0
DA:119,0
DA:122,0
DA:123,0
DA:124,0
DA:127,0
DA:128,0
DA:131,0
DA:132,0
DA:133,0
DA:134,0
DA:135,0
DA:136,0
DA:138,0
DA:141,0
DA:143,0
DA:155,0
DA:156,0
DA:160,0
DA:161,0
DA:162,0
DA:163,0
DA:165,0
DA:166,0
DA:170,0
DA:185,0
DA:188,0
DA:189,0
DA:192,0
DA:202,0
DA:203,0
DA:207,0
DA:208,0
DA:211,0
DA:212,0
DA:216,0
DA:225,0
DA:234,0
DA:235,0
DA:236,0
DA:237,0
DA:239,0
DA:243,0
DA:245,0
DA:250,0
DA:251,0
DA:254,0
DA:255,0
DA:256,0
DA:257,0
DA:259,0
DA:264,0
DA:265,0
DA:271,0
DA:279,0
DA:280,0
DA:281,0
DA:283,0
DA:287,0
DA:290,0
DA:292,0
DA:307,0
DA:308,0
DA:314,0
DA:321,0
DA:322,0
DA:323,0
DA:325,0
DA:329,0
DA:331,0
DA:333,0
DA:343,0
DA:344,0
DA:350,0
DA:358,0
DA:359,0
DA:360,0
DA:362,0
DA:366,0
DA:368,0
DA:370,0
DA:380,0
DA:381,0
LF:123
LH:0
BRDA:16,0,0,0
BRDA:16,1,0,0
BRDA:16,1,1,0
BRDA:16,1,2,0
BRDA:20,2,0,0
BRDA:26,3,0,0
BRDA:34,4,0,0
BRDA:34,4,1,0
BRDA:34,5,0,0
BRDA:34,5,1,0
BRDA:34,6,0,0
BRDA:34,6,1,0
BRDA:34,7,0,0
BRDA:34,7,1,0
BRDA:35,8,0,0
BRDA:35,8,1,0
BRDA:35,9,0,0
BRDA:35,9,1,0
BRDA:35,10,0,0
BRDA:35,10,1,0
BRDA:35,11,0,0
BRDA:35,11,1,0
BRDA:54,12,0,0
BRDA:54,12,1,0
BRDA:55,13,0,0
BRDA:55,13,1,0
BRDA:55,14,0,0
BRDA:55,14,1,0
BRDA:55,15,0,0
BRDA:55,15,1,0
BRDA:55,16,0,0
BRDA:55,16,1,0
BRDA:56,17,0,0
BRDA:56,17,1,0
BRDA:56,18,0,0
BRDA:56,18,1,0
BRDA:56,19,0,0
BRDA:56,19,1,0
BRDA:56,20,0,0
BRDA:56,20,1,0
BRDA:68,21,0,0
BRDA:82,22,0,0
BRDA:82,23,0,0
BRDA:82,23,1,0
BRDA:82,24,0,0
BRDA:82,24,1,0
BRDA:96,25,0,0
BRDA:109,26,0,0
BRDA:109,27,0,0
BRDA:109,27,1,0
BRDA:109,28,0,0
BRDA:109,28,1,0
BRDA:123,29,0,0
BRDA:138,30,0,0
BRDA:138,31,0,0
BRDA:138,31,1,0
BRDA:138,31,2,0
BRDA:138,31,3,0
BRDA:149,32,0,0
BRDA:149,32,1,0
BRDA:150,33,0,0
BRDA:150,33,1,0
BRDA:150,34,0,0
BRDA:150,34,1,0
BRDA:150,35,0,0
BRDA:150,35,1,0
BRDA:150,36,0,0
BRDA:150,36,1,0
BRDA:151,37,0,0
BRDA:151,37,1,0
BRDA:151,38,0,0
BRDA:151,38,1,0
BRDA:151,39,0,0
BRDA:151,39,1,0
BRDA:151,40,0,0
BRDA:151,40,1,0
BRDA:165,41,0,0
BRDA:165,42,0,0
BRDA:165,42,1,0
BRDA:165,42,2,0
BRDA:189,43,0,0
BRDA:202,44,0,0
BRDA:207,45,0,0
BRDA:211,46,0,0
BRDA:227,47,0,0
BRDA:227,47,1,0
BRDA:227,48,0,0
BRDA:227,48,1,0
BRDA:227,49,0,0
BRDA:227,49,1,0
BRDA:227,50,0,0
BRDA:227,50,1,0
BRDA:228,51,0,0
BRDA:228,51,1,0
BRDA:228,52,0,0
BRDA:228,52,1,0
BRDA:228,53,0,0
BRDA:228,53,1,0
BRDA:228,54,0,0
BRDA:228,54,1,0
BRDA:237,55,0,0
BRDA:243,56,0,0
BRDA:257,57,0,0
BRDA:281,58,0,0
BRDA:287,59,0,0
BRDA:290,60,0,0
BRDA:290,60,1,0
BRDA:290,61,0,0
BRDA:290,61,1,0
BRDA:290,62,0,0
BRDA:290,62,1,0
BRDA:290,63,0,0
BRDA:290,63,1,0
BRDA:323,64,0,0
BRDA:329,65,0,0
BRDA:331,66,0,0
BRDA:331,66,1,0
BRDA:331,67,0,0
BRDA:331,67,1,0
BRDA:331,68,0,0
BRDA:331,68,1,0
BRDA:331,69,0,0
BRDA:331,69,1,0
BRDA:360,70,0,0
BRDA:366,71,0,0
BRDA:368,72,0,0
BRDA:368,72,1,0
BRDA:368,73,0,0
BRDA:368,73,1,0
BRDA:368,74,0,0
BRDA:368,74,1,0
BRDA:368,75,0,0
BRDA:368,75,1,0
BRF:133
BRH:0
end_of_record
TN:
SF:app\dashboard\alertas\AlertasLista.tsx
FN:28,AlertasLista
FN:34,(anonymous_1)
FN:62,(anonymous_2)
FN:113,(anonymous_3)
FNF:4
FNH:0
FNDA:0,AlertasLista
FNDA:0,(anonymous_1)
FNDA:0,(anonymous_2)
FNDA:0,(anonymous_3)
DA:3,0
DA:4,0
DA:28,0
DA:29,0
DA:34,0
DA:36,0
DA:63,0
DA:64,0
DA:65,0
DA:67,0
DA:113,0
LF:11
LH:0
BRDA:43,0,0,0
BRDA:43,0,1,0
BRDA:54,1,0,0
BRDA:54,1,1,0
BRDA:63,2,0,0
BRDA:63,2,1,0
BRDA:63,3,0,0
BRDA:63,3,1,0
BRDA:71,4,0,0
BRDA:71,4,1,0
BRDA:77,5,0,0
BRDA:77,5,1,0
BRDA:79,6,0,0
BRDA:79,6,1,0
BRDA:81,7,0,0
BRDA:81,7,1,0
BRDA:100,8,0,0
BRDA:100,8,1,0
BRDA:111,9,0,0
BRDA:111,9,1,0
BRF:20
BRH:0
end_of_record
TN:
SF:app\dashboard\components\BotonesTabla.tsx
FN:10,BotonesTabla
FN:16,(anonymous_2)
FN:21,(anonymous_3)
FN:53,(anonymous_4)
FN:125,(anonymous_5)
FN:126,(anonymous_6)
FN:133,Spinner
FNF:7
FNH:0
FNDA:0,BotonesTabla
FNDA:0,(anonymous_2)
FNDA:0,(anonymous_3)
FNDA:0,(anonymous_4)
FNDA:0,(anonymous_5)
FNDA:0,(anonymous_6)
FNDA:0,Spinner
DA:3,0
DA:4,0
DA:5,0
DA:6,0
DA:7,0
DA:8,0
DA:10,0
DA:11,0
DA:12,0
DA:14,0
DA:16,0
DA:18,0
DA:21,0
DA:23,0
DA:39,0
DA:41,0
DA:42,0
DA:43,0
DA:44,0
DA:45,0
DA:47,0
DA:49,0
DA:53,0
DA:54,0
DA:68,0
DA:70,0
DA:71,0
DA:72,0
DA:73,0
DA:74,0
DA:76,0
DA:78,0
DA:82,0
DA:125,0
DA:126,0
DA:134,0
LF:36
LH:0
BRDA:39,0,0,0
BRDA:68,1,0,0
BRDA:86,2,0,0
BRDA:86,2,1,0
BRDA:90,3,0,0
BRDA:90,3,1,0
BRDA:93,4,0,0
BRDA:93,4,1,0
BRDA:96,5,0,0
BRDA:96,5,1,0
BRDA:100,6,0,0
BRDA:100,6,1,0
BRDA:104,7,0,0
BRDA:104,7,1,0
BRDA:107,8,0,0
BRDA:107,8,1,0
BRDA:111,9,0,0
BRDA:111,9,1,0
BRDA:115,10,0,0
BRDA:115,10,1,0
BRDA:122,11,0,0
BRDA:122,11,1,0
BRF:22
BRH:0
end_of_record
TN:
SF:app\dashboard\components\BuscadorPedidos.tsx
FN:10,BuscadorPedidos
FN:16,(anonymous_1)
FN:31,(anonymous_2)
FNF:3
FNH:0
FNDA:0,BuscadorPedidos
FNDA:0,(anonymous_1)
FNDA:0,(anonymous_2)
DA:5,0
DA:6,0
DA:7,0
DA:8,0
DA:10,0
DA:11,0
DA:12,0
DA:13,0
DA:14,0
DA:16,0
DA:17,0
DA:18,0
DA:19,0
DA:21,0
DA:23,0
DA:26,0
DA:31,0
LF:17
LH:0
BRDA:13,0,0,0
BRDA:13,0,1,0
BRDA:18,1,0,0
BRDA:18,1,1,0
BRF:4
BRH:0
end_of_record
TN:
SF:app\dashboard\components\DashboardHeader.tsx
FN:6,DashboardHeader
FNF:1
FNH:0
FNDA:0,DashboardHeader
DA:3,0
DA:4,0
DA:6,0
DA:7,0
LF:4
LH:0
BRF:0
BRH:0
end_of_record
TN:
SF:app\dashboard\components\FilaPedido.tsx
FN:12,FilaPedido
FN:17,handleGuardarEdicion
FN:55,(anonymous_2)
FN:83,(anonymous_3)
FNF:4
FNH:0
FNDA:0,FilaPedido
FNDA:0,handleGuardarEdicion
FNDA:0,(anonymous_2)
FNDA:0,(anonymous_3)
DA:3,0
DA:4,0
DA:5,0
DA:6,0
DA:7,0
DA:9,0
DA:10,0
DA:12,0
DA:13,0
DA:14,0
DA:18,0
DA:19,0
DA:22,0
DA:24,0
DA:25,0
DA:26,0
DA:27,0
DA:28,0
DA:30,0
DA:31,0
DA:33,0
DA:35,0
DA:40,0
DA:41,0
DA:55,0
DA:65,0
DA:83,0
LF:27
LH:0
BRDA:26,0,0,0
BRDA:26,1,0,0
BRDA:26,1,1,0
BRDA:26,2,0,0
BRDA:26,2,1,0
BRDA:40,3,0,0
BRDA:50,4,0,0
BRDA:50,4,1,0
BRDA:57,5,0,0
BRDA:57,5,1,0
BRDA:73,6,0,0
BRDA:73,6,1,0
BRDA:78,7,0,0
BRDA:78,7,1,0
BRDA:78,8,0,0
BRDA:78,8,1,0
BRDA:81,9,0,0
BRDA:81,9,1,0
BRF:18
BRH:0
end_of_record
TN:
SF:app\dashboard\components\FormCrearPedido.tsx
FN:8,FormCrearPedido
FN:11,handleAction
FNF:2
FNH:0
FNDA:0,FormCrearPedido
FNDA:0,handleAction
DA:3,0
DA:4,0
DA:5,0
DA:6,0
DA:8,0
DA:9,0
DA:12,0
DA:13,0
DA:15,0
DA:16,0
DA:17,0
DA:18,0
DA:19,0
DA:21,0
DA:24,0
DA:26,0
DA:30,0
LF:17
LH:0
BRDA:17,0,0,0
BRDA:17,1,0,0
BRDA:17,1,1,0
BRDA:17,2,0,0
BRDA:17,2,1,0
BRDA:57,3,0,0
BRDA:57,3,1,0
BRF:7
BRH:0
end_of_record
TN:
SF:app\dashboard\components\IASuggestionCard.tsx
FN:18,IASuggestionCard
FNF:1
FNH:0
FNDA:0,IASuggestionCard
DA:1,0
DA:12,0
DA:18,0
DA:26,0
DA:28,0
LF:5
LH:0
BRDA:23,0,0,0
BRF:1
BRH:0
end_of_record
TN:
SF:app\dashboard\components\KPICard.tsx
FN:19,KPICard
FNF:1
FNH:1
FNDA:5,KPICard
DA:11,1
DA:19,1
DA:20,5
LF:3
LH:3
BRDA:19,0,0,5
BRDA:24,1,0,5
BRDA:24,1,1,1
BRDA:28,2,0,5
BRDA:28,2,1,1
BRF:5
BRH:5
end_of_record
TN:
SF:app\dashboard\components\LogoutButton.tsx
FN:12,LogoutButton
FN:16,(anonymous_1)
FNF:2
FNH:0
FNDA:0,LogoutButton
FNDA:0,(anonymous_1)
DA:3,0
DA:4,0
DA:5,0
DA:6,0
DA:12,0
DA:13,0
DA:14,0
DA:16,0
DA:17,0
DA:18,0
DA:19,0
DA:20,0
DA:21,0
DA:24,0
DA:25,0
DA:36,0
LF:16
LH:0
BRDA:12,0,0,0
BRDA:24,1,0,0
BRF:2
BRH:0
end_of_record
TN:
SF:app\dashboard\components\MapaRutas.tsx
FN:10,(anonymous_10)
FN:10,(anonymous_11)
FN:12,(anonymous_12)
FN:24,MapaRutas
FN:29,MapaPlaceholder
FNF:5
FNH:0
FNDA:0,(anonymous_10)
FNDA:0,(anonymous_11)
FNDA:0,(anonymous_12)
FNDA:0,MapaRutas
FNDA:0,MapaPlaceholder
DA:3,0
DA:4,0
DA:10,0
DA:13,0
DA:24,0
DA:25,0
DA:29,0
DA:30,0
LF:8
LH:0
BRDA:37,0,0,0
BRDA:37,0,1,0
BRDA:37,1,0,0
BRDA:37,1,1,0
BRF:4
BRH:0
end_of_record
TN:
SF:app\dashboard\components\MapaRutasRender.tsx
FN:29,BoundsAjustador
FN:31,(anonymous_2)
FN:33,(anonymous_3)
FN:41,TrackerCamion
FN:45,(anonymous_5)
FN:50,(anonymous_6)
FN:58,(anonymous_7)
FN:75,MapaRutasRender
FN:100,(anonymous_9)
FNF:9
FNH:0
FNDA:0,BoundsAjustador
FNDA:0,(anonymous_2)
FNDA:0,(anonymous_3)
FNDA:0,TrackerCamion
FNDA:0,(anonymous_5)
FNDA:0,(anonymous_6)
FNDA:0,(anonymous_7)
FNDA:0,MapaRutasRender
FNDA:0,(anonymous_9)
DA:3,0
DA:4,0
DA:5,0
DA:6,0
DA:7,0
DA:11,0
DA:12,0
DA:30,0
DA:31,0
DA:32,0
DA:33,0
DA:34,0
DA:37,0
DA:42,0
DA:43,0
DA:45,0
DA:46,0
DA:47,0
DA:49,0
DA:51,0
DA:52,0
DA:58,0
DA:59,0
DA:63,0
DA:65,0
DA:72,0
DA:75,0
DA:83,0
DA:85,0
DA:101,0
DA:102,0
DA:122,0
DA:130,0
LF:33
LH:0
BRDA:32,0,0,0
BRDA:63,1,0,0
BRDA:83,2,0,0
BRDA:83,2,1,0
BRDA:101,3,0,0
BRDA:101,3,1,0
BRF:6
BRH:0
end_of_record
TN:
SF:app\dashboard\components\MiniMapaDashboard.tsx
FN:5,(anonymous_10)
FN:5,(anonymous_11)
FN:7,(anonymous_12)
FN:26,MiniMapaDashboard
FN:29,(anonymous_14)
FN:30,(anonymous_15)
FNF:6
FNH:0
FNDA:0,(anonymous_10)
FNDA:0,(anonymous_11)
FNDA:0,(anonymous_12)
FNDA:0,MiniMapaDashboard
FNDA:0,(anonymous_14)
FNDA:0,(anonymous_15)
DA:3,0
DA:5,0
DA:8,0
DA:26,0
DA:28,0
DA:29,0
DA:30,0
DA:39,0
LF:8
LH:0
BRDA:29,0,0,0
BRDA:29,0,1,0
BRF:2
BRH:0
end_of_record
TN:
SF:app\dashboard\components\MiniMapaRender.tsx
FN:40,MiniMapaRender
FN:44,(anonymous_1)
FN:46,(anonymous_2)
FN:47,(anonymous_3)
FN:81,(anonymous_4)
FNF:5
FNH:0
FNDA:0,MiniMapaRender
FNDA:0,(anonymous_1)
FNDA:0,(anonymous_2)
FNDA:0,(anonymous_3)
FNDA:0,(anonymous_4)
DA:3,0
DA:4,0
DA:5,0
DA:21,0
DA:40,0
DA:41,0
DA:44,0
DA:45,0
DA:46,0
DA:47,0
DA:48,0
DA:53,0
DA:54,0
DA:57,0
DA:60,0
DA:62,0
DA:63,0
DA:70,0
DA:82,0
DA:83,0
LF:20
LH:0
BRDA:45,0,0,0
BRDA:53,1,0,0
BRDA:60,2,0,0
BRDA:60,2,1,0
BRDA:62,3,0,0
BRDA:90,4,0,0
BRDA:90,4,1,0
BRDA:102,5,0,0
BRDA:102,5,1,0
BRF:9
BRH:0
end_of_record
TN:
SF:app\dashboard\components\ModalEvidencia.tsx
FN:14,ModalEvidencia
FN:20,(anonymous_1)
FN:28,(anonymous_2)
FN:39,(anonymous_3)
FNF:4
FNH:0
FNDA:0,ModalEvidencia
FNDA:0,(anonymous_1)
FNDA:0,(anonymous_2)
FNDA:0,(anonymous_3)
DA:3,0
DA:4,0
DA:5,0
DA:6,0
DA:14,0
DA:15,0
DA:16,0
DA:18,0
DA:20,0
DA:21,0
DA:22,0
DA:23,0
DA:24,0
DA:28,0
DA:29,0
DA:30,0
DA:31,0
DA:34,0
DA:35,0
DA:37,0
DA:39,0
DA:42,0
DA:44,0
DA:45,0
DA:47,0
DA:49,0
DA:53,0
LF:27
LH:0
BRDA:21,0,0,0
BRDA:21,0,1,0
BRDA:21,1,0,0
BRDA:21,1,1,0
BRDA:22,2,0,0
BRDA:29,3,0,0
BRDA:84,4,0,0
BRDA:84,4,1,0
BRDA:118,5,0,0
BRDA:118,5,1,0
BRDA:121,6,0,0
BRDA:121,6,1,0
BRF:12
BRH:0
end_of_record
TN:
SF:app\dashboard\components\OptimizarRutasModal.tsx
FN:32,OptimizarRutasModal
FN:41,(anonymous_1)
FN:48,(anonymous_2)
FN:55,(anonymous_3)
FN:71,(anonymous_4)
FN:80,(anonymous_5)
FN:86,(anonymous_6)
FN:94,(anonymous_7)
FN:106,(anonymous_8)
FN:149,(anonymous_9)
FN:191,(anonymous_10)
FN:291,(anonymous_11)
FNF:12
FNH:0
FNDA:0,OptimizarRutasModal
FNDA:0,(anonymous_1)
FNDA:0,(anonymous_2)
FNDA:0,(anonymous_3)
FNDA:0,(anonymous_4)
FNDA:0,(anonymous_5)
FNDA:0,(anonymous_6)
FNDA:0,(anonymous_7)
FNDA:0,(anonymous_8)
FNDA:0,(anonymous_9)
FNDA:0,(anonymous_10)
FNDA:0,(anonymous_11)
DA:3,0
DA:4,0
DA:5,0
DA:26,0
DA:32,0
DA:33,0
DA:34,0
DA:35,0
DA:36,0
DA:37,0
DA:38,0
DA:39,0
DA:41,0
DA:42,0
DA:43,0
DA:44,0
DA:45,0
DA:48,0
DA:49,0
DA:51,0
DA:52,0
DA:53,0
DA:55,0
DA:56,0
DA:58,0
DA:59,0
DA:61,0
DA:64,0
DA:65,0
DA:67,0
DA:71,0
DA:72,0
DA:73,0
DA:74,0
DA:75,0
DA:76,0
DA:77,0
DA:80,0
DA:81,0
DA:82,0
DA:83,0
DA:86,0
DA:87,0
DA:88,0
DA:89,0
DA:90,0
DA:94,0
DA:102,0
DA:103,0
DA:104,0
DA:106,0
DA:108,0
DA:111,0
DA:113,0
DA:117,0
DA:149,0
DA:193,0
DA:196,0
DA:292,0
DA:293,0
LF:60
LH:0
BRDA:58,0,0,0
BRDA:58,0,1,0
BRDA:61,1,0,0
BRDA:61,1,1,0
BRDA:61,2,0,0
BRDA:61,2,1,0
BRDA:87,3,0,0
BRDA:103,4,0,0
BRDA:103,4,1,0
BRDA:108,5,0,0
BRDA:108,5,1,0
BRDA:108,6,0,0
BRDA:108,6,1,0
BRDA:129,7,0,0
BRDA:129,7,1,0
BRDA:178,8,0,0
BRDA:178,8,1,0
BRDA:188,9,0,0
BRDA:188,9,1,0
BRDA:193,10,0,0
BRDA:193,10,1,0
BRDA:193,10,2,0
BRDA:193,10,3,0
BRDA:193,10,4,0
BRDA:193,10,5,0
BRDA:205,11,0,0
BRDA:205,11,1,0
BRDA:207,12,0,0
BRDA:207,12,1,0
BRDA:211,13,0,0
BRDA:211,13,1,0
BRDA:213,14,0,0
BRDA:213,14,1,0
BRDA:219,15,0,0
BRDA:219,15,1,0
BRDA:219,16,0,0
BRDA:219,16,1,0
BRDA:232,17,0,0
BRDA:232,17,1,0
BRDA:232,18,0,0
BRDA:232,18,1,0
BRDA:241,19,0,0
BRDA:241,19,1,0
BRDA:241,19,2,0
BRDA:257,20,0,0
BRDA:257,20,1,0
BRDA:257,20,2,0
BRDA:265,21,0,0
BRDA:265,21,1,0
BRDA:278,22,0,0
BRDA:278,22,1,0
BRDA:278,23,0,0
BRDA:278,23,1,0
BRDA:292,24,0,0
BRDA:292,24,1,0
BRDA:292,25,0,0
BRDA:292,25,1,0
BRDA:323,26,0,0
BRDA:323,26,1,0
BRDA:342,27,0,0
BRDA:342,27,1,0
BRDA:342,27,2,0
BRDA:342,27,3,0
BRDA:344,28,0,0
BRDA:344,28,1,0
BRDA:361,29,0,0
BRDA:361,29,1,0
BRF:67
BRH:0
end_of_record
TN:
SF:app\dashboard\components\PedidosTable.tsx
FN:18,PedidosTable
FN:23,(anonymous_2)
FN:29,(anonymous_3)
FN:30,(anonymous_4)
FN:50,(anonymous_5)
FN:81,(anonymous_6)
FN:97,(anonymous_7)
FN:103,(anonymous_8)
FN:106,(anonymous_9)
FN:151,(anonymous_10)
FNF:10
FNH:0
FNDA:0,PedidosTable
FNDA:0,(anonymous_2)
FNDA:0,(anonymous_3)
FNDA:0,(anonymous_4)
FNDA:0,(anonymous_5)
FNDA:0,(anonymous_6)
FNDA:0,(anonymous_7)
FNDA:0,(anonymous_8)
FNDA:0,(anonymous_9)
FNDA:0,(anonymous_10)
DA:3,0
DA:4,0
DA:5,0
DA:18,0
DA:19,0
DA:20,0
DA:21,0
DA:23,0
DA:24,0
DA:27,0
DA:29,0
DA:30,0
DA:31,0
DA:38,0
DA:40,0
DA:45,0
DA:50,0
DA:51,0
DA:53,0
DA:58,0
DA:63,0
DA:68,0
DA:73,0
DA:81,0
DA:82,0
DA:83,0
DA:84,0
DA:87,0
DA:97,0
DA:104,0
DA:106,0
DA:152,0
DA:153,0
DA:154,0
DA:155,0
DA:158,0
DA:159,0
DA:161,0
LF:38
LH:0
BRDA:18,0,0,0
BRDA:38,1,0,0
BRDA:38,1,1,0
BRDA:40,2,0,0
BRDA:40,2,1,0
BRDA:40,2,2,0
BRDA:40,2,3,0
BRDA:40,2,4,0
BRDA:45,3,0,0
BRDA:45,3,1,0
BRDA:51,4,0,0
BRDA:51,4,1,0
BRDA:51,4,2,0
BRDA:51,4,3,0
BRDA:51,4,4,0
BRDA:82,5,0,0
BRDA:83,6,0,0
BRDA:108,7,0,0
BRDA:108,7,1,0
BRDA:144,8,0,0
BRDA:144,8,1,0
BRDA:154,9,0,0
BRDA:154,9,1,0
BRDA:154,10,0,0
BRDA:154,10,1,0
BRDA:180,11,0,0
BRDA:180,11,1,0
BRF:27
BRH:0
end_of_record
TN:
SF:app\dashboard\components\RealtimeGPSPin.tsx
FN:23,gpsAporcentaje
FN:37,RealtimeGPSPin
FN:41,(anonymous_2)
FN:54,(anonymous_3)
FN:59,(anonymous_4)
FN:67,(anonymous_5)
FN:80,useRealtimeGPS
FN:86,(anonymous_7)
FN:99,(anonymous_8)
FN:105,(anonymous_9)
FN:109,(anonymous_10)
FNF:11
FNH:0
FNDA:0,gpsAporcentaje
FNDA:0,RealtimeGPSPin
FNDA:0,(anonymous_2)
FNDA:0,(anonymous_3)
FNDA:0,(anonymous_4)
FNDA:0,(anonymous_5)
FNDA:0,useRealtimeGPS
FNDA:0,(anonymous_7)
FNDA:0,(anonymous_8)
FNDA:0,(anonymous_9)
FNDA:0,(anonymous_10)
DA:3,0
DA:4,0
DA:24,0
DA:25,0
DA:27,0
DA:29,0
DA:31,0
DA:37,0
DA:38,0
DA:39,0
DA:41,0
DA:44,0
DA:55,0
DA:56,0
DA:60,0
DA:61,0
DA:65,0
DA:67,0
DA:68,0
DA:69,0
DA:76,0
DA:80,0
DA:81,0
DA:82,0
DA:83,0
DA:84,0
DA:86,0
DA:87,0
DA:89,0
DA:100,0
DA:101,0
DA:102,0
DA:106,0
DA:109,0
DA:110,0
DA:114,0
LF:36
LH:0
BRDA:60,0,0,0
BRDA:68,1,0,0
BRDA:87,2,0,0
BRF:3
BRH:0
end_of_record
TN:
SF:app\dashboard\components\ScoreBadge.tsx
FN:1,ScoreBadge
FNF:1
FNH:1
FNDA:7,ScoreBadge
DA:1,1
DA:3,7
DA:8,7
LF:3
LH:3
BRDA:3,0,0,2
BRDA:3,0,1,5
BRDA:5,1,0,2
BRDA:5,1,1,3
BRDA:10,2,0,7
BRDA:10,2,1,6
BRF:6
BRH:6
end_of_record
TN:
SF:app\dashboard\components\Sidebar.tsx
FN:17,Sidebar
FN:20,(anonymous_2)
FNF:2
FNH:0
FNDA:0,Sidebar
FNDA:0,(anonymous_2)
DA:3,0
DA:4,0
DA:5,0
DA:9,0
DA:17,0
DA:18,0
DA:20,0
DA:22,0
LF:8
LH:0
BRDA:20,0,0,0
BRDA:20,0,1,0
BRDA:20,1,0,0
BRDA:20,1,1,0
BRDA:20,2,0,0
BRDA:20,2,1,0
BRDA:56,3,0,0
BRDA:56,3,1,0
BRDA:59,4,0,0
BRDA:59,4,1,0
BRDA:66,5,0,0
BRDA:66,5,1,0
BRDA:69,6,0,0
BRDA:69,6,1,0
BRDA:77,7,0,0
BRDA:77,7,1,0
BRDA:80,8,0,0
BRDA:80,8,1,0
BRDA:87,9,0,0
BRDA:87,9,1,0
BRDA:90,10,0,0
BRDA:90,10,1,0
BRDA:97,11,0,0
BRDA:97,11,1,0
BRDA:100,12,0,0
BRDA:100,12,1,0
BRDA:107,13,0,0
BRDA:107,13,1,0
BRDA:110,14,0,0
BRDA:110,14,1,0
BRDA:116,15,0,0
BRDA:116,15,1,0
BRDA:119,16,0,0
BRDA:119,16,1,0
BRF:34
BRH:0
end_of_record
TN:
SF:app\dashboard\components\SimuladorRuta.tsx
FN:8,SimuladorRuta
FN:17,(anonymous_1)
FN:28,(anonymous_2)
FN:28,(anonymous_3)
FN:36,(anonymous_4)
FN:52,(anonymous_5)
FN:77,(anonymous_6)
FNF:7
FNH:0
FNDA:0,SimuladorRuta
FNDA:0,(anonymous_1)
FNDA:0,(anonymous_2)
FNDA:0,(anonymous_3)
FNDA:0,(anonymous_4)
FNDA:0,(anonymous_5)
FNDA:0,(anonymous_6)
DA:3,0
DA:4,0
DA:5,0
DA:8,0
DA:15,0
DA:17,0
DA:18,0
DA:19,0
DA:20,0
DA:23,0
DA:24,0
DA:25,0
DA:28,0
DA:29,0
DA:32,0
DA:33,0
DA:36,0
DA:37,0
DA:38,0
DA:39,0
DA:41,0
DA:42,0
DA:43,0
DA:45,0
DA:52,0
DA:57,0
DA:60,0
DA:67,0
DA:68,0
DA:69,0
DA:72,0
DA:73,0
DA:74,0
DA:77,0
DA:78,0
DA:79,0
DA:82,0
LF:37
LH:0
BRDA:18,0,0,0
BRDA:29,1,0,0
BRDA:39,2,0,0
BRDA:68,3,0,0
BRDA:84,4,0,0
BRDA:84,4,1,0
BRF:6
BRH:0
end_of_record
TN:
SF:app\dashboard\components\StatusBadge.tsx
FN:10,StatusBadge
FNF:1
FNH:1
FNDA:7,StatusBadge
DA:3,1
DA:10,1
DA:11,7
DA:12,7
LF:4
LH:4
BRDA:11,0,0,7
BRDA:11,0,1,1
BRDA:14,1,0,7
BRDA:14,1,1,6
BRF:4
BRH:4
end_of_record
TN:
SF:app\dashboard\components\ThemeToggle.tsx
FN:6,ThemeToggle
FN:9,(anonymous_1)
FN:19,(anonymous_2)
FNF:3
FNH:0
FNDA:0,ThemeToggle
FNDA:0,(anonymous_1)
FNDA:0,(anonymous_2)
DA:3,0
DA:4,0
DA:6,0
DA:7,0
DA:9,0
DA:10,0
DA:11,0
DA:12,0
DA:13,0
DA:15,0
DA:19,0
DA:20,0
DA:21,0
DA:22,0
DA:24,0
DA:25,0
DA:27,0
DA:31,0
LF:18
LH:0
BRDA:10,0,0,0
BRDA:10,0,1,0
BRDA:12,1,0,0
BRDA:12,1,1,0
BRDA:20,2,0,0
BRDA:20,2,1,0
BRDA:24,3,0,0
BRDA:24,3,1,0
BRDA:36,4,0,0
BRDA:36,4,1,0
BRF:10
BRH:0
end_of_record
TN:
SF:app\dashboard\components\WeeklyChart.tsx
FN:19,WeeklyChart
FNF:1
FNH:0
FNDA:0,WeeklyChart
DA:3,0
DA:5,0
DA:19,0
DA:20,0
LF:4
LH:0
BRF:0
BRH:0
end_of_record
TN:
SF:app\dashboard\configuracion\ConfiguracionClient.tsx
FN:52,ConfiguracionClient
FN:96,(anonymous_1)
FN:121,(anonymous_2)
FN:140,(anonymous_3)
FN:164,(anonymous_4)
FN:189,(anonymous_5)
FN:196,(anonymous_6)
FN:217,(anonymous_7)
FN:229,(anonymous_8)
FN:237,(anonymous_9)
FN:247,(anonymous_10)
FN:271,(anonymous_11)
FN:277,(anonymous_12)
FN:399,(anonymous_13)
FN:400,(anonymous_14)
FN:401,(anonymous_15)
FN:402,(anonymous_16)
FN:418,(anonymous_17)
FN:419,(anonymous_18)
FN:420,(anonymous_19)
FN:442,(anonymous_20)
FN:445,(anonymous_21)
FN:462,(anonymous_22)
FN:465,(anonymous_23)
FN:482,(anonymous_24)
FN:539,(anonymous_25)
FN:551,(anonymous_26)
FN:563,(anonymous_27)
FN:577,(anonymous_28)
FN:578,(anonymous_29)
FN:579,(anonymous_30)
FN:580,(anonymous_31)
FNF:32
FNH:0
FNDA:0,ConfiguracionClient
FNDA:0,(anonymous_1)
FNDA:0,(anonymous_2)
FNDA:0,(anonymous_3)
FNDA:0,(anonymous_4)
FNDA:0,(anonymous_5)
FNDA:0,(anonymous_6)
FNDA:0,(anonymous_7)
FNDA:0,(anonymous_8)
FNDA:0,(anonymous_9)
FNDA:0,(anonymous_10)
FNDA:0,(anonymous_11)
FNDA:0,(anonymous_12)
FNDA:0,(anonymous_13)
FNDA:0,(anonymous_14)
FNDA:0,(anonymous_15)
FNDA:0,(anonymous_16)
FNDA:0,(anonymous_17)
FNDA:0,(anonymous_18)
FNDA:0,(anonymous_19)
FNDA:0,(anonymous_20)
FNDA:0,(anonymous_21)
FNDA:0,(anonymous_22)
FNDA:0,(anonymous_23)
FNDA:0,(anonymous_24)
FNDA:0,(anonymous_25)
FNDA:0,(anonymous_26)
FNDA:0,(anonymous_27)
FNDA:0,(anonymous_28)
FNDA:0,(anonymous_29)
FNDA:0,(anonymous_30)
FNDA:0,(anonymous_31)
DA:3,0
DA:4,0
DA:7,0
DA:8,0
DA:14,0
DA:52,0
DA:58,0
DA:59,0
DA:62,0
DA:63,0
DA:64,0
DA:65,0
DA:66,0
DA:67,0
DA:70,0
DA:71,0
DA:72,0
DA:73,0
DA:76,0
DA:77,0
DA:78,0
DA:79,0
DA:80,0
DA:83,0
DA:84,0
DA:85,0
DA:88,0
DA:89,0
DA:90,0
DA:91,0
DA:92,0
DA:93,0
DA:96,0
DA:97,0
DA:98,0
DA:99,0
DA:107,0
DA:108,0
DA:112,0
DA:115,0
DA:117,0
DA:121,0
DA:122,0
DA:123,0
DA:124,0
DA:125,0
DA:126,0
DA:127,0
DA:131,0
DA:134,0
DA:136,0
DA:140,0
DA:141,0
DA:142,0
DA:143,0
DA:150,0
DA:151,0
DA:155,0
DA:158,0
DA:160,0
DA:164,0
DA:165,0
DA:166,0
DA:167,0
DA:175,0
DA:176,0
DA:180,0
DA:183,0
DA:185,0
DA:189,0
DA:190,0
DA:196,0
DA:197,0
DA:198,0
DA:199,0
DA:200,0
DA:202,0
DA:203,0
DA:205,0
DA:209,0
DA:217,0
DA:218,0
DA:229,0
DA:230,0
DA:237,0
DA:242,0
DA:247,0
DA:254,0
DA:272,0
DA:273,0
DA:274,0
DA:277,0
DA:399,0
DA:400,0
DA:401,0
DA:403,0
DA:418,0
DA:419,0
DA:421,0
DA:443,0
DA:445,0
DA:463,0
DA:465,0
DA:482,0
DA:539,0
DA:551,0
DA:563,0
DA:577,0
DA:578,0
DA:579,0
DA:581,0
LF:111
LH:0
BRDA:70,0,0,0
BRDA:70,0,1,0
BRDA:71,1,0,0
BRDA:71,1,1,0
BRDA:73,2,0,0
BRDA:73,2,1,0
BRDA:107,3,0,0
BRDA:107,3,1,0
BRDA:126,4,0,0
BRDA:126,4,1,0
BRDA:150,5,0,0
BRDA:150,5,1,0
BRDA:175,6,0,0
BRDA:175,6,1,0
BRDA:191,7,0,0
BRDA:191,7,1,0
BRDA:198,8,0,0
BRDA:198,8,1,0
BRDA:199,9,0,0
BRDA:200,10,0,0
BRDA:200,10,1,0
BRDA:202,11,0,0
BRDA:203,12,0,0
BRDA:203,12,1,0
BRDA:205,13,0,0
BRDA:205,13,1,0
BRDA:223,14,0,0
BRDA:223,14,1,0
BRDA:238,15,0,0
BRDA:238,16,0,0
BRDA:247,17,0,0
BRDA:247,17,1,0
BRDA:247,18,0,0
BRDA:247,18,1,0
BRDA:249,19,0,0
BRDA:249,19,1,0
BRDA:279,20,0,0
BRDA:279,20,1,0
BRDA:285,21,0,0
BRDA:285,21,1,0
BRDA:288,22,0,0
BRDA:288,22,1,0
BRDA:298,23,0,0
BRDA:298,23,1,0
BRDA:338,24,0,0
BRDA:338,24,1,0
BRDA:385,25,0,0
BRDA:385,25,1,0
BRDA:447,26,0,0
BRDA:447,26,1,0
BRDA:448,27,0,0
BRDA:448,27,1,0
BRDA:454,28,0,0
BRDA:454,28,1,0
BRDA:467,29,0,0
BRDA:467,29,1,0
BRDA:470,30,0,0
BRDA:470,30,1,0
BRDA:470,31,0,0
BRDA:470,31,1,0
BRDA:476,32,0,0
BRDA:476,32,1,0
BRDA:507,33,0,0
BRDA:507,33,1,0
BRDA:507,34,0,0
BRDA:507,34,1,0
BRDA:521,35,0,0
BRDA:521,35,1,0
BRF:68
BRH:0
end_of_record
TN:
SF:app\dashboard\pedidos\[id]\editar\EditarPedidoForm.tsx
FN:18,EditarPedidoForm
FN:22,handleSubmit
FNF:2
FNH:0
FNDA:0,EditarPedidoForm
FNDA:0,handleSubmit
DA:3,0
DA:4,0
DA:5,0
DA:6,0
DA:7,0
DA:8,0
DA:18,0
DA:19,0
DA:20,0
DA:23,0
DA:24,0
DA:25,0
DA:26,0
DA:27,0
DA:28,0
DA:30,0
DA:31,0
DA:33,0
DA:35,0
DA:39,0
LF:20
LH:0
BRDA:28,0,0,0
BRDA:28,1,0,0
BRDA:28,1,1,0
BRDA:28,2,0,0
BRDA:28,2,1,0
BRDA:33,3,0,0
BRDA:33,3,1,0
BRDA:76,4,0,0
BRDA:76,4,1,0
BRDA:114,5,0,0
BRDA:114,5,1,0
BRF:11
BRH:0
end_of_record
TN:
SF:app\dashboard\reportes\ExportarReportePDF.tsx
FN:22,ExportarReportePDF
FN:25,(anonymous_2)
FN:147,(anonymous_3)
FNF:3
FNH:0
FNDA:0,ExportarReportePDF
FNDA:0,(anonymous_2)
FNDA:0,(anonymous_3)
DA:3,0
DA:4,0
DA:5,0
DA:6,0
DA:22,0
DA:23,0
DA:25,0
DA:26,0
DA:27,0
DA:30,0
DA:37,0
DA:38,0
DA:39,0
DA:40,0
DA:44,0
DA:45,0
DA:48,0
DA:49,0
DA:50,0
DA:51,0
DA:53,0
DA:54,0
DA:55,0
DA:56,0
DA:59,0
DA:60,0
DA:61,0
DA:62,0
DA:64,0
DA:65,0
DA:66,0
DA:67,0
DA:68,0
DA:69,0
DA:72,0
DA:73,0
DA:74,0
DA:77,0
DA:78,0
DA:79,0
DA:80,0
DA:83,0
DA:106,0
DA:127,0
DA:130,0
DA:131,0
DA:132,0
DA:133,0
DA:135,0
DA:136,0
DA:137,0
DA:139,0
DA:146,0
DA:147,0
DA:148,0
DA:149,0
DA:153,0
DA:154,0
DA:155,0
DA:157,0
DA:158,0
DA:159,0
DA:160,0
DA:161,0
DA:164,0
DA:165,0
DA:167,0
DA:169,0
DA:173,0
LF:69
LH:0
BRDA:180,0,0,0
BRDA:180,0,1,0
BRF:2
BRH:0
end_of_record
TN:
SF:app\dashboard\reportes\GraficosReportes.tsx
FN:46,GraficosReportes
FN:91,(anonymous_1)
FN:107,(anonymous_2)
FN:113,(anonymous_3)
FN:116,(anonymous_4)
FN:144,(anonymous_5)
FN:157,(anonymous_6)
FN:175,GraficoTendenciaRiesgo
FN:177,(anonymous_8)
FN:202,(anonymous_9)
FN:206,(anonymous_10)
FNF:11
FNH:0
FNDA:0,GraficosReportes
FNDA:0,(anonymous_1)
FNDA:0,(anonymous_2)
FNDA:0,(anonymous_3)
FNDA:0,(anonymous_4)
FNDA:0,(anonymous_5)
FNDA:0,(anonymous_6)
FNDA:0,GraficoTendenciaRiesgo
FNDA:0,(anonymous_8)
FNDA:0,(anonymous_9)
FNDA:0,(anonymous_10)
DA:3,0
DA:38,0
DA:46,0
DA:51,0
DA:91,0
DA:108,0
DA:113,0
DA:117,0
DA:144,0
DA:157,0
DA:175,0
DA:177,0
DA:182,0
DA:202,0
DA:206,0
LF:15
LH:0
BRDA:91,0,0,0
BRDA:91,0,1,0
BRDA:113,1,0,0
BRDA:113,1,1,0
BRDA:113,2,0,0
BRDA:113,2,1,0
BRDA:130,3,0,0
BRDA:130,3,1,0
BRDA:157,4,0,0
BRDA:157,4,1,0
BRDA:157,5,0,0
BRDA:157,5,1,0
BRDA:179,6,0,0
BRDA:179,6,1,0
BRDA:206,7,0,0
BRDA:206,7,1,0
BRDA:206,8,0,0
BRDA:206,8,1,0
BRF:18
BRH:0
end_of_record
TN:
SF:app\dashboard\rutas\RutasMapaClient.tsx
FN:54,RutasMapaClient
FN:58,(anonymous_1)
FN:59,(anonymous_2)
FN:62,(anonymous_3)
FN:63,(anonymous_4)
FN:65,(anonymous_5)
FN:66,(anonymous_6)
FN:99,(anonymous_7)
FN:108,(anonymous_8)
FN:123,(anonymous_9)
FN:156,(anonymous_10)
FN:192,(anonymous_11)
FN:250,(anonymous_12)
FN:257,(anonymous_13)
FNF:14
FNH:0
FNDA:0,RutasMapaClient
FNDA:0,(anonymous_1)
FNDA:0,(anonymous_2)
FNDA:0,(anonymous_3)
FNDA:0,(anonymous_4)
FNDA:0,(anonymous_5)
FNDA:0,(anonymous_6)
FNDA:0,(anonymous_7)
FNDA:0,(anonymous_8)
FNDA:0,(anonymous_9)
FNDA:0,(anonymous_10)
FNDA:0,(anonymous_11)
FNDA:0,(anonymous_12)
FNDA:0,(anonymous_13)
DA:3,0
DA:4,0
DA:5,0
DA:6,0
DA:35,0
DA:54,0
DA:55,0
DA:56,0
DA:58,0
DA:59,0
DA:62,0
DA:63,0
DA:64,0
DA:65,0
DA:66,0
DA:67,0
DA:73,0
DA:74,0
DA:77,0
DA:80,0
DA:82,0
DA:100,0
DA:101,0
DA:102,0
DA:104,0
DA:108,0
DA:123,0
DA:157,0
DA:193,0
DA:251,0
DA:252,0
DA:254,0
DA:257,0
LF:33
LH:0
BRDA:63,0,0,0
BRDA:63,0,1,0
BRDA:64,1,0,0
BRDA:73,2,0,0
BRDA:80,3,0,0
BRDA:80,3,1,0
BRDA:88,4,0,0
BRDA:88,4,1,0
BRDA:100,5,0,0
BRDA:100,6,0,0
BRDA:100,6,1,0
BRDA:108,7,0,0
BRDA:108,7,1,0
BRDA:112,8,0,0
BRDA:112,8,1,0
BRDA:120,9,0,0
BRDA:120,9,1,0
BRDA:129,10,0,0
BRDA:129,10,1,0
BRDA:139,11,0,0
BRDA:139,11,1,0
BRDA:156,12,0,0
BRDA:156,12,1,0
BRDA:205,13,0,0
BRDA:205,13,1,0
BRDA:209,14,0,0
BRDA:209,14,1,0
BRDA:210,15,0,0
BRDA:210,15,1,0
BRDA:244,16,0,0
BRDA:244,16,1,0
BRDA:257,17,0,0
BRDA:257,17,1,0
BRDA:259,18,0,0
BRDA:259,18,1,0
BRDA:262,19,0,0
BRDA:262,19,1,0
BRDA:267,20,0,0
BRDA:267,20,1,0
BRDA:277,21,0,0
BRDA:277,21,1,0
BRF:41
BRH:0
end_of_record
TN:
SF:app\login\actions.ts
FN:3,(anonymous_0)
FNF:1
FNH:0
FNDA:0,(anonymous_0)
DA:3,0
LF:1
LH:0
BRF:0
BRH:0
end_of_record
TN:
SF:app\onboarding\actions.ts
FN:7,createCompany
FN:32,(anonymous_2)
FNF:2
FNH:0
FNDA:0,createCompany
FNDA:0,(anonymous_2)
DA:3,0
DA:4,0
DA:5,0
DA:7,0
DA:8,0
DA:9,0
DA:11,0
DA:12,0
DA:15,0
DA:16,0
DA:18,0
DA:19,0
DA:23,0
DA:27,0
DA:28,0
DA:32,0
DA:33,0
DA:42,0
DA:53,0
LF:19
LH:0
BRDA:11,0,0,0
BRDA:18,1,0,0
BRDA:18,2,0,0
BRDA:18,2,1,0
BRDA:27,3,0,0
BRDA:36,4,0,0
BRDA:36,4,1,0
BRDA:46,5,0,0
BRDA:46,5,1,0
BRF:9
BRH:0
end_of_record
TN:
SF:app\super-admin\components\SuperAdminHeader.tsx
FN:3,SuperAdminHeader
FNF:1
FNH:0
FNDA:0,SuperAdminHeader
DA:1,0
DA:3,0
DA:4,0
LF:3
LH:0
BRF:0
BRH:0
end_of_record
TN:
SF:app\super-admin\components\SuperAdminSidebar.tsx
FN:7,SuperAdminSidebar
FN:10,(anonymous_2)
FNF:2
FNH:0
FNDA:0,SuperAdminSidebar
FNDA:0,(anonymous_2)
DA:3,0
DA:4,0
DA:5,0
DA:7,0
DA:8,0
DA:10,0
DA:12,0
LF:7
LH:0
BRDA:10,0,0,0
BRDA:10,0,1,0
BRDA:10,1,0,0
BRDA:10,1,1,0
BRDA:10,2,0,0
BRDA:10,2,1,0
BRDA:47,3,0,0
BRDA:47,3,1,0
BRDA:50,4,0,0
BRDA:50,4,1,0
BRDA:57,5,0,0
BRDA:57,5,1,0
BRDA:60,6,0,0
BRDA:60,6,1,0
BRDA:68,7,0,0
BRDA:68,7,1,0
BRDA:71,8,0,0
BRDA:71,8,1,0
BRDA:78,9,0,0
BRDA:78,9,1,0
BRDA:81,10,0,0
BRDA:81,10,1,0
BRDA:88,11,0,0
BRDA:88,11,1,0
BRDA:91,12,0,0
BRDA:91,12,1,0
BRDA:98,13,0,0
BRDA:98,13,1,0
BRDA:101,14,0,0
BRDA:101,14,1,0
BRF:30
BRH:0
end_of_record
TN:
SF:app\tracking\[id]\TrackingClient.tsx
FN:51,TrackingClient
FN:58,(anonymous_2)
FN:64,(anonymous_3)
FN:80,(anonymous_4)
FN:84,(anonymous_5)
FN:96,(anonymous_6)
FN:97,(anonymous_7)
FN:157,(anonymous_8)
FN:174,(anonymous_9)
FN:260,(anonymous_10)
FNF:10
FNH:0
FNDA:0,TrackingClient
FNDA:0,(anonymous_2)
FNDA:0,(anonymous_3)
FNDA:0,(anonymous_4)
FNDA:0,(anonymous_5)
FNDA:0,(anonymous_6)
FNDA:0,(anonymous_7)
FNDA:0,(anonymous_8)
FNDA:0,(anonymous_9)
FNDA:0,(anonymous_10)
DA:3,0
DA:4,0
DA:5,0
DA:6,0
DA:7,0
DA:10,0
DA:51,0
DA:52,0
DA:53,0
DA:54,0
DA:55,0
DA:58,0
DA:59,0
DA:60,0
DA:61,0
DA:64,0
DA:65,0
DA:66,0
DA:67,0
DA:68,0
DA:71,0
DA:73,0
DA:77,0
DA:78,0
DA:80,0
DA:84,0
DA:85,0
DA:86,0
DA:87,0
DA:90,0
DA:96,0
DA:97,0
DA:100,0
DA:157,0
DA:174,0
DA:261,0
DA:262,0
DA:263,0
DA:265,0
LF:39
LH:0
BRDA:59,0,0,0
BRDA:67,1,0,0
BRDA:67,2,0,0
BRDA:67,2,1,0
BRDA:67,2,2,0
BRDA:85,3,0,0
BRDA:86,4,0,0
BRDA:86,5,0,0
BRDA:86,5,1,0
BRDA:96,6,0,0
BRDA:96,6,1,0
BRDA:112,7,0,0
BRDA:112,7,1,0
BRDA:122,8,0,0
BRDA:122,8,1,0
BRDA:124,9,0,0
BRDA:124,9,1,0
BRDA:135,10,0,0
BRDA:135,10,1,0
BRDA:135,10,2,0
BRDA:153,11,0,0
BRDA:153,11,1,0
BRDA:171,12,0,0
BRDA:171,12,1,0
BRDA:171,12,2,0
BRDA:215,13,0,0
BRDA:215,13,1,0
BRDA:237,14,0,0
BRDA:237,14,1,0
BRDA:268,15,0,0
BRDA:268,15,1,0
BRDA:270,16,0,0
BRDA:270,16,1,0
BRDA:277,17,0,0
BRDA:277,17,1,0
BRDA:277,18,0,0
BRDA:277,18,1,0
BRDA:280,19,0,0
BRDA:280,19,1,0
BRDA:280,19,2,0
BRDA:283,20,0,0
BRDA:283,20,1,0
BRDA:283,20,2,0
BRDA:286,21,0,0
BRDA:286,21,1,0
BRDA:286,21,2,0
BRDA:297,22,0,0
BRDA:297,22,1,0
BRDA:297,22,2,0
BRDA:297,22,3,0
BRDA:308,23,0,0
BRDA:308,23,1,0
BRDA:330,24,0,0
BRDA:330,24,1,0
BRF:54
BRH:0
end_of_record
