{"C:\\Users\\cristian\\Desktop\\RuteAI\\apps\\ai-service\\src\\routes\\health.route.ts": {"path":"C:\\Users\\cristian\\Desktop\\RuteAI\\apps\\ai-service\\src\\routes\\health.route.ts","statementMap":{"0":{"start":{"line":1,"column":0},"end":{"line":1,"column":33}},"1":{"start":{"line":3,"column":13},"end":{"line":3,"column":37}},"2":{"start":{"line":5,"column":0},"end":{"line":13,"column":3}},"3":{"start":{"line":6,"column":2},"end":{"line":12,"column":5}}},"fnMap":{"0":{"name":"(anonymous_0)","decl":{"start":{"line":5,"column":22},"end":{"line":5,"column":23}},"loc":{"start":{"line":5,"column":36},"end":{"line":13,"column":1}}}},"branchMap":{},"s":{"0":0,"1":0,"2":0,"3":0},"f":{"0":0},"b":{}}
,"C:\\Users\\cristian\\Desktop\\RuteAI\\apps\\ai-service\\src\\routes\\optimize.route.ts": {"path":"C:\\Users\\cristian\\Desktop\\RuteAI\\apps\\ai-service\\src\\routes\\optimize.route.ts","statementMap":{"0":{"start":{"line":1,"column":0},"end":{"line":1,"column":52}},"1":{"start":{"line":2,"column":0},"end":{"line":2,"column":24}},"2":{"start":{"line":3,"column":0},"end":{"line":3,"column":55}},"3":{"start":{"line":5,"column":13},"end":{"line":5,"column":39}},"4":{"start":{"line":8,"column":20},"end":{"line":12,"column":2}},"5":{"start":{"line":14,"column":23},"end":{"line":17,"column":2}},"6":{"start":{"line":20,"column":0},"end":{"line":44,"column":3}},"7":{"start":{"line":21,"column":17},"end":{"line":21,"column":51}},"8":{"start":{"line":23,"column":2},"end":{"line":30,"column":3}},"9":{"start":{"line":24,"column":4},"end":{"line":28,"column":7}},"10":{"start":{"line":29,"column":4},"end":{"line":29,"column":11}},"11":{"start":{"line":32,"column":29},"end":{"line":32,"column":40}},"12":{"start":{"line":33,"column":25},"end":{"line":33,"column":54}},"13":{"start":{"line":35,"column":2},"end":{"line":43,"column":5}}},"fnMap":{"0":{"name":"(anonymous_0)","decl":{"start":{"line":20,"column":25},"end":{"line":20,"column":26}},"loc":{"start":{"line":20,"column":57},"end":{"line":44,"column":1}}}},"branchMap":{"0":{"loc":{"start":{"line":23,"column":2},"end":{"line":30,"column":3}},"type":"if","locations":[{"start":{"line":23,"column":2},"end":{"line":30,"column":3}}]}},"s":{"0":0,"1":0,"2":0,"3":0,"4":0,"5":0,"6":0,"7":0,"8":0,"9":0,"10":0,"11":0,"12":0,"13":0},"f":{"0":0},"b":{"0":[0]}}
,"C:\\Users\\cristian\\Desktop\\RuteAI\\apps\\ai-service\\src\\routes\\score.route.ts": {"path":"C:\\Users\\cristian\\Desktop\\RuteAI\\apps\\ai-service\\src\\routes\\score.route.ts","statementMap":{"0":{"start":{"line":1,"column":0},"end":{"line":1,"column":52}},"1":{"start":{"line":2,"column":0},"end":{"line":2,"column":24}},"2":{"start":{"line":3,"column":0},"end":{"line":3,"column":61}},"3":{"start":{"line":5,"column":13},"end":{"line":5,"column":36}},"4":{"start":{"line":8,"column":20},"end":{"line":16,"column":2}},"5":{"start":{"line":21,"column":0},"end":{"line":46,"column":3}},"6":{"start":{"line":22,"column":17},"end":{"line":22,"column":48}},"7":{"start":{"line":24,"column":2},"end":{"line":31,"column":3}},"8":{"start":{"line":25,"column":4},"end":{"line":29,"column":7}},"9":{"start":{"line":30,"column":4},"end":{"line":30,"column":11}},"10":{"start":{"line":33,"column":28},"end":{"line":33,"column":39}},"11":{"start":{"line":34,"column":20},"end":{"line":34,"column":46}},"12":{"start":{"line":36,"column":2},"end":{"line":45,"column":5}}},"fnMap":{"0":{"name":"(anonymous_0)","decl":{"start":{"line":21,"column":22},"end":{"line":21,"column":23}},"loc":{"start":{"line":21,"column":54},"end":{"line":46,"column":1}}}},"branchMap":{"0":{"loc":{"start":{"line":24,"column":2},"end":{"line":31,"column":3}},"type":"if","locations":[{"start":{"line":24,"column":2},"end":{"line":31,"column":3}}]}},"s":{"0":0,"1":0,"2":0,"3":0,"4":0,"5":0,"6":0,"7":0,"8":0,"9":0,"10":0,"11":0,"12":0},"f":{"0":0},"b":{"0":[0]}}
,"C:\\Users\\cristian\\Desktop\\RuteAI\\apps\\ai-service\\src\\services\\ai.service.ts": {"path":"C:\\Users\\cristian\\Desktop\\RuteAI\\apps\\ai-service\\src\\services\\ai.service.ts","statementMap":{"0":{"start":{"line":33,"column":0},"end":{"line":33,"column":16}},"1":{"start":{"line":99,"column":0},"end":{"line":99,"column":16}},"2":{"start":{"line":34,"column":14},"end":{"line":34,"column":15}},"3":{"start":{"line":35,"column":28},"end":{"line":35,"column":30}},"4":{"start":{"line":38,"column":2},"end":{"line":44,"column":3}},"5":{"start":{"line":39,"column":4},"end":{"line":39,"column":18}},"6":{"start":{"line":40,"column":4},"end":{"line":40,"column":64}},"7":{"start":{"line":41,"column":9},"end":{"line":44,"column":3}},"8":{"start":{"line":42,"column":4},"end":{"line":42,"column":18}},"9":{"start":{"line":43,"column":4},"end":{"line":43,"column":61}},"10":{"start":{"line":47,"column":2},"end":{"line":53,"column":3}},"11":{"start":{"line":48,"column":4},"end":{"line":48,"column":18}},"12":{"start":{"line":49,"column":4},"end":{"line":49,"column":78}},"13":{"start":{"line":50,"column":9},"end":{"line":53,"column":3}},"14":{"start":{"line":51,"column":4},"end":{"line":51,"column":18}},"15":{"start":{"line":52,"column":4},"end":{"line":52,"column":70}},"16":{"start":{"line":56,"column":2},"end":{"line":62,"column":3}},"17":{"start":{"line":57,"column":4},"end":{"line":57,"column":18}},"18":{"start":{"line":58,"column":4},"end":{"line":58,"column":75}},"19":{"start":{"line":59,"column":9},"end":{"line":62,"column":3}},"20":{"start":{"line":60,"column":4},"end":{"line":60,"column":18}},"21":{"start":{"line":61,"column":4},"end":{"line":61,"column":56}},"22":{"start":{"line":65,"column":2},"end":{"line":68,"column":3}},"23":{"start":{"line":66,"column":4},"end":{"line":66,"column":18}},"24":{"start":{"line":67,"column":4},"end":{"line":67,"column":61}},"25":{"start":{"line":71,"column":23},"end":{"line":72,"column":58}},"26":{"start":{"line":73,"column":2},"end":{"line":76,"column":3}},"27":{"start":{"line":74,"column":4},"end":{"line":74,"column":18}},"28":{"start":{"line":75,"column":4},"end":{"line":75,"column":69}},"29":{"start":{"line":79,"column":2},"end":{"line":79,"column":42}},"30":{"start":{"line":82,"column":36},"end":{"line":82,"column":42}},"31":{"start":{"line":83,"column":2},"end":{"line":87,"column":3}},"32":{"start":{"line":84,"column":4},"end":{"line":84,"column":19}},"33":{"start":{"line":85,"column":9},"end":{"line":87,"column":3}},"34":{"start":{"line":86,"column":4},"end":{"line":86,"column":20}},"35":{"start":{"line":89,"column":2},"end":{"line":91,"column":3}},"36":{"start":{"line":90,"column":4},"end":{"line":90,"column":54}},"37":{"start":{"line":93,"column":2},"end":{"line":93,"column":65}},"38":{"start":{"line":100,"column":22},"end":{"line":100,"column":33}},"39":{"start":{"line":101,"column":24},"end":{"line":101,"column":32}},"40":{"start":{"line":102,"column":15},"end":{"line":102,"column":21}},"41":{"start":{"line":104,"column":2},"end":{"line":120,"column":3}},"42":{"start":{"line":106,"column":18},"end":{"line":106,"column":26}},"43":{"start":{"line":107,"column":20},"end":{"line":107,"column":21}},"44":{"start":{"line":109,"column":4},"end":{"line":115,"column":7}},"45":{"start":{"line":110,"column":19},"end":{"line":110,"column":53}},"46":{"start":{"line":111,"column":6},"end":{"line":114,"column":7}},"47":{"start":{"line":112,"column":8},"end":{"line":112,"column":23}},"48":{"start":{"line":113,"column":8},"end":{"line":113,"column":22}},"49":{"start":{"line":117,"column":4},"end":{"line":117,"column":36}},"50":{"start":{"line":118,"column":4},"end":{"line":118,"column":22}},"51":{"start":{"line":119,"column":4},"end":{"line":119,"column":37}},"52":{"start":{"line":122,"column":2},"end":{"line":122,"column":14}},"53":{"start":{"line":128,"column":15},"end":{"line":128,"column":28}},"54":{"start":{"line":129,"column":15},"end":{"line":129,"column":28}},"55":{"start":{"line":130,"column":2},"end":{"line":130,"column":46}}},"fnMap":{"0":{"name":"calcularScoreRiesgo","decl":{"start":{"line":33,"column":16},"end":{"line":33,"column":35}},"loc":{"start":{"line":33,"column":53},"end":{"line":94,"column":1}}},"1":{"name":"optimizarRuta","decl":{"start":{"line":99,"column":16},"end":{"line":99,"column":29}},"loc":{"start":{"line":99,"column":60},"end":{"line":123,"column":1}}},"2":{"name":"(anonymous_2)","decl":{"start":{"line":109,"column":24},"end":{"line":109,"column":25}},"loc":{"start":{"line":109,"column":37},"end":{"line":115,"column":5}}},"3":{"name":"distanciaEuclidiana","decl":{"start":{"line":126,"column":9},"end":{"line":126,"column":28}},"loc":{"start":{"line":126,"column":47},"end":{"line":131,"column":1}}}},"branchMap":{"0":{"loc":{"start":{"line":38,"column":2},"end":{"line":44,"column":3}},"type":"if","locations":[{"start":{"line":38,"column":2},"end":{"line":44,"column":3}},{"start":{"line":41,"column":9},"end":{"line":44,"column":3}}]},"1":{"loc":{"start":{"line":38,"column":6},"end":{"line":38,"column":41}},"type":"binary-expr","locations":[{"start":{"line":38,"column":6},"end":{"line":38,"column":22}},{"start":{"line":38,"column":26},"end":{"line":38,"column":41}}]},"2":{"loc":{"start":{"line":41,"column":9},"end":{"line":44,"column":3}},"type":"if","locations":[{"start":{"line":41,"column":9},"end":{"line":44,"column":3}}]},"3":{"loc":{"start":{"line":47,"column":2},"end":{"line":53,"column":3}},"type":"if","locations":[{"start":{"line":47,"column":2},"end":{"line":53,"column":3}},{"start":{"line":50,"column":9},"end":{"line":53,"column":3}}]},"4":{"loc":{"start":{"line":50,"column":9},"end":{"line":53,"column":3}},"type":"if","locations":[{"start":{"line":50,"column":9},"end":{"line":53,"column":3}}]},"5":{"loc":{"start":{"line":56,"column":2},"end":{"line":62,"column":3}},"type":"if","locations":[{"start":{"line":56,"column":2},"end":{"line":62,"column":3}},{"start":{"line":59,"column":9},"end":{"line":62,"column":3}}]},"6":{"loc":{"start":{"line":59,"column":9},"end":{"line":62,"column":3}},"type":"if","locations":[{"start":{"line":59,"column":9},"end":{"line":62,"column":3}}]},"7":{"loc":{"start":{"line":65,"column":2},"end":{"line":68,"column":3}},"type":"if","locations":[{"start":{"line":65,"column":2},"end":{"line":68,"column":3}}]},"8":{"loc":{"start":{"line":71,"column":23},"end":{"line":72,"column":58}},"type":"binary-expr","locations":[{"start":{"line":71,"column":23},"end":{"line":71,"column":38}},{"start":{"line":71,"column":42},"end":{"line":71,"column":57}},{"start":{"line":72,"column":24},"end":{"line":72,"column":39}},{"start":{"line":72,"column":43},"end":{"line":72,"column":58}}]},"9":{"loc":{"start":{"line":73,"column":2},"end":{"line":76,"column":3}},"type":"if","locations":[{"start":{"line":73,"column":2},"end":{"line":76,"column":3}}]},"10":{"loc":{"start":{"line":83,"column":2},"end":{"line":87,"column":3}},"type":"if","locations":[{"start":{"line":83,"column":2},"end":{"line":87,"column":3}},{"start":{"line":85,"column":9},"end":{"line":87,"column":3}}]},"11":{"loc":{"start":{"line":85,"column":9},"end":{"line":87,"column":3}},"type":"if","locations":[{"start":{"line":85,"column":9},"end":{"line":87,"column":3}}]},"12":{"loc":{"start":{"line":89,"column":2},"end":{"line":91,"column":3}},"type":"if","locations":[{"start":{"line":89,"column":2},"end":{"line":91,"column":3}}]},"13":{"loc":{"start":{"line":111,"column":6},"end":{"line":114,"column":7}},"type":"if","locations":[{"start":{"line":111,"column":6},"end":{"line":114,"column":7}}]}},"s":{"0":1,"1":1,"2":13,"3":13,"4":13,"5":3,"6":3,"7":10,"8":1,"9":1,"10":13,"11":3,"12":3,"13":10,"14":3,"15":3,"16":13,"17":3,"18":3,"19":10,"20":1,"21":1,"22":13,"23":4,"24":4,"25":13,"26":13,"27":2,"28":2,"29":13,"30":13,"31":13,"32":2,"33":11,"34":1,"35":13,"36":2,"37":13,"38":5,"39":5,"40":5,"41":5,"42":10,"43":10,"44":10,"45":16,"46":16,"47":12,"48":12,"49":10,"50":10,"51":10,"52":5,"53":16,"54":16,"55":16},"f":{"0":13,"1":5,"2":16,"3":16},"b":{"0":[3,10],"1":[13,11],"2":[1],"3":[3,10],"4":[3],"5":[3,10],"6":[1],"7":[4],"8":[13,13,11,11],"9":[2],"10":[2,11],"11":[1],"12":[2],"13":[12]}}
}
