TN:
SF:src\routes\health.route.ts
FN:5,(anonymous_0)
FNF:1
FNH:0
FNDA:0,(anonymous_0)
DA:1,0
DA:3,0
DA:5,0
DA:6,0
LF:4
LH:0
BRF:0
BRH:0
end_of_record
TN:
SF:src\routes\optimize.route.ts
FN:20,(anonymous_0)
FNF:1
FNH:0
FNDA:0,(anonymous_0)
DA:1,0
DA:2,0
DA:3,0
DA:5,0
DA:8,0
DA:14,0
DA:20,0
DA:21,0
DA:23,0
DA:24,0
DA:29,0
DA:32,0
DA:33,0
DA:35,0
LF:14
LH:0
BRDA:23,0,0,0
BRF:1
BRH:0
end_of_record
TN:
SF:src\routes\score.route.ts
FN:21,(anonymous_0)
FNF:1
FNH:0
FNDA:0,(anonymous_0)
DA:1,0
DA:2,0
DA:3,0
DA:5,0
DA:8,0
DA:21,0
DA:22,0
DA:24,0
DA:25,0
DA:30,0
DA:33,0
DA:34,0
DA:36,0
LF:13
LH:0
BRDA:24,0,0,0
BRF:1
BRH:0
end_of_record
TN:
SF:src\services\ai.service.ts
FN:33,calcularScoreRiesgo
FN:99,optimizarRuta
FN:109,(anonymous_2)
FN:126,distanciaEuclidiana
FNF:4
FNH:4
FNDA:13,calcularScoreRiesgo
FNDA:5,optimizarRuta
FNDA:16,(anonymous_2)
FNDA:16,distanciaEuclidiana
DA:33,1
DA:34,13
DA:35,13
DA:38,13
DA:39,3
DA:40,3
DA:41,10
DA:42,1
DA:43,1
DA:47,13
DA:48,3
DA:49,3
DA:50,10
DA:51,3
DA:52,3
DA:56,13
DA:57,3
DA:58,3
DA:59,10
DA:60,1
DA:61,1
DA:65,13
DA:66,4
DA:67,4
DA:71,13
DA:73,13
DA:74,2
DA:75,2
DA:79,13
DA:82,13
DA:83,13
DA:84,2
DA:85,11
DA:86,1
DA:89,13
DA:90,2
DA:93,13
DA:99,1
DA:100,5
DA:101,5
DA:102,5
DA:104,5
DA:106,10
DA:107,10
DA:109,10
DA:110,16
DA:111,16
DA:112,12
DA:113,12
DA:117,10
DA:118,10
DA:119,10
DA:122,5
DA:128,16
DA:129,16
DA:130,16
LF:56
LH:56
BRDA:38,0,0,3
BRDA:38,0,1,10
BRDA:38,1,0,13
BRDA:38,1,1,11
BRDA:41,2,0,1
BRDA:47,3,0,3
BRDA:47,3,1,10
BRDA:50,4,0,3
BRDA:56,5,0,3
BRDA:56,5,1,10
BRDA:59,6,0,1
BRDA:65,7,0,4
BRDA:71,8,0,13
BRDA:71,8,1,13
BRDA:71,8,2,11
BRDA:71,8,3,11
BRDA:73,9,0,2
BRDA:83,10,0,2
BRDA:83,10,1,11
BRDA:85,11,0,1
BRDA:89,12,0,2
BRDA:111,13,0,12
BRF:22
BRH:22
end_of_record
