{"C:\\Users\\cristian\\Desktop\\RuteAI\\apps\\core\\src\\lib\\logger.ts": {"path":"C:\\Users\\cristian\\Desktop\\RuteAI\\apps\\core\\src\\lib\\logger.ts","statementMap":{"0":{"start":{"line":1,"column":13},"end":{"line":36,"column":2}},"1":{"start":{"line":3,"column":4},"end":{"line":10,"column":6}},"2":{"start":{"line":14,"column":4},"end":{"line":21,"column":6}},"3":{"start":{"line":25,"column":4},"end":{"line":34,"column":6}}},"fnMap":{"0":{"name":"(anonymous_0)","decl":{"start":{"line":2,"column":2},"end":{"line":2,"column":6}},"loc":{"start":{"line":2,"column":50},"end":{"line":11,"column":3}}},"1":{"name":"(anonymous_1)","decl":{"start":{"line":13,"column":2},"end":{"line":13,"column":6}},"loc":{"start":{"line":13,"column":50},"end":{"line":22,"column":3}}},"2":{"name":"(anonymous_2)","decl":{"start":{"line":24,"column":2},"end":{"line":24,"column":7}},"loc":{"start":{"line":24,"column":64},"end":{"line":35,"column":3}}}},"branchMap":{"0":{"loc":{"start":{"line":29,"column":15},"end":{"line":29,"column":69}},"type":"cond-expr","locations":[{"start":{"line":29,"column":40},"end":{"line":29,"column":53}},{"start":{"line":29,"column":56},"end":{"line":29,"column":69}}]},"1":{"loc":{"start":{"line":30,"column":15},"end":{"line":30,"column":63}},"type":"cond-expr","locations":[{"start":{"line":30,"column":40},"end":{"line":30,"column":51}},{"start":{"line":30,"column":54},"end":{"line":30,"column":63}}]}},"s":{"0":1,"1":3,"2":1,"3":3},"f":{"0":3,"1":1,"2":3},"b":{"0":[2,1],"1":[2,1]}}
,"C:\\Users\\cristian\\Desktop\\RuteAI\\apps\\core\\src\\lib\\prisma.ts": {"path":"C:\\Users\\cristian\\Desktop\\RuteAI\\apps\\core\\src\\lib\\prisma.ts","statementMap":{"0":{"start":{"line":1,"column":0},"end":{"line":1,"column":46}},"1":{"start":{"line":3,"column":24},"end":{"line":3,"column":69}},"2":{"start":{"line":5,"column":15},"end":{"line":5,"column":59}},"3":{"start":{"line":7,"column":0},"end":{"line":9,"column":1}},"4":{"start":{"line":8,"column":2},"end":{"line":8,"column":34}},"5":{"start":{"line":11,"column":0},"end":{"line":11,"column":22}}},"fnMap":{},"branchMap":{"0":{"loc":{"start":{"line":5,"column":15},"end":{"line":5,"column":59}},"type":"binary-expr","locations":[{"start":{"line":5,"column":15},"end":{"line":5,"column":37}},{"start":{"line":5,"column":41},"end":{"line":5,"column":59}}]},"1":{"loc":{"start":{"line":7,"column":0},"end":{"line":9,"column":1}},"type":"if","locations":[{"start":{"line":7,"column":0},"end":{"line":9,"column":1}}]}},"s":{"0":0,"1":0,"2":0,"3":0,"4":0,"5":0},"f":{},"b":{"0":[0,0],"1":[0]}}
,"C:\\Users\\cristian\\Desktop\\RuteAI\\apps\\core\\src\\lib\\swagger.ts": {"path":"C:\\Users\\cristian\\Desktop\\RuteAI\\apps\\core\\src\\lib\\swagger.ts","statementMap":{"0":{"start":{"line":3,"column":13},"end":{"line":269,"column":2}}},"fnMap":{},"branchMap":{},"s":{"0":0},"f":{},"b":{}}
,"C:\\Users\\cristian\\Desktop\\RuteAI\\apps\\core\\src\\middlewares\\auth.middleware.ts": {"path":"C:\\Users\\cristian\\Desktop\\RuteAI\\apps\\core\\src\\middlewares\\auth.middleware.ts","statementMap":{"0":{"start":{"line":39,"column":0},"end":{"line":39,"column":7}},"1":{"start":{"line":87,"column":0},"end":{"line":87,"column":16}},"2":{"start":{"line":2,"column":0},"end":{"line":2,"column":39}},"3":{"start":{"line":20,"column":25},"end":{"line":23,"column":30}},"4":{"start":{"line":40,"column":2},"end":{"line":84,"column":3}},"5":{"start":{"line":41,"column":23},"end":{"line":41,"column":48}},"6":{"start":{"line":42,"column":4},"end":{"line":46,"column":5}},"7":{"start":{"line":43,"column":6},"end":{"line":43,"column":56}},"8":{"start":{"line":44,"column":6},"end":{"line":44,"column":89}},"9":{"start":{"line":45,"column":6},"end":{"line":45,"column":13}},"10":{"start":{"line":49,"column":21},"end":{"line":55,"column":6}},"11":{"start":{"line":57,"column":4},"end":{"line":61,"column":5}},"12":{"start":{"line":58,"column":6},"end":{"line":58,"column":68}},"13":{"start":{"line":59,"column":6},"end":{"line":59,"column":83}},"14":{"start":{"line":60,"column":6},"end":{"line":60,"column":13}},"15":{"start":{"line":63,"column":17},"end":{"line":63,"column":56}},"16":{"start":{"line":64,"column":4},"end":{"line":68,"column":5}},"17":{"start":{"line":65,"column":6},"end":{"line":65,"column":74}},"18":{"start":{"line":66,"column":6},"end":{"line":66,"column":72}},"19":{"start":{"line":67,"column":6},"end":{"line":67,"column":13}},"20":{"start":{"line":71,"column":4},"end":{"line":71,"column":33}},"21":{"start":{"line":73,"column":4},"end":{"line":78,"column":7}},"22":{"start":{"line":80,"column":4},"end":{"line":80,"column":11}},"23":{"start":{"line":82,"column":4},"end":{"line":82,"column":63}},"24":{"start":{"line":83,"column":4},"end":{"line":83,"column":81}},"25":{"start":{"line":88,"column":2},"end":{"line":98,"column":4}},"26":{"start":{"line":89,"column":4},"end":{"line":92,"column":5}},"27":{"start":{"line":90,"column":6},"end":{"line":90,"column":71}},"28":{"start":{"line":91,"column":6},"end":{"line":91,"column":13}},"29":{"start":{"line":93,"column":4},"end":{"line":96,"column":5}},"30":{"start":{"line":94,"column":6},"end":{"line":94,"column":92}},"31":{"start":{"line":95,"column":6},"end":{"line":95,"column":13}},"32":{"start":{"line":97,"column":4},"end":{"line":97,"column":11}}},"fnMap":{"0":{"name":"requireAuth","decl":{"start":{"line":39,"column":22},"end":{"line":39,"column":33}},"loc":{"start":{"line":39,"column":81},"end":{"line":85,"column":1}}},"1":{"name":"requireRole","decl":{"start":{"line":87,"column":16},"end":{"line":87,"column":27}},"loc":{"start":{"line":87,"column":50},"end":{"line":99,"column":1}}},"2":{"name":"(anonymous_2)","decl":{"start":{"line":88,"column":9},"end":{"line":88,"column":10}},"loc":{"start":{"line":88,"column":67},"end":{"line":98,"column":3}}}},"branchMap":{"0":{"loc":{"start":{"line":20,"column":25},"end":{"line":23,"column":30}},"type":"binary-expr","locations":[{"start":{"line":20,"column":25},"end":{"line":20,"column":53}},{"start":{"line":21,"column":3},"end":{"line":23,"column":29}}]},"1":{"loc":{"start":{"line":21,"column":3},"end":{"line":23,"column":29}},"type":"cond-expr","locations":[{"start":{"line":22,"column":6},"end":{"line":22,"column":38}},{"start":{"line":23,"column":6},"end":{"line":23,"column":29}}]},"2":{"loc":{"start":{"line":42,"column":4},"end":{"line":46,"column":5}},"type":"if","locations":[{"start":{"line":42,"column":4},"end":{"line":46,"column":5}}]},"3":{"loc":{"start":{"line":42,"column":8},"end":{"line":42,"column":56}},"type":"binary-expr","locations":[{"start":{"line":42,"column":8},"end":{"line":42,"column":19}},{"start":{"line":42,"column":23},"end":{"line":42,"column":56}}]},"4":{"loc":{"start":{"line":57,"column":4},"end":{"line":61,"column":5}},"type":"if","locations":[{"start":{"line":57,"column":4},"end":{"line":61,"column":5}}]},"5":{"loc":{"start":{"line":64,"column":4},"end":{"line":68,"column":5}},"type":"if","locations":[{"start":{"line":64,"column":4},"end":{"line":68,"column":5}}]},"6":{"loc":{"start":{"line":64,"column":8},"end":{"line":64,"column":44}},"type":"binary-expr","locations":[{"start":{"line":64,"column":8},"end":{"line":64,"column":21}},{"start":{"line":64,"column":25},"end":{"line":64,"column":44}}]},"7":{"loc":{"start":{"line":89,"column":4},"end":{"line":92,"column":5}},"type":"if","locations":[{"start":{"line":89,"column":4},"end":{"line":92,"column":5}}]},"8":{"loc":{"start":{"line":93,"column":4},"end":{"line":96,"column":5}},"type":"if","locations":[{"start":{"line":93,"column":4},"end":{"line":96,"column":5}}]}},"s":{"0":0,"1":0,"2":0,"3":0,"4":0,"5":0,"6":0,"7":0,"8":0,"9":0,"10":0,"11":0,"12":0,"13":0,"14":0,"15":0,"16":0,"17":0,"18":0,"19":0,"20":0,"21":0,"22":0,"23":0,"24":0,"25":0,"26":0,"27":0,"28":0,"29":0,"30":0,"31":0,"32":0},"f":{"0":0,"1":0,"2":0},"b":{"0":[0,0],"1":[0,0],"2":[0],"3":[0,0],"4":[0],"5":[0],"6":[0,0],"7":[0],"8":[0]}}
,"C:\\Users\\cristian\\Desktop\\RuteAI\\apps\\core\\src\\middlewares\\rate-limit.middleware.ts": {"path":"C:\\Users\\cristian\\Desktop\\RuteAI\\apps\\core\\src\\middlewares\\rate-limit.middleware.ts","statementMap":{"0":{"start":{"line":24,"column":0},"end":{"line":24,"column":16}},"1":{"start":{"line":2,"column":0},"end":{"line":2,"column":39}},"2":{"start":{"line":4,"column":18},"end":{"line":4,"column":32}},"3":{"start":{"line":5,"column":18},"end":{"line":5,"column":21}},"4":{"start":{"line":12,"column":14},"end":{"line":12,"column":46}},"5":{"start":{"line":15,"column":0},"end":{"line":22,"column":14}},"6":{"start":{"line":16,"column":14},"end":{"line":16,"column":24}},"7":{"start":{"line":17,"column":2},"end":{"line":21,"column":3}},"8":{"start":{"line":18,"column":4},"end":{"line":20,"column":5}},"9":{"start":{"line":19,"column":6},"end":{"line":19,"column":23}},"10":{"start":{"line":25,"column":13},"end":{"line":25,"column":60}},"11":{"start":{"line":26,"column":14},"end":{"line":26,"column":24}},"12":{"start":{"line":28,"column":17},"end":{"line":28,"column":30}},"13":{"start":{"line":30,"column":2},"end":{"line":40,"column":3}},"14":{"start":{"line":31,"column":4},"end":{"line":34,"column":7}},"15":{"start":{"line":35,"column":4},"end":{"line":35,"column":50}},"16":{"start":{"line":36,"column":4},"end":{"line":36,"column":58}},"17":{"start":{"line":37,"column":4},"end":{"line":37,"column":76}},"18":{"start":{"line":38,"column":4},"end":{"line":38,"column":11}},"19":{"start":{"line":39,"column":4},"end":{"line":39,"column":11}},"20":{"start":{"line":42,"column":2},"end":{"line":52,"column":3}},"21":{"start":{"line":43,"column":4},"end":{"line":43,"column":75}},"22":{"start":{"line":44,"column":4},"end":{"line":44,"column":50}},"23":{"start":{"line":45,"column":4},"end":{"line":45,"column":46}},"24":{"start":{"line":46,"column":4},"end":{"line":46,"column":75}},"25":{"start":{"line":47,"column":4},"end":{"line":50,"column":7}},"26":{"start":{"line":51,"column":4},"end":{"line":51,"column":11}},"27":{"start":{"line":54,"column":2},"end":{"line":54,"column":20}},"28":{"start":{"line":55,"column":2},"end":{"line":55,"column":48}},"29":{"start":{"line":56,"column":2},"end":{"line":56,"column":67}},"30":{"start":{"line":57,"column":2},"end":{"line":57,"column":73}},"31":{"start":{"line":58,"column":2},"end":{"line":58,"column":9}}},"fnMap":{"0":{"name":"(anonymous_0)","decl":{"start":{"line":15,"column":12},"end":{"line":15,"column":15}},"loc":{"start":{"line":15,"column":17},"end":{"line":22,"column":1}}},"1":{"name":"rateLimiter","decl":{"start":{"line":24,"column":16},"end":{"line":24,"column":27}},"loc":{"start":{"line":24,"column":75},"end":{"line":59,"column":1}}}},"branchMap":{"0":{"loc":{"start":{"line":18,"column":4},"end":{"line":20,"column":5}},"type":"if","locations":[{"start":{"line":18,"column":4},"end":{"line":20,"column":5}}]},"1":{"loc":{"start":{"line":25,"column":13},"end":{"line":25,"column":60}},"type":"binary-expr","locations":[{"start":{"line":25,"column":13},"end":{"line":25,"column":19}},{"start":{"line":25,"column":23},"end":{"line":25,"column":47}},{"start":{"line":25,"column":51},"end":{"line":25,"column":60}}]},"2":{"loc":{"start":{"line":30,"column":2},"end":{"line":40,"column":3}},"type":"if","locations":[{"start":{"line":30,"column":2},"end":{"line":40,"column":3}}]},"3":{"loc":{"start":{"line":30,"column":6},"end":{"line":30,"column":39}},"type":"binary-expr","locations":[{"start":{"line":30,"column":6},"end":{"line":30,"column":13}},{"start":{"line":30,"column":17},"end":{"line":30,"column":39}}]},"4":{"loc":{"start":{"line":42,"column":2},"end":{"line":52,"column":3}},"type":"if","locations":[{"start":{"line":42,"column":2},"end":{"line":52,"column":3}}]}},"s":{"0":0,"1":0,"2":0,"3":0,"4":0,"5":0,"6":0,"7":0,"8":0,"9":0,"10":0,"11":0,"12":0,"13":0,"14":0,"15":0,"16":0,"17":0,"18":0,"19":0,"20":0,"21":0,"22":0,"23":0,"24":0,"25":0,"26":0,"27":0,"28":0,"29":0,"30":0,"31":0},"f":{"0":0,"1":0},"b":{"0":[0],"1":[0,0,0],"2":[0],"3":[0,0],"4":[0]}}
}
