TN:
SF:src\lib\logger.ts
FN:2,(anonymous_0)
FN:13,(anonymous_1)
FN:24,(anonymous_2)
FNF:3
FNH:3
FNDA:3,(anonymous_0)
FNDA:1,(anonymous_1)
FNDA:3,(anonymous_2)
DA:1,1
DA:3,3
DA:14,1
DA:25,3
LF:4
LH:4
BRDA:29,0,0,2
BRDA:29,0,1,1
BRDA:30,1,0,2
BRDA:30,1,1,1
BRF:4
BRH:4
end_of_record
TN:
SF:src\lib\prisma.ts
FNF:0
FNH:0
DA:1,0
DA:3,0
DA:5,0
DA:7,0
DA:8,0
DA:11,0
LF:6
LH:0
BRDA:5,0,0,0
BRDA:5,0,1,0
BRDA:7,1,0,0
BRF:3
BRH:0
end_of_record
TN:
SF:src\lib\swagger.ts
FNF:0
FNH:0
DA:3,0
LF:1
LH:0
BRF:0
BRH:0
end_of_record
TN:
SF:src\middlewares\auth.middleware.ts
FN:39,requireAuth
FN:87,requireRole
FN:88,(anonymous_2)
FNF:3
FNH:0
FNDA:0,requireAuth
FNDA:0,requireRole
FNDA:0,(anonymous_2)
DA:2,0
DA:20,0
DA:39,0
DA:40,0
DA:41,0
DA:42,0
DA:43,0
DA:44,0
DA:45,0
DA:49,0
DA:57,0
DA:58,0
DA:59,0
DA:60,0
DA:63,0
DA:64,0
DA:65,0
DA:66,0
DA:67,0
DA:71,0
DA:73,0
DA:80,0
DA:82,0
DA:83,0
DA:87,0
DA:88,0
DA:89,0
DA:90,0
DA:91,0
DA:93,0
DA:94,0
DA:95,0
DA:97,0
LF:33
LH:0
BRDA:20,0,0,0
BRDA:20,0,1,0
BRDA:21,1,0,0
BRDA:21,1,1,0
BRDA:42,2,0,0
BRDA:42,3,0,0
BRDA:42,3,1,0
BRDA:57,4,0,0
BRDA:64,5,0,0
BRDA:64,6,0,0
BRDA:64,6,1,0
BRDA:89,7,0,0
BRDA:93,8,0,0
BRF:13
BRH:0
end_of_record
TN:
SF:src\middlewares\rate-limit.middleware.ts
FN:15,(anonymous_0)
FN:24,rateLimiter
FNF:2
FNH:0
FNDA:0,(anonymous_0)
FNDA:0,rateLimiter
DA:2,0
DA:4,0
DA:5,0
DA:12,0
DA:15,0
DA:16,0
DA:17,0
DA:18,0
DA:19,0
DA:24,0
DA:25,0
DA:26,0
DA:28,0
DA:30,0
DA:31,0
DA:35,0
DA:36,0
DA:37,0
DA:38,0
DA:39,0
DA:42,0
DA:43,0
DA:44,0
DA:45,0
DA:46,0
DA:47,0
DA:51,0
DA:54,0
DA:55,0
DA:56,0
DA:57,0
DA:58,0
LF:32
LH:0
BRDA:18,0,0,0
BRDA:25,1,0,0
BRDA:25,1,1,0
BRDA:25,1,2,0
BRDA:30,2,0,0
BRDA:30,3,0,0
BRDA:30,3,1,0
BRDA:42,4,0,0
BRF:8
BRH:0
end_of_record
